{"numTotalTestSuites":113,"numPassedTestSuites":113,"numFailedTestSuites":0,"numPendingTestSuites":0,"numTotalTests":211,"numPassedTests":211,"numFailedTests":0,"numPendingTests":0,"numTodoTests":0,"snapshot":{"added":0,"failure":false,"filesAdded":0,"filesRemoved":0,"filesRemovedList":[],"filesUnmatched":0,"filesUpdated":0,"matched":0,"total":0,"unchecked":0,"uncheckedKeysByFile":[],"unmatched":0,"updated":0,"didUpdate":false},"startTime":1765775048717,"success":true,"testResults":[{"assertionResults":[{"ancestorTitles":["Store Integration Tests","Authentication Flow"],"fullName":"Store Integration Tests Authentication Flow should set authenticated state directly","status":"passed","title":"should set authenticated state directly","duration":4.02433300000007,"failureMessages":[],"meta":{}},{"ancestorTitles":["Store Integration Tests","Authentication Flow"],"fullName":"Store Integration Tests Authentication Flow should clear auth state when user logs out","status":"passed","title":"should clear auth state when user logs out","duration":0.5009999999999764,"failureMessages":[],"meta":{}},{"ancestorTitles":["Store Integration Tests","Store Initialization"],"fullName":"Store Integration Tests Store Initialization should initialize calories store with default state","status":"passed","title":"should initialize calories store with default state","duration":0.5570829999999205,"failureMessages":[],"meta":{}},{"ancestorTitles":["Store Integration Tests","Store Initialization"],"fullName":"Store Integration Tests Store Initialization should initialize weight store with default state","status":"passed","title":"should initialize weight store with default state","duration":0.36479099999996834,"failureMessages":[],"meta":{}},{"ancestorTitles":["Store Integration Tests","Notification Integration"],"fullName":"Store Integration Tests Notification Integration should initialize fasting store","status":"passed","title":"should initialize fasting store","duration":0.6056250000001455,"failureMessages":[],"meta":{}},{"ancestorTitles":["Store Integration Tests","Notification Integration"],"fullName":"Store Integration Tests Notification Integration should access notification preferences","status":"passed","title":"should access notification preferences","duration":0.2519170000000486,"failureMessages":[],"meta":{}},{"ancestorTitles":["Store Integration Tests","Error Handling"],"fullName":"Store Integration Tests Error Handling should track error state in auth store","status":"passed","title":"should track error state in auth store","duration":0.3148750000000291,"failureMessages":[],"meta":{}},{"ancestorTitles":["Store Integration Tests","Error Handling"],"fullName":"Store Integration Tests Error Handling should have loading state management in calories store","status":"passed","title":"should have loading state management in calories store","duration":0.3030420000000049,"failureMessages":[],"meta":{}},{"ancestorTitles":["Store Integration Tests","Store Relationships"],"fullName":"Store Integration Tests Store Relationships should allow independent store access","status":"passed","title":"should allow independent store access","duration":0.5051659999999174,"failureMessages":[],"meta":{}},{"ancestorTitles":["Store Integration Tests","Store Relationships"],"fullName":"Store Integration Tests Store Relationships should maintain separate state across stores","status":"passed","title":"should maintain separate state across stores","duration":0.32854199999997036,"failureMessages":[],"meta":{}}],"startTime":1765775050388,"endTime":1765775050396.3286,"status":"passed","message":"","name":"/Users/cronus/Dev/fast-track/frontend/test/integration/StoreIntegration.test.js"},{"assertionResults":[{"ancestorTitles":["Auth Service","register"],"fullName":"Auth Service register should register a new user successfully","status":"passed","title":"should register a new user successfully","duration":1.8589590000000271,"failureMessages":[],"meta":{}},{"ancestorTitles":["Auth Service","register"],"fullName":"Auth Service register should handle registration errors","status":"passed","title":"should handle registration errors","duration":1.2135829999999714,"failureMessages":[],"meta":{}},{"ancestorTitles":["Auth Service","login"],"fullName":"Auth Service login should login user successfully","status":"passed","title":"should login user successfully","duration":0.397542000000044,"failureMessages":[],"meta":{}},{"ancestorTitles":["Auth Service","login"],"fullName":"Auth Service login should handle login errors","status":"passed","title":"should handle login errors","duration":0.20445799999993142,"failureMessages":[],"meta":{}},{"ancestorTitles":["Auth Service","logout"],"fullName":"Auth Service logout should logout user successfully","status":"passed","title":"should logout user successfully","duration":0.1846659999999929,"failureMessages":[],"meta":{}},{"ancestorTitles":["Auth Service","logout"],"fullName":"Auth Service logout should handle logout errors","status":"passed","title":"should handle logout errors","duration":0.18524999999999636,"failureMessages":[],"meta":{}},{"ancestorTitles":["Auth Service","getCurrentUser"],"fullName":"Auth Service getCurrentUser should get current user successfully","status":"passed","title":"should get current user successfully","duration":0.14495799999997416,"failureMessages":[],"meta":{}},{"ancestorTitles":["Auth Service","getCurrentUser"],"fullName":"Auth Service getCurrentUser should return null on error","status":"passed","title":"should return null on error","duration":0.17079100000000835,"failureMessages":[],"meta":{}},{"ancestorTitles":["Auth Service","isLoggedIn"],"fullName":"Auth Service isLoggedIn should return true when user is logged in","status":"passed","title":"should return true when user is logged in","duration":0.13649999999995543,"failureMessages":[],"meta":{}},{"ancestorTitles":["Auth Service","isLoggedIn"],"fullName":"Auth Service isLoggedIn should return false when user is not logged in","status":"passed","title":"should return false when user is not logged in","duration":0.13045899999997346,"failureMessages":[],"meta":{}},{"ancestorTitles":["Auth Service","updatePreferences"],"fullName":"Auth Service updatePreferences should update user preferences successfully","status":"passed","title":"should update user preferences successfully","duration":0.5424580000000105,"failureMessages":[],"meta":{}},{"ancestorTitles":["Auth Service","updatePreferences"],"fullName":"Auth Service updatePreferences should handle update preferences errors","status":"passed","title":"should handle update preferences errors","duration":0.31979200000000674,"failureMessages":[],"meta":{}}],"startTime":1765775050993,"endTime":1765775050998.5425,"status":"passed","message":"","name":"/Users/cronus/Dev/fast-track/frontend/test/services/auth.test.js"},{"assertionResults":[{"ancestorTitles":["Notification Service","Constructor and Support Check"],"fullName":"Notification Service Constructor and Support Check should check notification support on construction","status":"passed","title":"should check notification support on construction","duration":1.2520409999999629,"failureMessages":[],"meta":{}},{"ancestorTitles":["Notification Service","Constructor and Support Check"],"fullName":"Notification Service Constructor and Support Check should detect when notifications are not supported","status":"passed","title":"should detect when notifications are not supported","duration":0.3157090000001972,"failureMessages":[],"meta":{}},{"ancestorTitles":["Notification Service","Constructor and Support Check"],"fullName":"Notification Service Constructor and Support Check should initialize with default permission","status":"passed","title":"should initialize with default permission","duration":0.5150830000000042,"failureMessages":[],"meta":{}},{"ancestorTitles":["Notification Service","Constructor and Support Check"],"fullName":"Notification Service Constructor and Support Check should have empty scheduled notifications map","status":"passed","title":"should have empty scheduled notifications map","duration":0.854082999999946,"failureMessages":[],"meta":{}},{"ancestorTitles":["Notification Service","_checkNotificationSupport"],"fullName":"Notification Service _checkNotificationSupport should return false when window is undefined","status":"passed","title":"should return false when window is undefined","duration":0.5971660000000156,"failureMessages":[],"meta":{}},{"ancestorTitles":["Notification Service","_checkNotificationSupport"],"fullName":"Notification Service _checkNotificationSupport should return false when Notification is not in window","status":"passed","title":"should return false when Notification is not in window","duration":0.7397499999999582,"failureMessages":[],"meta":{}},{"ancestorTitles":["Notification Service","_checkNotificationSupport"],"fullName":"Notification Service _checkNotificationSupport should return false when Notification is not a function","status":"passed","title":"should return false when Notification is not a function","duration":0.3530000000000655,"failureMessages":[],"meta":{}},{"ancestorTitles":["Notification Service","_checkNotificationSupport"],"fullName":"Notification Service _checkNotificationSupport should return false when requestPermission is not a function","status":"passed","title":"should return false when requestPermission is not a function","duration":0.41904199999999037,"failureMessages":[],"meta":{}},{"ancestorTitles":["Notification Service","_checkNotificationSupport"],"fullName":"Notification Service _checkNotificationSupport should return true when all requirements are met","status":"passed","title":"should return true when all requirements are met","duration":0.7546249999998054,"failureMessages":[],"meta":{}},{"ancestorTitles":["Notification Service","requestPermission"],"fullName":"Notification Service requestPermission should request permission and return true on grant","status":"passed","title":"should request permission and return true on grant","duration":0.5518750000001091,"failureMessages":[],"meta":{}},{"ancestorTitles":["Notification Service","requestPermission"],"fullName":"Notification Service requestPermission should return false on denial","status":"passed","title":"should return false on denial","duration":0.3357499999999618,"failureMessages":[],"meta":{}},{"ancestorTitles":["Notification Service","requestPermission"],"fullName":"Notification Service requestPermission should throw error when not supported","status":"passed","title":"should throw error when not supported","duration":2.476374999999962,"failureMessages":[],"meta":{}},{"ancestorTitles":["Notification Service","isEnabled"],"fullName":"Notification Service isEnabled should return true when permission is granted","status":"passed","title":"should return true when permission is granted","duration":0.195084000000179,"failureMessages":[],"meta":{}},{"ancestorTitles":["Notification Service","isEnabled"],"fullName":"Notification Service isEnabled should return false when permission is not granted","status":"passed","title":"should return false when permission is not granted","duration":2.0081250000000637,"failureMessages":[],"meta":{}},{"ancestorTitles":["Notification Service","recheckSupport"],"fullName":"Notification Service recheckSupport should re-check and update support status","status":"passed","title":"should re-check and update support status","duration":0.837833000000046,"failureMessages":[],"meta":{}},{"ancestorTitles":["Notification Service","recheckSupport"],"fullName":"Notification Service recheckSupport should update permission when newly supported","status":"passed","title":"should update permission when newly supported","duration":0.5395409999998719,"failureMessages":[],"meta":{}},{"ancestorTitles":["Notification Service","showNotification"],"fullName":"Notification Service showNotification should return false when not enabled","status":"passed","title":"should return false when not enabled","duration":1.7435829999999441,"failureMessages":[],"meta":{}},{"ancestorTitles":["Notification Service","showNotification"],"fullName":"Notification Service showNotification should create browser notification when no service worker","status":"passed","title":"should create browser notification when no service worker","duration":8.777540999999928,"failureMessages":[],"meta":{}},{"ancestorTitles":["Notification Service","showNotification"],"fullName":"Notification Service showNotification should use service worker when available","status":"passed","title":"should use service worker when available","duration":0.7852499999999054,"failureMessages":[],"meta":{}},{"ancestorTitles":["Notification Service","showNotification"],"fullName":"Notification Service showNotification should remove actions for browser notifications","status":"passed","title":"should remove actions for browser notifications","duration":4.4590830000001915,"failureMessages":[],"meta":{}},{"ancestorTitles":["Notification Service","showNotification"],"fullName":"Notification Service showNotification should handle notification errors gracefully","status":"passed","title":"should handle notification errors gracefully","duration":0.38570800000002237,"failureMessages":[],"meta":{}},{"ancestorTitles":["Notification Service","scheduleNotification"],"fullName":"Notification Service scheduleNotification should show immediately if scheduled time has passed","status":"passed","title":"should show immediately if scheduled time has passed","duration":0.4582919999998012,"failureMessages":[],"meta":{}},{"ancestorTitles":["Notification Service","scheduleNotification"],"fullName":"Notification Service scheduleNotification should schedule notification for future time","status":"passed","title":"should schedule notification for future time","duration":2.2380000000000564,"failureMessages":[],"meta":{}},{"ancestorTitles":["Notification Service","scheduleNotification"],"fullName":"Notification Service scheduleNotification should cancel existing notification with same ID","status":"passed","title":"should cancel existing notification with same ID","duration":0.8234169999998358,"failureMessages":[],"meta":{}},{"ancestorTitles":["Notification Service","scheduleNotification"],"fullName":"Notification Service scheduleNotification should save to localStorage","status":"passed","title":"should save to localStorage","duration":1.3026660000000447,"failureMessages":[],"meta":{}},{"ancestorTitles":["Notification Service","cancelScheduledNotification"],"fullName":"Notification Service cancelScheduledNotification should cancel a scheduled notification","status":"passed","title":"should cancel a scheduled notification","duration":0.6933330000001661,"failureMessages":[],"meta":{}},{"ancestorTitles":["Notification Service","cancelScheduledNotification"],"fullName":"Notification Service cancelScheduledNotification should return false for non-existent notification","status":"passed","title":"should return false for non-existent notification","duration":0.48154199999999037,"failureMessages":[],"meta":{}},{"ancestorTitles":["Notification Service","getScheduledNotifications"],"fullName":"Notification Service getScheduledNotifications should return array of scheduled notifications","status":"passed","title":"should return array of scheduled notifications","duration":2.212291999999934,"failureMessages":[],"meta":{}},{"ancestorTitles":["Notification Service","clearAllScheduledNotifications"],"fullName":"Notification Service clearAllScheduledNotifications should clear all scheduled notifications","status":"passed","title":"should clear all scheduled notifications","duration":0.28074999999989814,"failureMessages":[],"meta":{}},{"ancestorTitles":["Notification Service","Fasting Notifications"],"fullName":"Notification Service Fasting Notifications should show fasting start notification","status":"passed","title":"should show fasting start notification","duration":1.0291669999999158,"failureMessages":[],"meta":{}},{"ancestorTitles":["Notification Service","Fasting Notifications"],"fullName":"Notification Service Fasting Notifications should show fasting end notification","status":"passed","title":"should show fasting end notification","duration":0.25299999999992906,"failureMessages":[],"meta":{}},{"ancestorTitles":["Notification Service","Fasting Notifications"],"fullName":"Notification Service Fasting Notifications should show fasting progress notification","status":"passed","title":"should show fasting progress notification","duration":0.7616669999999885,"failureMessages":[],"meta":{}},{"ancestorTitles":["Notification Service","scheduleFastingReminders"],"fullName":"Notification Service scheduleFastingReminders should schedule all fasting reminders","status":"passed","title":"should schedule all fasting reminders","duration":0.39704200000005585,"failureMessages":[],"meta":{}},{"ancestorTitles":["Notification Service","scheduleFastingReminders"],"fullName":"Notification Service scheduleFastingReminders should handle start time in the past for progress notifications","status":"passed","title":"should handle start time in the past for progress notifications","duration":0.23391600000013568,"failureMessages":[],"meta":{}},{"ancestorTitles":["Notification Service","Meal Notifications"],"fullName":"Notification Service Meal Notifications should show meal reminder notification","status":"passed","title":"should show meal reminder notification","duration":0.25587500000006,"failureMessages":[],"meta":{}},{"ancestorTitles":["Notification Service","scheduleDailyMealReminders"],"fullName":"Notification Service scheduleDailyMealReminders should schedule meal reminders for provided times","status":"passed","title":"should schedule meal reminders for provided times","duration":0.17849999999998545,"failureMessages":[],"meta":{}},{"ancestorTitles":["Notification Service","scheduleDailyMealReminders"],"fullName":"Notification Service scheduleDailyMealReminders should handle invalid input gracefully","status":"passed","title":"should handle invalid input gracefully","duration":0.18499999999994543,"failureMessages":[],"meta":{}},{"ancestorTitles":["Notification Service","formatDuration"],"fullName":"Notification Service formatDuration should format hours correctly","status":"passed","title":"should format hours correctly","duration":0.07941600000003746,"failureMessages":[],"meta":{}},{"ancestorTitles":["Notification Service","formatDuration"],"fullName":"Notification Service formatDuration should format minutes when less than 1 hour","status":"passed","title":"should format minutes when less than 1 hour","duration":0.07424999999989268,"failureMessages":[],"meta":{}},{"ancestorTitles":["Notification Service","Persistence"],"fullName":"Notification Service Persistence should save scheduled notifications to localStorage","status":"passed","title":"should save scheduled notifications to localStorage","duration":0.1362500000000182,"failureMessages":[],"meta":{}},{"ancestorTitles":["Notification Service","Persistence"],"fullName":"Notification Service Persistence should load and reschedule notifications from localStorage","status":"passed","title":"should load and reschedule notifications from localStorage","duration":0.12479100000018661,"failureMessages":[],"meta":{}},{"ancestorTitles":["Notification Service","Persistence"],"fullName":"Notification Service Persistence should not reschedule expired notifications","status":"passed","title":"should not reschedule expired notifications","duration":0.1015420000001086,"failureMessages":[],"meta":{}},{"ancestorTitles":["Notification Service","Persistence"],"fullName":"Notification Service Persistence should handle corrupted localStorage data","status":"passed","title":"should handle corrupted localStorage data","duration":0.11116700000002311,"failureMessages":[],"meta":{}}],"startTime":1765775050321,"endTime":1765775050364.111,"status":"passed","message":"","name":"/Users/cronus/Dev/fast-track/frontend/test/services/notifications.test.js"},{"assertionResults":[{"ancestorTitles":["Auth Store","Initial State"],"fullName":"Auth Store Initial State should have correct initial state","status":"passed","title":"should have correct initial state","duration":3.324583999999959,"failureMessages":[],"meta":{}},{"ancestorTitles":["Auth Store","Getters"],"fullName":"Auth Store Getters should return correct userId","status":"passed","title":"should return correct userId","duration":0.7583750000001146,"failureMessages":[],"meta":{}},{"ancestorTitles":["Auth Store","Getters"],"fullName":"Auth Store Getters should return userEmail","status":"passed","title":"should return userEmail","duration":0.7247500000000855,"failureMessages":[],"meta":{}},{"ancestorTitles":["Auth Store","Getters"],"fullName":"Auth Store Getters should return userName","status":"passed","title":"should return userName","duration":0.2562089999998989,"failureMessages":[],"meta":{}},{"ancestorTitles":["Auth Store","Getters"],"fullName":"Auth Store Getters should return default userId when no user","status":"passed","title":"should return default userId when no user","duration":0.35312500000009095,"failureMessages":[],"meta":{}},{"ancestorTitles":["Auth Store","Getters"],"fullName":"Auth Store Getters should return userPreferences","status":"passed","title":"should return userPreferences","duration":0.5622080000000551,"failureMessages":[],"meta":{}},{"ancestorTitles":["Auth Store","initAuth"],"fullName":"Auth Store initAuth should initialize with offline user from localStorage","status":"passed","title":"should initialize with offline user from localStorage","duration":0.7517920000000231,"failureMessages":[],"meta":{}},{"ancestorTitles":["Auth Store","initAuth"],"fullName":"Auth Store initAuth should handle no stored user","status":"passed","title":"should handle no stored user","duration":0.2509580000000824,"failureMessages":[],"meta":{}},{"ancestorTitles":["Auth Store","register"],"fullName":"Auth Store register should register user in offline mode when Appwrite fails","status":"passed","title":"should register user in offline mode when Appwrite fails","duration":1.3658750000001874,"failureMessages":[],"meta":{}},{"ancestorTitles":["Auth Store","register"],"fullName":"Auth Store register should handle registration errors","status":"passed","title":"should handle registration errors","duration":0.383542000000034,"failureMessages":[],"meta":{}},{"ancestorTitles":["Auth Store","login"],"fullName":"Auth Store login should login with offline credentials when Appwrite fails","status":"passed","title":"should login with offline credentials when Appwrite fails","duration":0.2836250000000291,"failureMessages":[],"meta":{}},{"ancestorTitles":["Auth Store","login"],"fullName":"Auth Store login should reject invalid offline credentials","status":"passed","title":"should reject invalid offline credentials","duration":1.7462500000001455,"failureMessages":[],"meta":{}},{"ancestorTitles":["Auth Store","login"],"fullName":"Auth Store login should reject login with non-matching email","status":"passed","title":"should reject login with non-matching email","duration":0.634499999999889,"failureMessages":[],"meta":{}},{"ancestorTitles":["Auth Store","login"],"fullName":"Auth Store login should handle login when no offline user exists","status":"passed","title":"should handle login when no offline user exists","duration":1.1782920000000559,"failureMessages":[],"meta":{}},{"ancestorTitles":["Auth Store","login"],"fullName":"Auth Store login should login successfully with Appwrite when available","status":"passed","title":"should login successfully with Appwrite when available","duration":1.6417080000001079,"failureMessages":[],"meta":{}},{"ancestorTitles":["Auth Store","error handling"],"fullName":"Auth Store error handling should set loading state correctly during async operations","status":"passed","title":"should set loading state correctly during async operations","duration":3.3158750000000055,"failureMessages":[],"meta":{}},{"ancestorTitles":["Auth Store","error handling"],"fullName":"Auth Store error handling should clear errors properly","status":"passed","title":"should clear errors properly","duration":0.5214160000000447,"failureMessages":[],"meta":{}}],"startTime":1765775050319,"endTime":1765775050337.5215,"status":"passed","message":"","name":"/Users/cronus/Dev/fast-track/frontend/test/stores/auth.test.js"},{"assertionResults":[{"ancestorTitles":["Calories Store","Initial State"],"fullName":"Calories Store Initial State should have correct initial state","status":"passed","title":"should have correct initial state","duration":10.862457999999833,"failureMessages":[],"meta":{}},{"ancestorTitles":["Calories Store","Getters"],"fullName":"Calories Store Getters should get meals by date correctly","status":"passed","title":"should get meals by date correctly","duration":3.2959169999999176,"failureMessages":[],"meta":{}},{"ancestorTitles":["Calories Store","Getters"],"fullName":"Calories Store Getters should calculate calories by date correctly","status":"passed","title":"should calculate calories by date correctly","duration":1.224917000000005,"failureMessages":[],"meta":{}},{"ancestorTitles":["Calories Store","Getters"],"fullName":"Calories Store Getters should calculate weekly calories correctly","status":"passed","title":"should calculate weekly calories correctly","duration":1.925666000000092,"failureMessages":[],"meta":{}},{"ancestorTitles":["Calories Store","Actions","loadMeals"],"fullName":"Calories Store Actions loadMeals should load meals from offline storage","status":"passed","title":"should load meals from offline storage","duration":2.036000000000058,"failureMessages":[],"meta":{}},{"ancestorTitles":["Calories Store","Actions","loadMeals"],"fullName":"Calories Store Actions loadMeals should handle loading errors","status":"passed","title":"should handle loading errors","duration":0.41733399999998255,"failureMessages":[],"meta":{}},{"ancestorTitles":["Calories Store","Actions","addMeal"],"fullName":"Calories Store Actions addMeal should add a meal successfully","status":"passed","title":"should add a meal successfully","duration":3.314791000000014,"failureMessages":[],"meta":{}},{"ancestorTitles":["Calories Store","Actions","addMeal"],"fullName":"Calories Store Actions addMeal should handle adding meal with no notes","status":"passed","title":"should handle adding meal with no notes","duration":0.49612500000012005,"failureMessages":[],"meta":{}},{"ancestorTitles":["Calories Store","Actions","addMeal"],"fullName":"Calories Store Actions addMeal should handle add meal errors","status":"passed","title":"should handle add meal errors","duration":1.994166999999834,"failureMessages":[],"meta":{}},{"ancestorTitles":["Calories Store","Actions","updateMeal"],"fullName":"Calories Store Actions updateMeal should update a meal successfully","status":"passed","title":"should update a meal successfully","duration":0.5329589999998916,"failureMessages":[],"meta":{}},{"ancestorTitles":["Calories Store","Actions","updateMeal"],"fullName":"Calories Store Actions updateMeal should handle update meal errors","status":"passed","title":"should handle update meal errors","duration":0.33637500000008913,"failureMessages":[],"meta":{}},{"ancestorTitles":["Calories Store","Actions","deleteMeal"],"fullName":"Calories Store Actions deleteMeal should delete a meal successfully","status":"passed","title":"should delete a meal successfully","duration":0.30012499999998,"failureMessages":[],"meta":{}},{"ancestorTitles":["Calories Store","Actions","deleteMeal"],"fullName":"Calories Store Actions deleteMeal should handle delete meal errors","status":"passed","title":"should handle delete meal errors","duration":0.23025000000006912,"failureMessages":[],"meta":{}},{"ancestorTitles":["Calories Store","Actions","updateTodaysData"],"fullName":"Calories Store Actions updateTodaysData should update todays meals and calories","status":"passed","title":"should update todays meals and calories","duration":0.3494999999998072,"failureMessages":[],"meta":{}},{"ancestorTitles":["Calories Store","Actions","clearError"],"fullName":"Calories Store Actions clearError should clear the error state","status":"passed","title":"should clear the error state","duration":0.14316599999983737,"failureMessages":[],"meta":{}}],"startTime":1765775050364,"endTime":1765775050392.3496,"status":"passed","message":"","name":"/Users/cronus/Dev/fast-track/frontend/test/stores/calories.test.js"},{"assertionResults":[{"ancestorTitles":["Fasting Store","Initial State"],"fullName":"Fasting Store Initial State should have correct initial state","status":"passed","title":"should have correct initial state","duration":10.380125000000135,"failureMessages":[],"meta":{}},{"ancestorTitles":["Fasting Store","Getters"],"fullName":"Fasting Store Getters should return correct isFasting status","status":"passed","title":"should return correct isFasting status","duration":0.9602919999999813,"failureMessages":[],"meta":{}},{"ancestorTitles":["Fasting Store","Getters"],"fullName":"Fasting Store Getters should calculate fastingTimeElapsed correctly","status":"passed","title":"should calculate fastingTimeElapsed correctly","duration":0.4236249999999018,"failureMessages":[],"meta":{}},{"ancestorTitles":["Fasting Store","Getters"],"fullName":"Fasting Store Getters should calculate fastingTimeRemaining correctly","status":"passed","title":"should calculate fastingTimeRemaining correctly","duration":0.2952500000001237,"failureMessages":[],"meta":{}},{"ancestorTitles":["Fasting Store","Getters"],"fullName":"Fasting Store Getters should calculate fastingProgress correctly","status":"passed","title":"should calculate fastingProgress correctly","duration":0.3361250000000382,"failureMessages":[],"meta":{}},{"ancestorTitles":["Fasting Store","Getters"],"fullName":"Fasting Store Getters should return todaysSessions correctly","status":"passed","title":"should return todaysSessions correctly","duration":0.6124999999999545,"failureMessages":[],"meta":{}},{"ancestorTitles":["Fasting Store","Getters"],"fullName":"Fasting Store Getters should return completedSessions correctly","status":"passed","title":"should return completedSessions correctly","duration":0.24783400000001166,"failureMessages":[],"meta":{}},{"ancestorTitles":["Fasting Store","Actions","loadFastingData"],"fullName":"Fasting Store Actions loadFastingData should load fasting data from offline storage","status":"passed","title":"should load fasting data from offline storage","duration":0.7201660000000629,"failureMessages":[],"meta":{}},{"ancestorTitles":["Fasting Store","Actions","loadFastingData"],"fullName":"Fasting Store Actions loadFastingData should handle loading errors","status":"passed","title":"should handle loading errors","duration":0.41374999999993634,"failureMessages":[],"meta":{}},{"ancestorTitles":["Fasting Store","Actions","createSchedule"],"fullName":"Fasting Store Actions createSchedule should create a new fasting schedule","status":"passed","title":"should create a new fasting schedule","duration":0.5709170000000086,"failureMessages":[],"meta":{}},{"ancestorTitles":["Fasting Store","Actions","startFast"],"fullName":"Fasting Store Actions startFast should start a new fasting session","status":"passed","title":"should start a new fasting session","duration":0.5089579999998932,"failureMessages":[],"meta":{}},{"ancestorTitles":["Fasting Store","Actions","startFast"],"fullName":"Fasting Store Actions startFast should handle start fasting errors","status":"passed","title":"should handle start fasting errors","duration":0.9865839999999935,"failureMessages":[],"meta":{}},{"ancestorTitles":["Fasting Store","Actions","endFast"],"fullName":"Fasting Store Actions endFast should end the current fasting session","status":"passed","title":"should end the current fasting session","duration":2.6419999999998254,"failureMessages":[],"meta":{}},{"ancestorTitles":["Fasting Store","Actions","endFast"],"fullName":"Fasting Store Actions endFast should handle no active session","status":"passed","title":"should handle no active session","duration":1.97199999999998,"failureMessages":[],"meta":{}},{"ancestorTitles":["Fasting Store","Actions","endFast"],"fullName":"Fasting Store Actions endFast should handle end fasting errors","status":"passed","title":"should handle end fasting errors","duration":1.11649999999986,"failureMessages":[],"meta":{}},{"ancestorTitles":["Fasting Store","Actions","clearError"],"fullName":"Fasting Store Actions clearError should clear the error state","status":"passed","title":"should clear the error state","duration":0.8914589999999407,"failureMessages":[],"meta":{}},{"ancestorTitles":["Fasting Store","Timer Management"],"fullName":"Fasting Store Timer Management should have timer management methods","status":"passed","title":"should have timer management methods","duration":1.2141249999999673,"failureMessages":[],"meta":{}}],"startTime":1765775050363,"endTime":1765775050388.214,"status":"passed","message":"","name":"/Users/cronus/Dev/fast-track/frontend/test/stores/fasting.test.js"},{"assertionResults":[{"ancestorTitles":["Notifications Store","Initial State"],"fullName":"Notifications Store Initial State should have correct initial state","status":"passed","title":"should have correct initial state","duration":2.1442080000001624,"failureMessages":[],"meta":{}},{"ancestorTitles":["Notifications Store","Initial State"],"fullName":"Notifications Store Initial State should have default fasting preferences","status":"passed","title":"should have default fasting preferences","duration":1.3013330000001133,"failureMessages":[],"meta":{}},{"ancestorTitles":["Notifications Store","Initial State"],"fullName":"Notifications Store Initial State should have default meal preferences","status":"passed","title":"should have default meal preferences","duration":2.250583000000006,"failureMessages":[],"meta":{}},{"ancestorTitles":["Notifications Store","Initial State"],"fullName":"Notifications Store Initial State should have default general preferences","status":"passed","title":"should have default general preferences","duration":0.9971250000000964,"failureMessages":[],"meta":{}},{"ancestorTitles":["Notifications Store","Getters"],"fullName":"Notifications Store Getters should return isEnabled correctly when granted and enabled","status":"passed","title":"should return isEnabled correctly when granted and enabled","duration":4.075584000000163,"failureMessages":[],"meta":{}},{"ancestorTitles":["Notifications Store","Getters"],"fullName":"Notifications Store Getters should return isEnabled false when permission not granted","status":"passed","title":"should return isEnabled false when permission not granted","duration":0.3504169999998794,"failureMessages":[],"meta":{}},{"ancestorTitles":["Notifications Store","Getters"],"fullName":"Notifications Store Getters should return isEnabled false when not enabled in preferences","status":"passed","title":"should return isEnabled false when not enabled in preferences","duration":0.17620800000008785,"failureMessages":[],"meta":{}},{"ancestorTitles":["Notifications Store","Getters"],"fullName":"Notifications Store Getters should return isFastingNotificationsEnabled correctly","status":"passed","title":"should return isFastingNotificationsEnabled correctly","duration":0.5713749999999891,"failureMessages":[],"meta":{}},{"ancestorTitles":["Notifications Store","Getters"],"fullName":"Notifications Store Getters should return isFastingNotificationsEnabled false when master disabled","status":"passed","title":"should return isFastingNotificationsEnabled false when master disabled","duration":0.34149999999999636,"failureMessages":[],"meta":{}},{"ancestorTitles":["Notifications Store","Getters"],"fullName":"Notifications Store Getters should return isMealNotificationsEnabled correctly","status":"passed","title":"should return isMealNotificationsEnabled correctly","duration":0.2783329999999751,"failureMessages":[],"meta":{}},{"ancestorTitles":["Notifications Store","Getters"],"fullName":"Notifications Store Getters should return notification summary when enabled","status":"passed","title":"should return notification summary when enabled","duration":0.5018750000001546,"failureMessages":[],"meta":{}},{"ancestorTitles":["Notifications Store","Getters"],"fullName":"Notifications Store Getters should return notification summary when disabled","status":"passed","title":"should return notification summary when disabled","duration":0.29379100000005565,"failureMessages":[],"meta":{}},{"ancestorTitles":["Notifications Store","Getters"],"fullName":"Notifications Store Getters should return false when quiet hours disabled","status":"passed","title":"should return false when quiet hours disabled","duration":0.19637499999998909,"failureMessages":[],"meta":{}},{"ancestorTitles":["Notifications Store","Getters"],"fullName":"Notifications Store Getters should detect quiet hours when enabled and time matches","status":"passed","title":"should detect quiet hours when enabled and time matches","duration":0.5696250000000873,"failureMessages":[],"meta":{}},{"ancestorTitles":["Notifications Store","Actions","init"],"fullName":"Notifications Store Actions init should initialize the store from service","status":"passed","title":"should initialize the store from service","duration":0.5147500000000491,"failureMessages":[],"meta":{}},{"ancestorTitles":["Notifications Store","Actions","init"],"fullName":"Notifications Store Actions init should handle initialization errors","status":"passed","title":"should handle initialization errors","duration":0.3667080000000169,"failureMessages":[],"meta":{}},{"ancestorTitles":["Notifications Store","Actions","requestPermission"],"fullName":"Notifications Store Actions requestPermission should request permission and update state on grant","status":"passed","title":"should request permission and update state on grant","duration":6.432375000000093,"failureMessages":[],"meta":{}},{"ancestorTitles":["Notifications Store","Actions","requestPermission"],"fullName":"Notifications Store Actions requestPermission should handle permission denial","status":"passed","title":"should handle permission denial","duration":0.6557909999999083,"failureMessages":[],"meta":{}},{"ancestorTitles":["Notifications Store","Actions","requestPermission"],"fullName":"Notifications Store Actions requestPermission should handle permission request errors","status":"passed","title":"should handle permission request errors","duration":1.378582999999935,"failureMessages":[],"meta":{}},{"ancestorTitles":["Notifications Store","Actions","toggleNotifications"],"fullName":"Notifications Store Actions toggleNotifications should enable notifications and reschedule","status":"passed","title":"should enable notifications and reschedule","duration":1.0524999999997817,"failureMessages":[],"meta":{}},{"ancestorTitles":["Notifications Store","Actions","toggleNotifications"],"fullName":"Notifications Store Actions toggleNotifications should disable notifications and clear all","status":"passed","title":"should disable notifications and clear all","duration":0.6990000000000691,"failureMessages":[],"meta":{}},{"ancestorTitles":["Notifications Store","Actions","toggleNotifications"],"fullName":"Notifications Store Actions toggleNotifications should request permission when enabling if not granted","status":"passed","title":"should request permission when enabling if not granted","duration":0.5818750000000819,"failureMessages":[],"meta":{}},{"ancestorTitles":["Notifications Store","Actions","notifyFastingStart"],"fullName":"Notifications Store Actions notifyFastingStart should send fasting start notification when enabled","status":"passed","title":"should send fasting start notification when enabled","duration":1.532667000000174,"failureMessages":[],"meta":{}},{"ancestorTitles":["Notifications Store","Actions","notifyFastingStart"],"fullName":"Notifications Store Actions notifyFastingStart should not send notification when disabled","status":"passed","title":"should not send notification when disabled","duration":0.3148750000000291,"failureMessages":[],"meta":{}},{"ancestorTitles":["Notifications Store","Actions","notifyFastingEnd"],"fullName":"Notifications Store Actions notifyFastingEnd should send fasting end notification when enabled","status":"passed","title":"should send fasting end notification when enabled","duration":0.1972920000000613,"failureMessages":[],"meta":{}},{"ancestorTitles":["Notifications Store","Actions","scheduleFastingNotifications"],"fullName":"Notifications Store Actions scheduleFastingNotifications should schedule fasting notifications when enabled","status":"passed","title":"should schedule fasting notifications when enabled","duration":1.9391660000001139,"failureMessages":[],"meta":{}},{"ancestorTitles":["Notifications Store","Actions","scheduleFastingNotifications"],"fullName":"Notifications Store Actions scheduleFastingNotifications should not schedule when disabled","status":"passed","title":"should not schedule when disabled","duration":1.0582910000000538,"failureMessages":[],"meta":{}},{"ancestorTitles":["Notifications Store","Actions","notifyMealReminder"],"fullName":"Notifications Store Actions notifyMealReminder should send meal reminder when enabled and not in quiet hours","status":"passed","title":"should send meal reminder when enabled and not in quiet hours","duration":0.9381660000001375,"failureMessages":[],"meta":{}},{"ancestorTitles":["Notifications Store","Actions","notifyMealReminder"],"fullName":"Notifications Store Actions notifyMealReminder should not send meal reminder when in quiet hours","status":"passed","title":"should not send meal reminder when in quiet hours","duration":0.550666000000092,"failureMessages":[],"meta":{}},{"ancestorTitles":["Notifications Store","Actions","scheduleMealReminders"],"fullName":"Notifications Store Actions scheduleMealReminders should schedule meal reminders when enabled","status":"passed","title":"should schedule meal reminders when enabled","duration":1.043875000000071,"failureMessages":[],"meta":{}},{"ancestorTitles":["Notifications Store","Actions","clearFastingNotifications"],"fullName":"Notifications Store Actions clearFastingNotifications should cancel all fasting notifications","status":"passed","title":"should cancel all fasting notifications","duration":3.4612500000000637,"failureMessages":[],"meta":{}},{"ancestorTitles":["Notifications Store","Actions","clearMealNotifications"],"fullName":"Notifications Store Actions clearMealNotifications should cancel all meal notifications","status":"passed","title":"should cancel all meal notifications","duration":0.38029200000005403,"failureMessages":[],"meta":{}},{"ancestorTitles":["Notifications Store","Actions","clearAllNotifications"],"fullName":"Notifications Store Actions clearAllNotifications should clear all scheduled notifications","status":"passed","title":"should clear all scheduled notifications","duration":4.863374999999905,"failureMessages":[],"meta":{}},{"ancestorTitles":["Notifications Store","Actions","sendTestNotification"],"fullName":"Notifications Store Actions sendTestNotification should send test notification when enabled","status":"passed","title":"should send test notification when enabled","duration":1.9113749999999072,"failureMessages":[],"meta":{}},{"ancestorTitles":["Notifications Store","Actions","sendTestNotification"],"fullName":"Notifications Store Actions sendTestNotification should throw error when not enabled","status":"passed","title":"should throw error when not enabled","duration":0.4049999999999727,"failureMessages":[],"meta":{}},{"ancestorTitles":["Notifications Store","Actions","addMealReminderTime"],"fullName":"Notifications Store Actions addMealReminderTime should add a new meal reminder time","status":"passed","title":"should add a new meal reminder time","duration":0.8229160000000775,"failureMessages":[],"meta":{}},{"ancestorTitles":["Notifications Store","Actions","addMealReminderTime"],"fullName":"Notifications Store Actions addMealReminderTime should not add duplicate reminder time","status":"passed","title":"should not add duplicate reminder time","duration":0.25233299999990777,"failureMessages":[],"meta":{}},{"ancestorTitles":["Notifications Store","Actions","addMealReminderTime"],"fullName":"Notifications Store Actions addMealReminderTime should sort reminder times","status":"passed","title":"should sort reminder times","duration":0.3539170000001377,"failureMessages":[],"meta":{}},{"ancestorTitles":["Notifications Store","Actions","removeMealReminderTime"],"fullName":"Notifications Store Actions removeMealReminderTime should remove an existing meal reminder time","status":"passed","title":"should remove an existing meal reminder time","duration":0.6247909999999592,"failureMessages":[],"meta":{}},{"ancestorTitles":["Notifications Store","Actions","removeMealReminderTime"],"fullName":"Notifications Store Actions removeMealReminderTime should handle removing non-existent time","status":"passed","title":"should handle removing non-existent time","duration":0.31504199999994853,"failureMessages":[],"meta":{}},{"ancestorTitles":["Notifications Store","Actions","addCustomFastingReminder"],"fullName":"Notifications Store Actions addCustomFastingReminder should add a custom fasting reminder","status":"passed","title":"should add a custom fasting reminder","duration":0.48116699999991397,"failureMessages":[],"meta":{}},{"ancestorTitles":["Notifications Store","Actions","removeCustomFastingReminder"],"fullName":"Notifications Store Actions removeCustomFastingReminder should remove a custom fasting reminder by index","status":"passed","title":"should remove a custom fasting reminder by index","duration":0.8080830000001242,"failureMessages":[],"meta":{}},{"ancestorTitles":["Notifications Store","Actions","scheduleCustomNotification"],"fullName":"Notifications Store Actions scheduleCustomNotification should schedule a custom notification when enabled","status":"passed","title":"should schedule a custom notification when enabled","duration":1.2162090000001626,"failureMessages":[],"meta":{}},{"ancestorTitles":["Notifications Store","Actions","scheduleCustomNotification"],"fullName":"Notifications Store Actions scheduleCustomNotification should not schedule when disabled","status":"passed","title":"should not schedule when disabled","duration":0.5239579999999933,"failureMessages":[],"meta":{}},{"ancestorTitles":["Notifications Store","Persistence"],"fullName":"Notifications Store Persistence should save preferences to localStorage","status":"passed","title":"should save preferences to localStorage","duration":0.8779580000000351,"failureMessages":[],"meta":{}},{"ancestorTitles":["Notifications Store","Persistence"],"fullName":"Notifications Store Persistence should load preferences from localStorage","status":"passed","title":"should load preferences from localStorage","duration":0.374416999999994,"failureMessages":[],"meta":{}},{"ancestorTitles":["Notifications Store","Persistence"],"fullName":"Notifications Store Persistence should handle corrupted localStorage data","status":"passed","title":"should handle corrupted localStorage data","duration":0.3893749999999727,"failureMessages":[],"meta":{}}],"startTime":1765775050326,"endTime":1765775050379.3894,"status":"passed","message":"","name":"/Users/cronus/Dev/fast-track/frontend/test/stores/notifications.test.js"},{"assertionResults":[{"ancestorTitles":["Weight Store","Initial State"],"fullName":"Weight Store Initial State should have correct initial state","status":"passed","title":"should have correct initial state","duration":2.38675000000012,"failureMessages":[],"meta":{}},{"ancestorTitles":["Weight Store","Getters"],"fullName":"Weight Store Getters should return latest weight","status":"passed","title":"should return latest weight","duration":0.8933749999998781,"failureMessages":[],"meta":{}},{"ancestorTitles":["Weight Store","Getters"],"fullName":"Weight Store Getters should return weight by date correctly","status":"passed","title":"should return weight by date correctly","duration":0.753458000000137,"failureMessages":[],"meta":{}},{"ancestorTitles":["Weight Store","Getters"],"fullName":"Weight Store Getters should return weekly weight data","status":"passed","title":"should return weekly weight data","duration":19.078625000000102,"failureMessages":[],"meta":{}},{"ancestorTitles":["Weight Store","Getters"],"fullName":"Weight Store Getters should return daily weight data","status":"passed","title":"should return daily weight data","duration":2.9255420000001777,"failureMessages":[],"meta":{}},{"ancestorTitles":["Weight Store","Getters"],"fullName":"Weight Store Getters should return weight trend","status":"passed","title":"should return weight trend","duration":1.6913340000000971,"failureMessages":[],"meta":{}},{"ancestorTitles":["Weight Store","Actions","loadWeightEntries"],"fullName":"Weight Store Actions loadWeightEntries should load weight entries from offline storage","status":"passed","title":"should load weight entries from offline storage","duration":1.381832999999915,"failureMessages":[],"meta":{}},{"ancestorTitles":["Weight Store","Actions","loadWeightEntries"],"fullName":"Weight Store Actions loadWeightEntries should handle loading errors","status":"passed","title":"should handle loading errors","duration":0.45745800000008785,"failureMessages":[],"meta":{}},{"ancestorTitles":["Weight Store","Actions","addWeightEntry"],"fullName":"Weight Store Actions addWeightEntry should add a new weight entry","status":"passed","title":"should add a new weight entry","duration":0.5655409999999392,"failureMessages":[],"meta":{}},{"ancestorTitles":["Weight Store","Actions","addWeightEntry"],"fullName":"Weight Store Actions addWeightEntry should add entry with custom date","status":"passed","title":"should add entry with custom date","duration":0.3197090000001026,"failureMessages":[],"meta":{}},{"ancestorTitles":["Weight Store","Actions","addWeightEntry"],"fullName":"Weight Store Actions addWeightEntry should handle add entry errors","status":"passed","title":"should handle add entry errors","duration":1.1168749999999363,"failureMessages":[],"meta":{}},{"ancestorTitles":["Weight Store","Actions","updateWeightEntry"],"fullName":"Weight Store Actions updateWeightEntry should update an existing weight entry","status":"passed","title":"should update an existing weight entry","duration":1.0578749999999673,"failureMessages":[],"meta":{}},{"ancestorTitles":["Weight Store","Actions","updateWeightEntry"],"fullName":"Weight Store Actions updateWeightEntry should handle entry not found","status":"passed","title":"should handle entry not found","duration":0.37941700000010314,"failureMessages":[],"meta":{}},{"ancestorTitles":["Weight Store","Actions","updateWeightEntry"],"fullName":"Weight Store Actions updateWeightEntry should handle update entry errors","status":"passed","title":"should handle update entry errors","duration":0.4492499999998927,"failureMessages":[],"meta":{}},{"ancestorTitles":["Weight Store","Actions","deleteWeightEntry"],"fullName":"Weight Store Actions deleteWeightEntry should delete a weight entry","status":"passed","title":"should delete a weight entry","duration":0.6898340000000189,"failureMessages":[],"meta":{}},{"ancestorTitles":["Weight Store","Actions","deleteWeightEntry"],"fullName":"Weight Store Actions deleteWeightEntry should handle entry not found","status":"passed","title":"should handle entry not found","duration":0.33474999999998545,"failureMessages":[],"meta":{}},{"ancestorTitles":["Weight Store","Actions","deleteWeightEntry"],"fullName":"Weight Store Actions deleteWeightEntry should handle delete entry errors","status":"passed","title":"should handle delete entry errors","duration":0.2499169999998685,"failureMessages":[],"meta":{}},{"ancestorTitles":["Weight Store","Actions","clearError"],"fullName":"Weight Store Actions clearError should clear the error state","status":"passed","title":"should clear the error state","duration":0.17316600000003746,"failureMessages":[],"meta":{}},{"ancestorTitles":["Weight Store","Data Export"],"fullName":"Weight Store Data Export should export weight data to CSV format","status":"passed","title":"should export weight data to CSV format","duration":0.3645839999999225,"failureMessages":[],"meta":{}},{"ancestorTitles":["Weight Store","Data Export"],"fullName":"Weight Store Data Export should export weight data to JSON format","status":"passed","title":"should export weight data to JSON format","duration":0.3532910000001266,"failureMessages":[],"meta":{}}],"startTime":1765775050373,"endTime":1765775050409.3645,"status":"passed","message":"","name":"/Users/cronus/Dev/fast-track/frontend/test/stores/weight.test.js"},{"assertionResults":[{"ancestorTitles":["Component Visual Tests","BaseStatsCard"],"fullName":"Component Visual Tests BaseStatsCard should render with default props","status":"passed","title":"should render with default props","duration":34.92070899999999,"failureMessages":[],"meta":{}},{"ancestorTitles":["Component Visual Tests","BaseStatsCard"],"fullName":"Component Visual Tests BaseStatsCard should render with trend data","status":"passed","title":"should render with trend data","duration":2.7065410000000156,"failureMessages":[],"meta":{}},{"ancestorTitles":["Component Visual Tests","BaseStatsCard"],"fullName":"Component Visual Tests BaseStatsCard should handle different valueColor schemes","status":"passed","title":"should handle different valueColor schemes","duration":6.805667000000085,"failureMessages":[],"meta":{}},{"ancestorTitles":["Component Visual Tests","BaseDialog"],"fullName":"Component Visual Tests BaseDialog should render dialog component","status":"passed","title":"should render dialog component","duration":11.118249999999989,"failureMessages":[],"meta":{}},{"ancestorTitles":["Component Visual Tests","BaseDialog"],"fullName":"Component Visual Tests BaseDialog should expose loading state via props","status":"passed","title":"should expose loading state via props","duration":20.390041999999994,"failureMessages":[],"meta":{}},{"ancestorTitles":["Component Visual Tests","BaseDialog"],"fullName":"Component Visual Tests BaseDialog should accept different minWidth and maxWidth props","status":"passed","title":"should accept different minWidth and maxWidth props","duration":12.526875000000018,"failureMessages":[],"meta":{}},{"ancestorTitles":["Component Visual Tests","OptimizedChart"],"fullName":"Component Visual Tests OptimizedChart should render chart with data","status":"passed","title":"should render chart with data","duration":8.151834000000008,"failureMessages":[],"meta":{}},{"ancestorTitles":["Component Visual Tests","OptimizedChart"],"fullName":"Component Visual Tests OptimizedChart should accept showRetry prop for error handling","status":"passed","title":"should accept showRetry prop for error handling","duration":8.089083999999957,"failureMessages":[],"meta":{}},{"ancestorTitles":["Component Visual Tests","OptimizedChart"],"fullName":"Component Visual Tests OptimizedChart should expose error via component state","status":"passed","title":"should expose error via component state","duration":4.947957999999971,"failureMessages":[],"meta":{}},{"ancestorTitles":["Component Visual Tests","OptimizedChart"],"fullName":"Component Visual Tests OptimizedChart should handle performance options","status":"passed","title":"should handle performance options","duration":3.902749999999969,"failureMessages":[],"meta":{}},{"ancestorTitles":["Component Visual Tests","Responsive Design"],"fullName":"Component Visual Tests Responsive Design should handle mobile viewport","status":"passed","title":"should handle mobile viewport","duration":1.8520000000000891,"failureMessages":[],"meta":{}},{"ancestorTitles":["Component Visual Tests","Responsive Design"],"fullName":"Component Visual Tests Responsive Design should handle tablet viewport","status":"passed","title":"should handle tablet viewport","duration":1.1640840000000026,"failureMessages":[],"meta":{}},{"ancestorTitles":["Component Visual Tests","Accessibility"],"fullName":"Component Visual Tests Accessibility should render accessible stats card","status":"passed","title":"should render accessible stats card","duration":0.8888329999999769,"failureMessages":[],"meta":{}},{"ancestorTitles":["Component Visual Tests","Accessibility"],"fullName":"Component Visual Tests Accessibility should render dialog with close functionality","status":"passed","title":"should render dialog with close functionality","duration":3.285374999999931,"failureMessages":[],"meta":{}}],"startTime":1765775050674,"endTime":1765775050795.2854,"status":"passed","message":"","name":"/Users/cronus/Dev/fast-track/frontend/test/visual/ComponentVisual.test.js"},{"assertionResults":[{"ancestorTitles":["CaloriesChart Component","Rendering"],"fullName":"CaloriesChart Component Rendering should render the component","status":"passed","title":"should render the component","duration":37.12808300000006,"failureMessages":[],"meta":{}},{"ancestorTitles":["CaloriesChart Component","Rendering"],"fullName":"CaloriesChart Component Rendering should render SVG with correct dimensions","status":"passed","title":"should render SVG with correct dimensions","duration":3.3341659999998683,"failureMessages":[],"meta":{}},{"ancestorTitles":["CaloriesChart Component","Rendering"],"fullName":"CaloriesChart Component Rendering should render grid lines","status":"passed","title":"should render grid lines","duration":2.4322080000001733,"failureMessages":[],"meta":{}},{"ancestorTitles":["CaloriesChart Component","Rendering"],"fullName":"CaloriesChart Component Rendering should render gradient definition","status":"passed","title":"should render gradient definition","duration":2.9427499999999327,"failureMessages":[],"meta":{}},{"ancestorTitles":["CaloriesChart Component","Basic Functionality"],"fullName":"CaloriesChart Component Basic Functionality should accept viewMode prop correctly","status":"passed","title":"should accept viewMode prop correctly","duration":4.720374999999876,"failureMessages":[],"meta":{}},{"ancestorTitles":["CaloriesChart Component","Basic Functionality"],"fullName":"CaloriesChart Component Basic Functionality should handle empty data gracefully","status":"passed","title":"should handle empty data gracefully","duration":3.142665999999963,"failureMessages":[],"meta":{}},{"ancestorTitles":["CaloriesChart Component","SVG Structure"],"fullName":"CaloriesChart Component SVG Structure should have correct SVG structure","status":"passed","title":"should have correct SVG structure","duration":10.844333000000006,"failureMessages":[],"meta":{}},{"ancestorTitles":["CaloriesChart Component","SVG Structure"],"fullName":"CaloriesChart Component SVG Structure should generate paths when data is provided","status":"passed","title":"should generate paths when data is provided","duration":2.4677919999999176,"failureMessages":[],"meta":{}},{"ancestorTitles":["CaloriesChart Component","Props Reactivity"],"fullName":"CaloriesChart Component Props Reactivity should handle viewMode change","status":"passed","title":"should handle viewMode change","duration":14.522707999999966,"failureMessages":[],"meta":{}},{"ancestorTitles":["CaloriesChart Component","Props Reactivity"],"fullName":"CaloriesChart Component Props Reactivity should handle different viewMode values","status":"passed","title":"should handle different viewMode values","duration":8.271916000000147,"failureMessages":[],"meta":{}},{"ancestorTitles":["CaloriesChart Component","Responsive Behavior"],"fullName":"CaloriesChart Component Responsive Behavior should maintain aspect ratio","status":"passed","title":"should maintain aspect ratio","duration":2.8059169999999085,"failureMessages":[],"meta":{}},{"ancestorTitles":["CaloriesChart Component","Edge Cases"],"fullName":"CaloriesChart Component Edge Cases should handle single data point","status":"passed","title":"should handle single data point","duration":6.001207999999906,"failureMessages":[],"meta":{}},{"ancestorTitles":["CaloriesChart Component","Edge Cases"],"fullName":"CaloriesChart Component Edge Cases should handle no meals for current period","status":"passed","title":"should handle no meals for current period","duration":16.595584000000144,"failureMessages":[],"meta":{}},{"ancestorTitles":["CaloriesChart Component","Edge Cases"],"fullName":"CaloriesChart Component Edge Cases should handle very large calorie values","status":"passed","title":"should handle very large calorie values","duration":4.139083999999912,"failureMessages":[],"meta":{}},{"ancestorTitles":["CaloriesChart Component","Day Labels"],"fullName":"CaloriesChart Component Day Labels should render day labels for weekly mode","status":"passed","title":"should render day labels for weekly mode","duration":4.318166999999903,"failureMessages":[],"meta":{}},{"ancestorTitles":["CaloriesChart Component","Day Labels"],"fullName":"CaloriesChart Component Day Labels should render time labels for daily mode","status":"passed","title":"should render time labels for daily mode","duration":19.869665999999825,"failureMessages":[],"meta":{}}],"startTime":1765775050477,"endTime":1765775050620.8696,"status":"passed","message":"","name":"/Users/cronus/Dev/fast-track/frontend/test/components/CaloriesChart.test.js"}]}