{"numTotalTestSuites":72,"numPassedTestSuites":72,"numFailedTestSuites":0,"numPendingTestSuites":0,"numTotalTests":121,"numPassedTests":121,"numFailedTests":0,"numPendingTests":0,"numTodoTests":0,"snapshot":{"added":0,"failure":false,"filesAdded":0,"filesRemoved":0,"filesRemovedList":[],"filesUnmatched":0,"filesUpdated":0,"matched":0,"total":0,"unchecked":0,"uncheckedKeysByFile":[],"unmatched":0,"updated":0,"didUpdate":false},"startTime":1765773809702,"success":true,"testResults":[{"assertionResults":[{"ancestorTitles":["CaloriesChart Component","Rendering"],"fullName":"CaloriesChart Component Rendering should render the component","status":"passed","title":"should render the component","duration":21.568666000000007,"failureMessages":[],"meta":{}},{"ancestorTitles":["CaloriesChart Component","Rendering"],"fullName":"CaloriesChart Component Rendering should render SVG with correct dimensions","status":"passed","title":"should render SVG with correct dimensions","duration":3.0473329999999805,"failureMessages":[],"meta":{}},{"ancestorTitles":["CaloriesChart Component","Rendering"],"fullName":"CaloriesChart Component Rendering should render grid lines","status":"passed","title":"should render grid lines","duration":2.5297500000000355,"failureMessages":[],"meta":{}},{"ancestorTitles":["CaloriesChart Component","Rendering"],"fullName":"CaloriesChart Component Rendering should render gradient definition","status":"passed","title":"should render gradient definition","duration":5.6456249999999955,"failureMessages":[],"meta":{}},{"ancestorTitles":["CaloriesChart Component","Basic Functionality"],"fullName":"CaloriesChart Component Basic Functionality should accept viewMode prop correctly","status":"passed","title":"should accept viewMode prop correctly","duration":3.3319999999999936,"failureMessages":[],"meta":{}},{"ancestorTitles":["CaloriesChart Component","Basic Functionality"],"fullName":"CaloriesChart Component Basic Functionality should handle empty data gracefully","status":"passed","title":"should handle empty data gracefully","duration":3.029916999999955,"failureMessages":[],"meta":{}},{"ancestorTitles":["CaloriesChart Component","SVG Structure"],"fullName":"CaloriesChart Component SVG Structure should have correct SVG structure","status":"passed","title":"should have correct SVG structure","duration":2.485667000000035,"failureMessages":[],"meta":{}},{"ancestorTitles":["CaloriesChart Component","SVG Structure"],"fullName":"CaloriesChart Component SVG Structure should generate paths when data is provided","status":"passed","title":"should generate paths when data is provided","duration":7.261167,"failureMessages":[],"meta":{}},{"ancestorTitles":["CaloriesChart Component","Props Reactivity"],"fullName":"CaloriesChart Component Props Reactivity should handle viewMode change","status":"passed","title":"should handle viewMode change","duration":5.646458000000052,"failureMessages":[],"meta":{}},{"ancestorTitles":["CaloriesChart Component","Props Reactivity"],"fullName":"CaloriesChart Component Props Reactivity should handle different viewMode values","status":"passed","title":"should handle different viewMode values","duration":4.379458999999997,"failureMessages":[],"meta":{}},{"ancestorTitles":["CaloriesChart Component","Responsive Behavior"],"fullName":"CaloriesChart Component Responsive Behavior should maintain aspect ratio","status":"passed","title":"should maintain aspect ratio","duration":21.253624999999943,"failureMessages":[],"meta":{}},{"ancestorTitles":["CaloriesChart Component","Edge Cases"],"fullName":"CaloriesChart Component Edge Cases should handle single data point","status":"passed","title":"should handle single data point","duration":8.130250000000046,"failureMessages":[],"meta":{}},{"ancestorTitles":["CaloriesChart Component","Edge Cases"],"fullName":"CaloriesChart Component Edge Cases should handle no meals for current period","status":"passed","title":"should handle no meals for current period","duration":2.628082999999947,"failureMessages":[],"meta":{}},{"ancestorTitles":["CaloriesChart Component","Edge Cases"],"fullName":"CaloriesChart Component Edge Cases should handle very large calorie values","status":"passed","title":"should handle very large calorie values","duration":18.665417000000048,"failureMessages":[],"meta":{}},{"ancestorTitles":["CaloriesChart Component","Day Labels"],"fullName":"CaloriesChart Component Day Labels should render day labels for weekly mode","status":"passed","title":"should render day labels for weekly mode","duration":12.683042,"failureMessages":[],"meta":{}},{"ancestorTitles":["CaloriesChart Component","Day Labels"],"fullName":"CaloriesChart Component Day Labels should render time labels for daily mode","status":"passed","title":"should render time labels for daily mode","duration":7.86004099999991,"failureMessages":[],"meta":{}}],"startTime":1765773810636,"endTime":1765773810766.86,"status":"passed","message":"","name":"/Users/cronus/Dev/fast-track/frontend/test/components/CaloriesChart.test.js"},{"assertionResults":[{"ancestorTitles":["Store Integration Tests","Authentication Flow"],"fullName":"Store Integration Tests Authentication Flow should set authenticated state directly","status":"passed","title":"should set authenticated state directly","duration":2.4891249999999445,"failureMessages":[],"meta":{}},{"ancestorTitles":["Store Integration Tests","Authentication Flow"],"fullName":"Store Integration Tests Authentication Flow should clear auth state when user logs out","status":"passed","title":"should clear auth state when user logs out","duration":0.5041249999999309,"failureMessages":[],"meta":{}},{"ancestorTitles":["Store Integration Tests","Store Initialization"],"fullName":"Store Integration Tests Store Initialization should initialize calories store with default state","status":"passed","title":"should initialize calories store with default state","duration":0.5975000000000819,"failureMessages":[],"meta":{}},{"ancestorTitles":["Store Integration Tests","Store Initialization"],"fullName":"Store Integration Tests Store Initialization should initialize weight store with default state","status":"passed","title":"should initialize weight store with default state","duration":0.37658299999998235,"failureMessages":[],"meta":{}},{"ancestorTitles":["Store Integration Tests","Notification Integration"],"fullName":"Store Integration Tests Notification Integration should initialize fasting store","status":"passed","title":"should initialize fasting store","duration":0.653583000000026,"failureMessages":[],"meta":{}},{"ancestorTitles":["Store Integration Tests","Notification Integration"],"fullName":"Store Integration Tests Notification Integration should access notification preferences","status":"passed","title":"should access notification preferences","duration":0.27341599999999744,"failureMessages":[],"meta":{}},{"ancestorTitles":["Store Integration Tests","Error Handling"],"fullName":"Store Integration Tests Error Handling should track error state in auth store","status":"passed","title":"should track error state in auth store","duration":0.5996660000000702,"failureMessages":[],"meta":{}},{"ancestorTitles":["Store Integration Tests","Error Handling"],"fullName":"Store Integration Tests Error Handling should have loading state management in calories store","status":"passed","title":"should have loading state management in calories store","duration":0.46841700000004494,"failureMessages":[],"meta":{}},{"ancestorTitles":["Store Integration Tests","Store Relationships"],"fullName":"Store Integration Tests Store Relationships should allow independent store access","status":"passed","title":"should allow independent store access","duration":0.9136660000000347,"failureMessages":[],"meta":{}},{"ancestorTitles":["Store Integration Tests","Store Relationships"],"fullName":"Store Integration Tests Store Relationships should maintain separate state across stores","status":"passed","title":"should maintain separate state across stores","duration":0.31333299999994324,"failureMessages":[],"meta":{}}],"startTime":1765773810625,"endTime":1765773810632.3132,"status":"passed","message":"","name":"/Users/cronus/Dev/fast-track/frontend/test/integration/StoreIntegration.test.js"},{"assertionResults":[{"ancestorTitles":["Auth Service","register"],"fullName":"Auth Service register should register a new user successfully","status":"passed","title":"should register a new user successfully","duration":1.5089159999999993,"failureMessages":[],"meta":{}},{"ancestorTitles":["Auth Service","register"],"fullName":"Auth Service register should handle registration errors","status":"passed","title":"should handle registration errors","duration":0.7242499999999836,"failureMessages":[],"meta":{}},{"ancestorTitles":["Auth Service","login"],"fullName":"Auth Service login should login user successfully","status":"passed","title":"should login user successfully","duration":0.25225000000000364,"failureMessages":[],"meta":{}},{"ancestorTitles":["Auth Service","login"],"fullName":"Auth Service login should handle login errors","status":"passed","title":"should handle login errors","duration":0.13583299999993415,"failureMessages":[],"meta":{}},{"ancestorTitles":["Auth Service","logout"],"fullName":"Auth Service logout should logout user successfully","status":"passed","title":"should logout user successfully","duration":0.2657920000000331,"failureMessages":[],"meta":{}},{"ancestorTitles":["Auth Service","logout"],"fullName":"Auth Service logout should handle logout errors","status":"passed","title":"should handle logout errors","duration":0.20283400000005258,"failureMessages":[],"meta":{}},{"ancestorTitles":["Auth Service","getCurrentUser"],"fullName":"Auth Service getCurrentUser should get current user successfully","status":"passed","title":"should get current user successfully","duration":0.13687500000003183,"failureMessages":[],"meta":{}},{"ancestorTitles":["Auth Service","getCurrentUser"],"fullName":"Auth Service getCurrentUser should return null on error","status":"passed","title":"should return null on error","duration":0.16912500000000819,"failureMessages":[],"meta":{}},{"ancestorTitles":["Auth Service","isLoggedIn"],"fullName":"Auth Service isLoggedIn should return true when user is logged in","status":"passed","title":"should return true when user is logged in","duration":0.16620799999998326,"failureMessages":[],"meta":{}},{"ancestorTitles":["Auth Service","isLoggedIn"],"fullName":"Auth Service isLoggedIn should return false when user is not logged in","status":"passed","title":"should return false when user is not logged in","duration":0.13058399999999892,"failureMessages":[],"meta":{}},{"ancestorTitles":["Auth Service","updatePreferences"],"fullName":"Auth Service updatePreferences should update user preferences successfully","status":"passed","title":"should update user preferences successfully","duration":0.28729200000009314,"failureMessages":[],"meta":{}},{"ancestorTitles":["Auth Service","updatePreferences"],"fullName":"Auth Service updatePreferences should handle update preferences errors","status":"passed","title":"should handle update preferences errors","duration":0.11212499999999181,"failureMessages":[],"meta":{}}],"startTime":1765773810545,"endTime":1765773810549.2874,"status":"passed","message":"","name":"/Users/cronus/Dev/fast-track/frontend/test/services/auth.test.js"},{"assertionResults":[{"ancestorTitles":["Auth Store","Initial State"],"fullName":"Auth Store Initial State should have correct initial state","status":"passed","title":"should have correct initial state","duration":1.7581660000000738,"failureMessages":[],"meta":{}},{"ancestorTitles":["Auth Store","Getters"],"fullName":"Auth Store Getters should return correct userId","status":"passed","title":"should return correct userId","duration":0.39479099999994105,"failureMessages":[],"meta":{}},{"ancestorTitles":["Auth Store","Getters"],"fullName":"Auth Store Getters should return userEmail","status":"passed","title":"should return userEmail","duration":0.35037499999998545,"failureMessages":[],"meta":{}},{"ancestorTitles":["Auth Store","Getters"],"fullName":"Auth Store Getters should return userName","status":"passed","title":"should return userName","duration":0.1899159999999256,"failureMessages":[],"meta":{}},{"ancestorTitles":["Auth Store","Getters"],"fullName":"Auth Store Getters should return default userId when no user","status":"passed","title":"should return default userId when no user","duration":0.25929099999996197,"failureMessages":[],"meta":{}},{"ancestorTitles":["Auth Store","Getters"],"fullName":"Auth Store Getters should return userPreferences","status":"passed","title":"should return userPreferences","duration":0.46100000000001273,"failureMessages":[],"meta":{}},{"ancestorTitles":["Auth Store","initAuth"],"fullName":"Auth Store initAuth should initialize with offline user from localStorage","status":"passed","title":"should initialize with offline user from localStorage","duration":0.6535000000000082,"failureMessages":[],"meta":{}},{"ancestorTitles":["Auth Store","initAuth"],"fullName":"Auth Store initAuth should handle no stored user","status":"passed","title":"should handle no stored user","duration":0.2519170000000486,"failureMessages":[],"meta":{}},{"ancestorTitles":["Auth Store","register"],"fullName":"Auth Store register should register user in offline mode when Appwrite fails","status":"passed","title":"should register user in offline mode when Appwrite fails","duration":1.1961249999999382,"failureMessages":[],"meta":{}},{"ancestorTitles":["Auth Store","register"],"fullName":"Auth Store register should handle registration errors","status":"passed","title":"should handle registration errors","duration":0.3219579999999951,"failureMessages":[],"meta":{}},{"ancestorTitles":["Auth Store","login"],"fullName":"Auth Store login should login with offline credentials when Appwrite fails","status":"passed","title":"should login with offline credentials when Appwrite fails","duration":0.2593329999999696,"failureMessages":[],"meta":{}},{"ancestorTitles":["Auth Store","login"],"fullName":"Auth Store login should reject invalid offline credentials","status":"passed","title":"should reject invalid offline credentials","duration":0.6561669999999822,"failureMessages":[],"meta":{}},{"ancestorTitles":["Auth Store","login"],"fullName":"Auth Store login should reject login with non-matching email","status":"passed","title":"should reject login with non-matching email","duration":0.18220799999994597,"failureMessages":[],"meta":{}},{"ancestorTitles":["Auth Store","login"],"fullName":"Auth Store login should handle login when no offline user exists","status":"passed","title":"should handle login when no offline user exists","duration":0.291417000000024,"failureMessages":[],"meta":{}},{"ancestorTitles":["Auth Store","login"],"fullName":"Auth Store login should login successfully with Appwrite when available","status":"passed","title":"should login successfully with Appwrite when available","duration":0.18887500000005275,"failureMessages":[],"meta":{}},{"ancestorTitles":["Auth Store","error handling"],"fullName":"Auth Store error handling should set loading state correctly during async operations","status":"passed","title":"should set loading state correctly during async operations","duration":0.23604199999999764,"failureMessages":[],"meta":{}},{"ancestorTitles":["Auth Store","error handling"],"fullName":"Auth Store error handling should clear errors properly","status":"passed","title":"should clear errors properly","duration":0.12116600000001654,"failureMessages":[],"meta":{}}],"startTime":1765773810541,"endTime":1765773810549.2915,"status":"passed","message":"","name":"/Users/cronus/Dev/fast-track/frontend/test/stores/auth.test.js"},{"assertionResults":[{"ancestorTitles":["Calories Store","Initial State"],"fullName":"Calories Store Initial State should have correct initial state","status":"passed","title":"should have correct initial state","duration":2.2535420000000386,"failureMessages":[],"meta":{}},{"ancestorTitles":["Calories Store","Getters"],"fullName":"Calories Store Getters should get meals by date correctly","status":"passed","title":"should get meals by date correctly","duration":1.2554589999999735,"failureMessages":[],"meta":{}},{"ancestorTitles":["Calories Store","Getters"],"fullName":"Calories Store Getters should calculate calories by date correctly","status":"passed","title":"should calculate calories by date correctly","duration":0.44745799999998326,"failureMessages":[],"meta":{}},{"ancestorTitles":["Calories Store","Getters"],"fullName":"Calories Store Getters should calculate weekly calories correctly","status":"passed","title":"should calculate weekly calories correctly","duration":0.2817499999999882,"failureMessages":[],"meta":{}},{"ancestorTitles":["Calories Store","Actions","loadMeals"],"fullName":"Calories Store Actions loadMeals should load meals from offline storage","status":"passed","title":"should load meals from offline storage","duration":0.5809169999999995,"failureMessages":[],"meta":{}},{"ancestorTitles":["Calories Store","Actions","loadMeals"],"fullName":"Calories Store Actions loadMeals should handle loading errors","status":"passed","title":"should handle loading errors","duration":0.5138749999999845,"failureMessages":[],"meta":{}},{"ancestorTitles":["Calories Store","Actions","addMeal"],"fullName":"Calories Store Actions addMeal should add a meal successfully","status":"passed","title":"should add a meal successfully","duration":2.8778750000000173,"failureMessages":[],"meta":{}},{"ancestorTitles":["Calories Store","Actions","addMeal"],"fullName":"Calories Store Actions addMeal should handle adding meal with no notes","status":"passed","title":"should handle adding meal with no notes","duration":0.38583300000004783,"failureMessages":[],"meta":{}},{"ancestorTitles":["Calories Store","Actions","addMeal"],"fullName":"Calories Store Actions addMeal should handle add meal errors","status":"passed","title":"should handle add meal errors","duration":0.9428749999999582,"failureMessages":[],"meta":{}},{"ancestorTitles":["Calories Store","Actions","updateMeal"],"fullName":"Calories Store Actions updateMeal should update a meal successfully","status":"passed","title":"should update a meal successfully","duration":0.37704199999996035,"failureMessages":[],"meta":{}},{"ancestorTitles":["Calories Store","Actions","updateMeal"],"fullName":"Calories Store Actions updateMeal should handle update meal errors","status":"passed","title":"should handle update meal errors","duration":0.4770419999999831,"failureMessages":[],"meta":{}},{"ancestorTitles":["Calories Store","Actions","deleteMeal"],"fullName":"Calories Store Actions deleteMeal should delete a meal successfully","status":"passed","title":"should delete a meal successfully","duration":0.8806250000000091,"failureMessages":[],"meta":{}},{"ancestorTitles":["Calories Store","Actions","deleteMeal"],"fullName":"Calories Store Actions deleteMeal should handle delete meal errors","status":"passed","title":"should handle delete meal errors","duration":0.8847909999999501,"failureMessages":[],"meta":{}},{"ancestorTitles":["Calories Store","Actions","updateTodaysData"],"fullName":"Calories Store Actions updateTodaysData should update todays meals and calories","status":"passed","title":"should update todays meals and calories","duration":1.0034580000000233,"failureMessages":[],"meta":{}},{"ancestorTitles":["Calories Store","Actions","clearError"],"fullName":"Calories Store Actions clearError should clear the error state","status":"passed","title":"should clear the error state","duration":0.19866700000000037,"failureMessages":[],"meta":{}}],"startTime":1765773810604,"endTime":1765773810618.1987,"status":"passed","message":"","name":"/Users/cronus/Dev/fast-track/frontend/test/stores/calories.test.js"},{"assertionResults":[{"ancestorTitles":["Fasting Store","Initial State"],"fullName":"Fasting Store Initial State should have correct initial state","status":"passed","title":"should have correct initial state","duration":6.352250000000026,"failureMessages":[],"meta":{}},{"ancestorTitles":["Fasting Store","Getters"],"fullName":"Fasting Store Getters should return correct isFasting status","status":"passed","title":"should return correct isFasting status","duration":0.8249999999999318,"failureMessages":[],"meta":{}},{"ancestorTitles":["Fasting Store","Getters"],"fullName":"Fasting Store Getters should calculate fastingTimeElapsed correctly","status":"passed","title":"should calculate fastingTimeElapsed correctly","duration":0.39391599999999016,"failureMessages":[],"meta":{}},{"ancestorTitles":["Fasting Store","Getters"],"fullName":"Fasting Store Getters should calculate fastingTimeRemaining correctly","status":"passed","title":"should calculate fastingTimeRemaining correctly","duration":0.2817499999999882,"failureMessages":[],"meta":{}},{"ancestorTitles":["Fasting Store","Getters"],"fullName":"Fasting Store Getters should calculate fastingProgress correctly","status":"passed","title":"should calculate fastingProgress correctly","duration":0.32833400000004076,"failureMessages":[],"meta":{}},{"ancestorTitles":["Fasting Store","Getters"],"fullName":"Fasting Store Getters should return todaysSessions correctly","status":"passed","title":"should return todaysSessions correctly","duration":0.605209000000059,"failureMessages":[],"meta":{}},{"ancestorTitles":["Fasting Store","Getters"],"fullName":"Fasting Store Getters should return completedSessions correctly","status":"passed","title":"should return completedSessions correctly","duration":0.22791699999993398,"failureMessages":[],"meta":{}},{"ancestorTitles":["Fasting Store","Actions","loadFastingData"],"fullName":"Fasting Store Actions loadFastingData should load fasting data from offline storage","status":"passed","title":"should load fasting data from offline storage","duration":0.6802500000000009,"failureMessages":[],"meta":{}},{"ancestorTitles":["Fasting Store","Actions","loadFastingData"],"fullName":"Fasting Store Actions loadFastingData should handle loading errors","status":"passed","title":"should handle loading errors","duration":0.40625,"failureMessages":[],"meta":{}},{"ancestorTitles":["Fasting Store","Actions","createSchedule"],"fullName":"Fasting Store Actions createSchedule should create a new fasting schedule","status":"passed","title":"should create a new fasting schedule","duration":0.5697910000000093,"failureMessages":[],"meta":{}},{"ancestorTitles":["Fasting Store","Actions","startFast"],"fullName":"Fasting Store Actions startFast should start a new fasting session","status":"passed","title":"should start a new fasting session","duration":1.7057080000000724,"failureMessages":[],"meta":{}},{"ancestorTitles":["Fasting Store","Actions","startFast"],"fullName":"Fasting Store Actions startFast should handle start fasting errors","status":"passed","title":"should handle start fasting errors","duration":0.9572080000000369,"failureMessages":[],"meta":{}},{"ancestorTitles":["Fasting Store","Actions","endFast"],"fullName":"Fasting Store Actions endFast should end the current fasting session","status":"passed","title":"should end the current fasting session","duration":0.5118750000000318,"failureMessages":[],"meta":{}},{"ancestorTitles":["Fasting Store","Actions","endFast"],"fullName":"Fasting Store Actions endFast should handle no active session","status":"passed","title":"should handle no active session","duration":0.3747080000000551,"failureMessages":[],"meta":{}},{"ancestorTitles":["Fasting Store","Actions","endFast"],"fullName":"Fasting Store Actions endFast should handle end fasting errors","status":"passed","title":"should handle end fasting errors","duration":0.3828330000000051,"failureMessages":[],"meta":{}},{"ancestorTitles":["Fasting Store","Actions","clearError"],"fullName":"Fasting Store Actions clearError should clear the error state","status":"passed","title":"should clear the error state","duration":0.21775000000002365,"failureMessages":[],"meta":{}},{"ancestorTitles":["Fasting Store","Timer Management"],"fullName":"Fasting Store Timer Management should have timer management methods","status":"passed","title":"should have timer management methods","duration":0.18308300000001054,"failureMessages":[],"meta":{}}],"startTime":1765773810567,"endTime":1765773810582.2178,"status":"passed","message":"","name":"/Users/cronus/Dev/fast-track/frontend/test/stores/fasting.test.js"},{"assertionResults":[{"ancestorTitles":["Weight Store","Initial State"],"fullName":"Weight Store Initial State should have correct initial state","status":"passed","title":"should have correct initial state","duration":2.136166000000003,"failureMessages":[],"meta":{}},{"ancestorTitles":["Weight Store","Getters"],"fullName":"Weight Store Getters should return latest weight","status":"passed","title":"should return latest weight","duration":0.8149999999999409,"failureMessages":[],"meta":{}},{"ancestorTitles":["Weight Store","Getters"],"fullName":"Weight Store Getters should return weight by date correctly","status":"passed","title":"should return weight by date correctly","duration":0.630292000000054,"failureMessages":[],"meta":{}},{"ancestorTitles":["Weight Store","Getters"],"fullName":"Weight Store Getters should return weekly weight data","status":"passed","title":"should return weekly weight data","duration":10.612334000000033,"failureMessages":[],"meta":{}},{"ancestorTitles":["Weight Store","Getters"],"fullName":"Weight Store Getters should return daily weight data","status":"passed","title":"should return daily weight data","duration":0.7366250000000036,"failureMessages":[],"meta":{}},{"ancestorTitles":["Weight Store","Getters"],"fullName":"Weight Store Getters should return weight trend","status":"passed","title":"should return weight trend","duration":0.6780420000000049,"failureMessages":[],"meta":{}},{"ancestorTitles":["Weight Store","Actions","loadWeightEntries"],"fullName":"Weight Store Actions loadWeightEntries should load weight entries from offline storage","status":"passed","title":"should load weight entries from offline storage","duration":0.5050840000000107,"failureMessages":[],"meta":{}},{"ancestorTitles":["Weight Store","Actions","loadWeightEntries"],"fullName":"Weight Store Actions loadWeightEntries should handle loading errors","status":"passed","title":"should handle loading errors","duration":0.3450840000000426,"failureMessages":[],"meta":{}},{"ancestorTitles":["Weight Store","Actions","addWeightEntry"],"fullName":"Weight Store Actions addWeightEntry should add a new weight entry","status":"passed","title":"should add a new weight entry","duration":0.4891250000000582,"failureMessages":[],"meta":{}},{"ancestorTitles":["Weight Store","Actions","addWeightEntry"],"fullName":"Weight Store Actions addWeightEntry should add entry with custom date","status":"passed","title":"should add entry with custom date","duration":0.2956250000000864,"failureMessages":[],"meta":{}},{"ancestorTitles":["Weight Store","Actions","addWeightEntry"],"fullName":"Weight Store Actions addWeightEntry should handle add entry errors","status":"passed","title":"should handle add entry errors","duration":0.6379579999999123,"failureMessages":[],"meta":{}},{"ancestorTitles":["Weight Store","Actions","updateWeightEntry"],"fullName":"Weight Store Actions updateWeightEntry should update an existing weight entry","status":"passed","title":"should update an existing weight entry","duration":0.2535840000000462,"failureMessages":[],"meta":{}},{"ancestorTitles":["Weight Store","Actions","updateWeightEntry"],"fullName":"Weight Store Actions updateWeightEntry should handle entry not found","status":"passed","title":"should handle entry not found","duration":0.22795800000005784,"failureMessages":[],"meta":{}},{"ancestorTitles":["Weight Store","Actions","updateWeightEntry"],"fullName":"Weight Store Actions updateWeightEntry should handle update entry errors","status":"passed","title":"should handle update entry errors","duration":0.5289159999999811,"failureMessages":[],"meta":{}},{"ancestorTitles":["Weight Store","Actions","deleteWeightEntry"],"fullName":"Weight Store Actions deleteWeightEntry should delete a weight entry","status":"passed","title":"should delete a weight entry","duration":0.7844159999999647,"failureMessages":[],"meta":{}},{"ancestorTitles":["Weight Store","Actions","deleteWeightEntry"],"fullName":"Weight Store Actions deleteWeightEntry should handle entry not found","status":"passed","title":"should handle entry not found","duration":0.34904199999994034,"failureMessages":[],"meta":{}},{"ancestorTitles":["Weight Store","Actions","deleteWeightEntry"],"fullName":"Weight Store Actions deleteWeightEntry should handle delete entry errors","status":"passed","title":"should handle delete entry errors","duration":0.25779099999999744,"failureMessages":[],"meta":{}},{"ancestorTitles":["Weight Store","Actions","clearError"],"fullName":"Weight Store Actions clearError should clear the error state","status":"passed","title":"should clear the error state","duration":0.16558299999996962,"failureMessages":[],"meta":{}},{"ancestorTitles":["Weight Store","Data Export"],"fullName":"Weight Store Data Export should export weight data to CSV format","status":"passed","title":"should export weight data to CSV format","duration":0.36187500000005457,"failureMessages":[],"meta":{}},{"ancestorTitles":["Weight Store","Data Export"],"fullName":"Weight Store Data Export should export weight data to JSON format","status":"passed","title":"should export weight data to JSON format","duration":0.2882920000000695,"failureMessages":[],"meta":{}}],"startTime":1765773810591,"endTime":1765773810612.2883,"status":"passed","message":"","name":"/Users/cronus/Dev/fast-track/frontend/test/stores/weight.test.js"},{"assertionResults":[{"ancestorTitles":["Component Visual Tests","BaseStatsCard"],"fullName":"Component Visual Tests BaseStatsCard should render with default props","status":"passed","title":"should render with default props","duration":43.68216700000005,"failureMessages":[],"meta":{}},{"ancestorTitles":["Component Visual Tests","BaseStatsCard"],"fullName":"Component Visual Tests BaseStatsCard should render with trend data","status":"passed","title":"should render with trend data","duration":7.270458000000076,"failureMessages":[],"meta":{}},{"ancestorTitles":["Component Visual Tests","BaseStatsCard"],"fullName":"Component Visual Tests BaseStatsCard should handle different valueColor schemes","status":"passed","title":"should handle different valueColor schemes","duration":26.776208999999994,"failureMessages":[],"meta":{}},{"ancestorTitles":["Component Visual Tests","BaseDialog"],"fullName":"Component Visual Tests BaseDialog should render dialog component","status":"passed","title":"should render dialog component","duration":24.704582999999957,"failureMessages":[],"meta":{}},{"ancestorTitles":["Component Visual Tests","BaseDialog"],"fullName":"Component Visual Tests BaseDialog should expose loading state via props","status":"passed","title":"should expose loading state via props","duration":56.56104200000004,"failureMessages":[],"meta":{}},{"ancestorTitles":["Component Visual Tests","BaseDialog"],"fullName":"Component Visual Tests BaseDialog should accept different minWidth and maxWidth props","status":"passed","title":"should accept different minWidth and maxWidth props","duration":16.02470799999992,"failureMessages":[],"meta":{}},{"ancestorTitles":["Component Visual Tests","OptimizedChart"],"fullName":"Component Visual Tests OptimizedChart should render chart with data","status":"passed","title":"should render chart with data","duration":13.08158400000002,"failureMessages":[],"meta":{}},{"ancestorTitles":["Component Visual Tests","OptimizedChart"],"fullName":"Component Visual Tests OptimizedChart should accept showRetry prop for error handling","status":"passed","title":"should accept showRetry prop for error handling","duration":5.9181250000001455,"failureMessages":[],"meta":{}},{"ancestorTitles":["Component Visual Tests","OptimizedChart"],"fullName":"Component Visual Tests OptimizedChart should expose error via component state","status":"passed","title":"should expose error via component state","duration":4.918207999999822,"failureMessages":[],"meta":{}},{"ancestorTitles":["Component Visual Tests","OptimizedChart"],"fullName":"Component Visual Tests OptimizedChart should handle performance options","status":"passed","title":"should handle performance options","duration":3.839374999999791,"failureMessages":[],"meta":{}},{"ancestorTitles":["Component Visual Tests","Responsive Design"],"fullName":"Component Visual Tests Responsive Design should handle mobile viewport","status":"passed","title":"should handle mobile viewport","duration":1.3952080000001388,"failureMessages":[],"meta":{}},{"ancestorTitles":["Component Visual Tests","Responsive Design"],"fullName":"Component Visual Tests Responsive Design should handle tablet viewport","status":"passed","title":"should handle tablet viewport","duration":1.0416250000000673,"failureMessages":[],"meta":{}},{"ancestorTitles":["Component Visual Tests","Accessibility"],"fullName":"Component Visual Tests Accessibility should render accessible stats card","status":"passed","title":"should render accessible stats card","duration":0.8402909999999792,"failureMessages":[],"meta":{}},{"ancestorTitles":["Component Visual Tests","Accessibility"],"fullName":"Component Visual Tests Accessibility should render dialog with close functionality","status":"passed","title":"should render dialog with close functionality","duration":1.122624999999971,"failureMessages":[],"meta":{}}],"startTime":1765773810671,"endTime":1765773810880.1226,"status":"passed","message":"","name":"/Users/cronus/Dev/fast-track/frontend/test/visual/ComponentVisual.test.js"}]}