{"numTotalTestSuites":35,"numPassedTestSuites":22,"numFailedTestSuites":13,"numPendingTestSuites":0,"numTotalTests":61,"numPassedTests":49,"numFailedTests":12,"numPendingTests":0,"numTodoTests":0,"snapshot":{"added":0,"failure":false,"filesAdded":0,"filesRemoved":0,"filesRemovedList":[],"filesUnmatched":0,"filesUpdated":0,"matched":0,"total":0,"unchecked":0,"uncheckedKeysByFile":[],"unmatched":0,"updated":0,"didUpdate":false},"startTime":1753079260588,"success":false,"testResults":[{"assertionResults":[{"ancestorTitles":["CaloriesChart Component","Rendering"],"fullName":"CaloriesChart Component Rendering should render the component","status":"passed","title":"should render the component","duration":17.89379100000008,"failureMessages":[],"meta":{}},{"ancestorTitles":["CaloriesChart Component","Rendering"],"fullName":"CaloriesChart Component Rendering should render SVG with correct dimensions","status":"passed","title":"should render SVG with correct dimensions","duration":2.365583000000015,"failureMessages":[],"meta":{}},{"ancestorTitles":["CaloriesChart Component","Rendering"],"fullName":"CaloriesChart Component Rendering should render grid lines","status":"passed","title":"should render grid lines","duration":3.1515410000000657,"failureMessages":[],"meta":{}},{"ancestorTitles":["CaloriesChart Component","Rendering"],"fullName":"CaloriesChart Component Rendering should render gradient definition","status":"passed","title":"should render gradient definition","duration":2.523916999999983,"failureMessages":[],"meta":{}},{"ancestorTitles":["CaloriesChart Component","Basic Functionality"],"fullName":"CaloriesChart Component Basic Functionality should accept props correctly","status":"failed","title":"should accept props correctly","duration":5.750250000000051,"failureMessages":["AssertionError: expected undefined to deeply equal [ { date: '2024-01-10', …(1) }, …(5) ]\n    at /Users/cronus/Dev/energy-track/fast-track/test/components/CaloriesChart.test.js:61:37\n    at file:///Users/cronus/Dev/energy-track/fast-track/node_modules/@vitest/runner/dist/chunk-hooks.js:155:11\n    at file:///Users/cronus/Dev/energy-track/fast-track/node_modules/@vitest/runner/dist/chunk-hooks.js:752:26\n    at file:///Users/cronus/Dev/energy-track/fast-track/node_modules/@vitest/runner/dist/chunk-hooks.js:1897:20\n    at new Promise (<anonymous>)\n    at runWithTimeout (file:///Users/cronus/Dev/energy-track/fast-track/node_modules/@vitest/runner/dist/chunk-hooks.js:1863:10)\n    at runTest (file:///Users/cronus/Dev/energy-track/fast-track/node_modules/@vitest/runner/dist/chunk-hooks.js:1574:12)\n    at processTicksAndRejections (node:internal/process/task_queues:95:5)\n    at runSuite (file:///Users/cronus/Dev/energy-track/fast-track/node_modules/@vitest/runner/dist/chunk-hooks.js:1729:8)\n    at runSuite (file:///Users/cronus/Dev/energy-track/fast-track/node_modules/@vitest/runner/dist/chunk-hooks.js:1729:8)"],"meta":{}},{"ancestorTitles":["CaloriesChart Component","Basic Functionality"],"fullName":"CaloriesChart Component Basic Functionality should handle empty data gracefully","status":"passed","title":"should handle empty data gracefully","duration":3.0052500000000464,"failureMessages":[],"meta":{}},{"ancestorTitles":["CaloriesChart Component","SVG Structure"],"fullName":"CaloriesChart Component SVG Structure should have correct SVG structure","status":"passed","title":"should have correct SVG structure","duration":1.8632499999999936,"failureMessages":[],"meta":{}},{"ancestorTitles":["CaloriesChart Component","SVG Structure"],"fullName":"CaloriesChart Component SVG Structure should generate paths when data is provided","status":"passed","title":"should generate paths when data is provided","duration":3.059582999999975,"failureMessages":[],"meta":{}},{"ancestorTitles":["CaloriesChart Component","Props Reactivity"],"fullName":"CaloriesChart Component Props Reactivity should accept custom dimensions","status":"failed","title":"should accept custom dimensions","duration":6.556124999999952,"failureMessages":["AssertionError: expected '320' to be '400' // Object.is equality\n    at /Users/cronus/Dev/energy-track/fast-track/test/components/CaloriesChart.test.js:94:39\n    at processTicksAndRejections (node:internal/process/task_queues:95:5)\n    at file:///Users/cronus/Dev/energy-track/fast-track/node_modules/@vitest/runner/dist/chunk-hooks.js:752:20"],"meta":{}},{"ancestorTitles":["CaloriesChart Component","Props Reactivity"],"fullName":"CaloriesChart Component Props Reactivity should handle different data formats","status":"failed","title":"should handle different data formats","duration":2.685374999999908,"failureMessages":["AssertionError: expected undefined to deeply equal [ { date: '2024-01-01', …(1) }, …(1) ]\n    at /Users/cronus/Dev/energy-track/fast-track/test/components/CaloriesChart.test.js:105:37\n    at processTicksAndRejections (node:internal/process/task_queues:95:5)\n    at file:///Users/cronus/Dev/energy-track/fast-track/node_modules/@vitest/runner/dist/chunk-hooks.js:752:20"],"meta":{}},{"ancestorTitles":["CaloriesChart Component","Responsive Behavior"],"fullName":"CaloriesChart Component Responsive Behavior should maintain aspect ratio","status":"passed","title":"should maintain aspect ratio","duration":2.0256669999999986,"failureMessages":[],"meta":{}},{"ancestorTitles":["CaloriesChart Component","Edge Cases"],"fullName":"CaloriesChart Component Edge Cases should handle single data point","status":"failed","title":"should handle single data point","duration":2.6544169999999667,"failureMessages":["AssertionError: Target cannot be null or undefined.\n    at Proxy.<anonymous> (file:///Users/cronus/Dev/energy-track/fast-track/node_modules/@vitest/expect/dist/index.js:1257:20)\n    at Proxy.<anonymous> (file:///Users/cronus/Dev/energy-track/fast-track/node_modules/@vitest/expect/dist/index.js:1029:14)\n    at Proxy.methodWrapper (file:///Users/cronus/Dev/energy-track/fast-track/node_modules/chai/chai.js:1706:25)\n    at /Users/cronus/Dev/energy-track/fast-track/test/components/CaloriesChart.test.js:125:37\n    at processTicksAndRejections (node:internal/process/task_queues:95:5)\n    at file:///Users/cronus/Dev/energy-track/fast-track/node_modules/@vitest/runner/dist/chunk-hooks.js:752:20"],"meta":{}},{"ancestorTitles":["CaloriesChart Component","Edge Cases"],"fullName":"CaloriesChart Component Edge Cases should handle identical calorie values","status":"failed","title":"should handle identical calorie values","duration":8.159124999999904,"failureMessages":["AssertionError: Target cannot be null or undefined.\n    at Proxy.<anonymous> (file:///Users/cronus/Dev/energy-track/fast-track/node_modules/@vitest/expect/dist/index.js:1257:20)\n    at Proxy.<anonymous> (file:///Users/cronus/Dev/energy-track/fast-track/node_modules/@vitest/expect/dist/index.js:1029:14)\n    at Proxy.methodWrapper (file:///Users/cronus/Dev/energy-track/fast-track/node_modules/chai/chai.js:1706:25)\n    at /Users/cronus/Dev/energy-track/fast-track/test/components/CaloriesChart.test.js:136:37\n    at processTicksAndRejections (node:internal/process/task_queues:95:5)\n    at file:///Users/cronus/Dev/energy-track/fast-track/node_modules/@vitest/runner/dist/chunk-hooks.js:752:20"],"meta":{}},{"ancestorTitles":["CaloriesChart Component","Edge Cases"],"fullName":"CaloriesChart Component Edge Cases should handle very large numbers","status":"failed","title":"should handle very large numbers","duration":1.7459159999999656,"failureMessages":["AssertionError: Target cannot be null or undefined.\n    at Proxy.<anonymous> (file:///Users/cronus/Dev/energy-track/fast-track/node_modules/@vitest/expect/dist/index.js:1257:20)\n    at Proxy.<anonymous> (file:///Users/cronus/Dev/energy-track/fast-track/node_modules/@vitest/expect/dist/index.js:1029:14)\n    at Proxy.methodWrapper (file:///Users/cronus/Dev/energy-track/fast-track/node_modules/chai/chai.js:1706:25)\n    at /Users/cronus/Dev/energy-track/fast-track/test/components/CaloriesChart.test.js:148:37\n    at processTicksAndRejections (node:internal/process/task_queues:95:5)\n    at file:///Users/cronus/Dev/energy-track/fast-track/node_modules/@vitest/runner/dist/chunk-hooks.js:752:20"],"meta":{}}],"startTime":1753079261346,"endTime":1753079261409.7458,"status":"failed","message":"","name":"/Users/cronus/Dev/energy-track/fast-track/test/components/CaloriesChart.test.js"},{"assertionResults":[{"ancestorTitles":["Auth Service","register"],"fullName":"Auth Service register should register a new user successfully","status":"passed","title":"should register a new user successfully","duration":2.6388330000000906,"failureMessages":[],"meta":{}},{"ancestorTitles":["Auth Service","register"],"fullName":"Auth Service register should handle registration errors","status":"passed","title":"should handle registration errors","duration":4.028541000000018,"failureMessages":[],"meta":{}},{"ancestorTitles":["Auth Service","register"],"fullName":"Auth Service register should log registration success","status":"passed","title":"should log registration success","duration":0.5873330000000578,"failureMessages":[],"meta":{}},{"ancestorTitles":["Auth Service","login"],"fullName":"Auth Service login should login user successfully","status":"passed","title":"should login user successfully","duration":0.3407079999999496,"failureMessages":[],"meta":{}},{"ancestorTitles":["Auth Service","login"],"fullName":"Auth Service login should handle login errors","status":"passed","title":"should handle login errors","duration":0.48395800000002964,"failureMessages":[],"meta":{}},{"ancestorTitles":["Auth Service","login"],"fullName":"Auth Service login should log login success","status":"passed","title":"should log login success","duration":0.2072920000000522,"failureMessages":[],"meta":{}},{"ancestorTitles":["Auth Service","logout"],"fullName":"Auth Service logout should logout user successfully","status":"passed","title":"should logout user successfully","duration":0.13829199999997854,"failureMessages":[],"meta":{}},{"ancestorTitles":["Auth Service","logout"],"fullName":"Auth Service logout should handle logout errors","status":"passed","title":"should handle logout errors","duration":0.31412499999999,"failureMessages":[],"meta":{}},{"ancestorTitles":["Auth Service","logout"],"fullName":"Auth Service logout should log logout success","status":"passed","title":"should log logout success","duration":0.10608400000000984,"failureMessages":[],"meta":{}},{"ancestorTitles":["Auth Service","getCurrentUser"],"fullName":"Auth Service getCurrentUser should get current user successfully","status":"passed","title":"should get current user successfully","duration":0.18041700000003402,"failureMessages":[],"meta":{}},{"ancestorTitles":["Auth Service","getCurrentUser"],"fullName":"Auth Service getCurrentUser should return null on error","status":"passed","title":"should return null on error","duration":0.31454100000007656,"failureMessages":[],"meta":{}},{"ancestorTitles":["Auth Service","isLoggedIn"],"fullName":"Auth Service isLoggedIn should return true when user is logged in","status":"passed","title":"should return true when user is logged in","duration":0.06679200000007768,"failureMessages":[],"meta":{}},{"ancestorTitles":["Auth Service","isLoggedIn"],"fullName":"Auth Service isLoggedIn should return false when user is not logged in","status":"passed","title":"should return false when user is not logged in","duration":0.11562500000002274,"failureMessages":[],"meta":{}},{"ancestorTitles":["Auth Service","updatePreferences"],"fullName":"Auth Service updatePreferences should update user preferences successfully","status":"passed","title":"should update user preferences successfully","duration":1.1465409999999565,"failureMessages":[],"meta":{}},{"ancestorTitles":["Auth Service","updatePreferences"],"fullName":"Auth Service updatePreferences should handle update preferences errors","status":"passed","title":"should handle update preferences errors","duration":0.7963330000000042,"failureMessages":[],"meta":{}}],"startTime":1753079261290,"endTime":1753079261301.7964,"status":"passed","message":"","name":"/Users/cronus/Dev/energy-track/fast-track/test/services/auth.test.js"},{"assertionResults":[{"ancestorTitles":["Auth Store","Initial State"],"fullName":"Auth Store Initial State should have correct initial state","status":"passed","title":"should have correct initial state","duration":1.640374999999949,"failureMessages":[],"meta":{}},{"ancestorTitles":["Auth Store","Getters"],"fullName":"Auth Store Getters should return correct userId","status":"passed","title":"should return correct userId","duration":0.3466250000000173,"failureMessages":[],"meta":{}},{"ancestorTitles":["Auth Store","Getters"],"fullName":"Auth Store Getters should return userEmail","status":"passed","title":"should return userEmail","duration":0.32920899999999165,"failureMessages":[],"meta":{}},{"ancestorTitles":["Auth Store","Getters"],"fullName":"Auth Store Getters should return userName","status":"passed","title":"should return userName","duration":0.1772080000000642,"failureMessages":[],"meta":{}},{"ancestorTitles":["Auth Store","Getters"],"fullName":"Auth Store Getters should return default userId when no user","status":"passed","title":"should return default userId when no user","duration":0.25774999999998727,"failureMessages":[],"meta":{}},{"ancestorTitles":["Auth Store","Getters"],"fullName":"Auth Store Getters should return userPreferences","status":"passed","title":"should return userPreferences","duration":0.47683299999994233,"failureMessages":[],"meta":{}},{"ancestorTitles":["Auth Store","initAuth"],"fullName":"Auth Store initAuth should initialize with offline user from localStorage","status":"failed","title":"should initialize with offline user from localStorage","duration":6.156999999999925,"failureMessages":["AssertionError: expected null to deeply equal { id: 'test-user-123', …(3) }\n    at /Users/cronus/Dev/energy-track/fast-track/test/stores/auth.test.js:75:30\n    at processTicksAndRejections (node:internal/process/task_queues:95:5)\n    at file:///Users/cronus/Dev/energy-track/fast-track/node_modules/@vitest/runner/dist/chunk-hooks.js:752:20"],"meta":{}},{"ancestorTitles":["Auth Store","initAuth"],"fullName":"Auth Store initAuth should handle no stored user","status":"passed","title":"should handle no stored user","duration":0.7508330000000569,"failureMessages":[],"meta":{}},{"ancestorTitles":["Auth Store","register"],"fullName":"Auth Store register should register user in offline mode when Appwrite fails","status":"failed","title":"should register user in offline mode when Appwrite fails","duration":2.0673329999999623,"failureMessages":["AssertionError: expected undefined to be truthy\n    at /Users/cronus/Dev/energy-track/fast-track/test/stores/auth.test.js:100:54\n    at processTicksAndRejections (node:internal/process/task_queues:95:5)\n    at file:///Users/cronus/Dev/energy-track/fast-track/node_modules/@vitest/runner/dist/chunk-hooks.js:752:20"],"meta":{}},{"ancestorTitles":["Auth Store","register"],"fullName":"Auth Store register should handle registration errors","status":"failed","title":"should handle registration errors","duration":3.2291660000000775,"failureMessages":["Error: promise resolved \"{ id: 'offline-1705312800000', …(3) }\" instead of rejecting\n    at _Assertion.__VITEST_REJECTS__ (file:///Users/cronus/Dev/energy-track/fast-track/node_modules/@vitest/expect/dist/index.js:1610:17)\n    at _Assertion.propertyGetter (file:///Users/cronus/Dev/energy-track/fast-track/node_modules/chai/chai.js:1577:27)\n    at Reflect.get (<anonymous>)\n    at Object.proxyGetter [as get] (file:///Users/cronus/Dev/energy-track/fast-track/node_modules/chai/chai.js:1665:22)\n    at /Users/cronus/Dev/energy-track/fast-track/test/stores/auth.test.js:110:9\n    at processTicksAndRejections (node:internal/process/task_queues:95:5)\n    at file:///Users/cronus/Dev/energy-track/fast-track/node_modules/@vitest/runner/dist/chunk-hooks.js:752:20"],"meta":{}},{"ancestorTitles":["Auth Store","login"],"fullName":"Auth Store login should login with offline credentials when Appwrite fails","status":"failed","title":"should login with offline credentials when Appwrite fails","duration":0.9234169999999722,"failureMessages":["Error: Invalid credentials\n    at Proxy.login (/Users/cronus/Dev/energy-track/fast-track/src/stores/auth.js:105:17)\n    at processTicksAndRejections (node:internal/process/task_queues:95:5)\n    at /Users/cronus/Dev/energy-track/fast-track/test/stores/auth.test.js:126:22\n    at file:///Users/cronus/Dev/energy-track/fast-track/node_modules/@vitest/runner/dist/chunk-hooks.js:752:20"],"meta":{}},{"ancestorTitles":["Auth Store","login"],"fullName":"Auth Store login should reject invalid offline credentials","status":"passed","title":"should reject invalid offline credentials","duration":0.6775000000000091,"failureMessages":[],"meta":{}},{"ancestorTitles":["Auth Store","login"],"fullName":"Auth Store login should reject login with non-matching email","status":"passed","title":"should reject login with non-matching email","duration":0.37266599999998107,"failureMessages":[],"meta":{}},{"ancestorTitles":["Auth Store","login"],"fullName":"Auth Store login should handle login when no offline user exists","status":"passed","title":"should handle login when no offline user exists","duration":0.22070900000005622,"failureMessages":[],"meta":{}},{"ancestorTitles":["Auth Store","login"],"fullName":"Auth Store login should login successfully with Appwrite when available","status":"passed","title":"should login successfully with Appwrite when available","duration":0.24233399999991434,"failureMessages":[],"meta":{}},{"ancestorTitles":["Auth Store","error handling"],"fullName":"Auth Store error handling should set loading state correctly during async operations","status":"passed","title":"should set loading state correctly during async operations","duration":0.23054199999990033,"failureMessages":[],"meta":{}},{"ancestorTitles":["Auth Store","error handling"],"fullName":"Auth Store error handling should clear errors properly","status":"passed","title":"should clear errors properly","duration":0.1178340000000162,"failureMessages":[],"meta":{}}],"startTime":1753079261297,"endTime":1753079261315.2305,"status":"failed","message":"","name":"/Users/cronus/Dev/energy-track/fast-track/test/stores/auth.test.js"},{"assertionResults":[{"ancestorTitles":["Calories Store","Initial State"],"fullName":"Calories Store Initial State should have correct initial state","status":"passed","title":"should have correct initial state","duration":2.857874999999922,"failureMessages":[],"meta":{}},{"ancestorTitles":["Calories Store","Getters"],"fullName":"Calories Store Getters should get meals by date correctly","status":"failed","title":"should get meals by date correctly","duration":6.201332999999977,"failureMessages":["AssertionError: expected [ { id: 302, …(5) } ] to have a length of 2 but got 1\n    at Proxy.<anonymous> (file:///Users/cronus/Dev/energy-track/fast-track/node_modules/@vitest/expect/dist/index.js:1257:20)\n    at Proxy.<anonymous> (file:///Users/cronus/Dev/energy-track/fast-track/node_modules/@vitest/expect/dist/index.js:1029:14)\n    at Proxy.methodWrapper (file:///Users/cronus/Dev/energy-track/fast-track/node_modules/chai/chai.js:1706:25)\n    at /Users/cronus/Dev/energy-track/fast-track/test/stores/calories.test.js:72:27\n    at file:///Users/cronus/Dev/energy-track/fast-track/node_modules/@vitest/runner/dist/chunk-hooks.js:155:11\n    at file:///Users/cronus/Dev/energy-track/fast-track/node_modules/@vitest/runner/dist/chunk-hooks.js:752:26\n    at file:///Users/cronus/Dev/energy-track/fast-track/node_modules/@vitest/runner/dist/chunk-hooks.js:1897:20\n    at new Promise (<anonymous>)\n    at runWithTimeout (file:///Users/cronus/Dev/energy-track/fast-track/node_modules/@vitest/runner/dist/chunk-hooks.js:1863:10)\n    at runTest (file:///Users/cronus/Dev/energy-track/fast-track/node_modules/@vitest/runner/dist/chunk-hooks.js:1574:12)"],"meta":{}},{"ancestorTitles":["Calories Store","Getters"],"fullName":"Calories Store Getters should calculate calories by date correctly","status":"failed","title":"should calculate calories by date correctly","duration":4.094124999999963,"failureMessages":["AssertionError: expected 400 to be 800 // Object.is equality\n    at /Users/cronus/Dev/energy-track/fast-track/test/stores/calories.test.js:84:30\n    at file:///Users/cronus/Dev/energy-track/fast-track/node_modules/@vitest/runner/dist/chunk-hooks.js:155:11\n    at file:///Users/cronus/Dev/energy-track/fast-track/node_modules/@vitest/runner/dist/chunk-hooks.js:752:26\n    at file:///Users/cronus/Dev/energy-track/fast-track/node_modules/@vitest/runner/dist/chunk-hooks.js:1897:20\n    at new Promise (<anonymous>)\n    at runWithTimeout (file:///Users/cronus/Dev/energy-track/fast-track/node_modules/@vitest/runner/dist/chunk-hooks.js:1863:10)\n    at runTest (file:///Users/cronus/Dev/energy-track/fast-track/node_modules/@vitest/runner/dist/chunk-hooks.js:1574:12)\n    at processTicksAndRejections (node:internal/process/task_queues:95:5)\n    at runSuite (file:///Users/cronus/Dev/energy-track/fast-track/node_modules/@vitest/runner/dist/chunk-hooks.js:1729:8)\n    at runSuite (file:///Users/cronus/Dev/energy-track/fast-track/node_modules/@vitest/runner/dist/chunk-hooks.js:1729:8)"],"meta":{}},{"ancestorTitles":["Calories Store","Getters"],"fullName":"Calories Store Getters should calculate weekly calories correctly","status":"passed","title":"should calculate weekly calories correctly","duration":0.9492500000000064,"failureMessages":[],"meta":{}},{"ancestorTitles":["Calories Store","Actions","loadMeals"],"fullName":"Calories Store Actions loadMeals should load meals from offline storage","status":"passed","title":"should load meals from offline storage","duration":1.1555000000000746,"failureMessages":[],"meta":{}},{"ancestorTitles":["Calories Store","Actions","loadMeals"],"fullName":"Calories Store Actions loadMeals should handle loading errors","status":"passed","title":"should handle loading errors","duration":1.050292000000013,"failureMessages":[],"meta":{}},{"ancestorTitles":["Calories Store","Actions","addMeal"],"fullName":"Calories Store Actions addMeal should add a meal successfully","status":"passed","title":"should add a meal successfully","duration":1.3120840000000271,"failureMessages":[],"meta":{}},{"ancestorTitles":["Calories Store","Actions","addMeal"],"fullName":"Calories Store Actions addMeal should handle adding meal with no notes","status":"passed","title":"should handle adding meal with no notes","duration":0.3369589999999789,"failureMessages":[],"meta":{}},{"ancestorTitles":["Calories Store","Actions","addMeal"],"fullName":"Calories Store Actions addMeal should handle add meal errors","status":"passed","title":"should handle add meal errors","duration":0.8334169999999403,"failureMessages":[],"meta":{}},{"ancestorTitles":["Calories Store","Actions","updateMeal"],"fullName":"Calories Store Actions updateMeal should update a meal successfully","status":"passed","title":"should update a meal successfully","duration":0.3557500000000573,"failureMessages":[],"meta":{}},{"ancestorTitles":["Calories Store","Actions","updateMeal"],"fullName":"Calories Store Actions updateMeal should handle update meal errors","status":"passed","title":"should handle update meal errors","duration":0.36933300000009694,"failureMessages":[],"meta":{}},{"ancestorTitles":["Calories Store","Actions","deleteMeal"],"fullName":"Calories Store Actions deleteMeal should delete a meal successfully","status":"passed","title":"should delete a meal successfully","duration":0.28233299999999417,"failureMessages":[],"meta":{}},{"ancestorTitles":["Calories Store","Actions","deleteMeal"],"fullName":"Calories Store Actions deleteMeal should handle delete meal errors","status":"passed","title":"should handle delete meal errors","duration":0.32825000000002547,"failureMessages":[],"meta":{}},{"ancestorTitles":["Calories Store","Actions","updateTodaysData"],"fullName":"Calories Store Actions updateTodaysData should update todays meals and calories","status":"passed","title":"should update todays meals and calories","duration":0.21366699999998673,"failureMessages":[],"meta":{}},{"ancestorTitles":["Calories Store","Actions","clearError"],"fullName":"Calories Store Actions clearError should clear the error state","status":"passed","title":"should clear the error state","duration":0.12154099999997925,"failureMessages":[],"meta":{}}],"startTime":1753079261323,"endTime":1753079261344.2136,"status":"failed","message":"","name":"/Users/cronus/Dev/energy-track/fast-track/test/stores/calories.test.js"}]}