{
  "/Users/cronus/Dev/energy-track/fast-track/dist/pwa/sw.js": {
    "path": "/Users/cronus/Dev/energy-track/fast-track/dist/pwa/sw.js",
    "all": true,
    "statementMap": {
      "0": { "start": { "line": 1, "column": 0 }, "end": { "line": 1, "column": 6226 } }
    },
    "s": { "0": 0 },
    "branchMap": {
      "0": {
        "type": "branch",
        "line": 1,
        "loc": { "start": { "line": 1, "column": 0 }, "end": { "line": 1, "column": 6226 } },
        "locations": [{ "start": { "line": 1, "column": 0 }, "end": { "line": 1, "column": 6226 } }]
      }
    },
    "b": { "0": [0] },
    "fnMap": {
      "0": {
        "name": "(empty-report)",
        "decl": { "start": { "line": 1, "column": 0 }, "end": { "line": 1, "column": 6226 } },
        "loc": { "start": { "line": 1, "column": 0 }, "end": { "line": 1, "column": 6226 } },
        "line": 1
      }
    },
    "f": { "0": 0 }
  },
  "/Users/cronus/Dev/energy-track/fast-track/dist/pwa/workbox-cbf6a0d6.js": {
    "path": "/Users/cronus/Dev/energy-track/fast-track/dist/pwa/workbox-cbf6a0d6.js",
    "all": true,
    "statementMap": {
      "0": { "start": { "line": 1, "column": 0 }, "end": { "line": 1, "column": 22360 } }
    },
    "s": { "0": 0 },
    "branchMap": {
      "0": {
        "type": "branch",
        "line": 1,
        "loc": { "start": { "line": 1, "column": 0 }, "end": { "line": 1, "column": 22339 } },
        "locations": [
          { "start": { "line": 1, "column": 0 }, "end": { "line": 1, "column": 22339 } }
        ]
      }
    },
    "b": { "0": [0] },
    "fnMap": {
      "0": {
        "name": "(empty-report)",
        "decl": { "start": { "line": 1, "column": 0 }, "end": { "line": 1, "column": 22339 } },
        "loc": { "start": { "line": 1, "column": 0 }, "end": { "line": 1, "column": 22339 } },
        "line": 1
      }
    },
    "f": { "0": 0 }
  },
  "/Users/cronus/Dev/energy-track/fast-track/dist/pwa/assets/AnalyticsPage-B3Kgb67Y.js": {
    "path": "/Users/cronus/Dev/energy-track/fast-track/dist/pwa/assets/AnalyticsPage-B3Kgb67Y.js",
    "all": true,
    "statementMap": {
      "0": { "start": { "line": 1, "column": 0 }, "end": { "line": 1, "column": 2100 } },
      "1": { "start": { "line": 2, "column": 0 }, "end": { "line": 2, "column": 23 } },
      "2": { "start": { "line": 3, "column": 0 }, "end": { "line": 3, "column": 41 } },
      "3": { "start": { "line": 4, "column": 0 }, "end": { "line": 4, "column": 25 } },
      "4": { "start": { "line": 5, "column": 0 }, "end": { "line": 5, "column": 33 } },
      "5": { "start": { "line": 6, "column": 0 }, "end": { "line": 6, "column": 7684 } },
      "6": { "start": { "line": 7, "column": 0 }, "end": { "line": 7, "column": 18 } },
      "7": { "start": { "line": 8, "column": 0 }, "end": { "line": 8, "column": 26 } },
      "8": { "start": { "line": 9, "column": 0 }, "end": { "line": 9, "column": 33 } },
      "9": { "start": { "line": 10, "column": 0 }, "end": { "line": 10, "column": 33 } },
      "10": { "start": { "line": 11, "column": 0 }, "end": { "line": 11, "column": 31032 } },
      "11": { "start": { "line": 12, "column": 0 }, "end": { "line": 12, "column": 18 } },
      "12": { "start": { "line": 13, "column": 0 }, "end": { "line": 13, "column": 26 } },
      "13": { "start": { "line": 14, "column": 0 }, "end": { "line": 14, "column": 33 } },
      "14": { "start": { "line": 15, "column": 0 }, "end": { "line": 15, "column": 33 } },
      "15": { "start": { "line": 16, "column": 0 }, "end": { "line": 16, "column": 116366 } },
      "16": { "start": { "line": 17, "column": 0 }, "end": { "line": 17, "column": 15 } },
      "17": { "start": { "line": 18, "column": 0 }, "end": { "line": 18, "column": 55094 } },
      "18": { "start": { "line": 19, "column": 0 }, "end": { "line": 19, "column": 465 } },
      "19": { "start": { "line": 20, "column": 0 }, "end": { "line": 20, "column": 39 } },
      "20": { "start": { "line": 21, "column": 0 }, "end": { "line": 21, "column": 28 } },
      "21": { "start": { "line": 22, "column": 0 }, "end": { "line": 22, "column": 43 } },
      "22": { "start": { "line": 23, "column": 0 }, "end": { "line": 23, "column": 40 } },
      "23": { "start": { "line": 24, "column": 0 }, "end": { "line": 24, "column": 2877 } }
    },
    "s": {
      "0": 0,
      "1": 0,
      "2": 0,
      "3": 0,
      "4": 0,
      "5": 0,
      "6": 0,
      "7": 0,
      "8": 0,
      "9": 0,
      "10": 0,
      "11": 0,
      "12": 0,
      "13": 0,
      "14": 0,
      "15": 0,
      "16": 0,
      "17": 0,
      "18": 0,
      "19": 0,
      "20": 0,
      "21": 0,
      "22": 0,
      "23": 0
    },
    "branchMap": {
      "0": {
        "type": "branch",
        "line": 1,
        "loc": { "start": { "line": 1, "column": 216148 }, "end": { "line": 24, "column": 2877 } },
        "locations": [
          { "start": { "line": 1, "column": 216148 }, "end": { "line": 24, "column": 2877 } }
        ]
      }
    },
    "b": { "0": [0] },
    "fnMap": {
      "0": {
        "name": "(empty-report)",
        "decl": { "start": { "line": 1, "column": 216148 }, "end": { "line": 24, "column": 2877 } },
        "loc": { "start": { "line": 1, "column": 216148 }, "end": { "line": 24, "column": 2877 } },
        "line": 1
      }
    },
    "f": { "0": 0 }
  },
  "/Users/cronus/Dev/energy-track/fast-track/dist/pwa/assets/CaloriesPage-Be6yJDm5.js": {
    "path": "/Users/cronus/Dev/energy-track/fast-track/dist/pwa/assets/CaloriesPage-Be6yJDm5.js",
    "all": true,
    "statementMap": {
      "0": { "start": { "line": 1, "column": 0 }, "end": { "line": 1, "column": 19033 } }
    },
    "s": { "0": 0 },
    "branchMap": {
      "0": {
        "type": "branch",
        "line": 1,
        "loc": { "start": { "line": 1, "column": 19033 }, "end": { "line": 1, "column": 19033 } },
        "locations": [
          { "start": { "line": 1, "column": 19033 }, "end": { "line": 1, "column": 19033 } }
        ]
      }
    },
    "b": { "0": [0] },
    "fnMap": {
      "0": {
        "name": "(empty-report)",
        "decl": { "start": { "line": 1, "column": 19033 }, "end": { "line": 1, "column": 19033 } },
        "loc": { "start": { "line": 1, "column": 19033 }, "end": { "line": 1, "column": 19033 } },
        "line": 1
      }
    },
    "f": { "0": 0 }
  },
  "/Users/cronus/Dev/energy-track/fast-track/dist/pwa/assets/DialogHeader-CHrGcuDg.js": {
    "path": "/Users/cronus/Dev/energy-track/fast-track/dist/pwa/assets/DialogHeader-CHrGcuDg.js",
    "all": true,
    "statementMap": {
      "0": { "start": { "line": 1, "column": 0 }, "end": { "line": 1, "column": 75644 } }
    },
    "s": { "0": 0 },
    "branchMap": {
      "0": {
        "type": "branch",
        "line": 1,
        "loc": { "start": { "line": 1, "column": 75644 }, "end": { "line": 1, "column": 75644 } },
        "locations": [
          { "start": { "line": 1, "column": 75644 }, "end": { "line": 1, "column": 75644 } }
        ]
      }
    },
    "b": { "0": [0] },
    "fnMap": {
      "0": {
        "name": "(empty-report)",
        "decl": { "start": { "line": 1, "column": 75644 }, "end": { "line": 1, "column": 75644 } },
        "loc": { "start": { "line": 1, "column": 75644 }, "end": { "line": 1, "column": 75644 } },
        "line": 1
      }
    },
    "f": { "0": 0 }
  },
  "/Users/cronus/Dev/energy-track/fast-track/dist/pwa/assets/ErrorNotFound-ommFkHpZ.js": {
    "path": "/Users/cronus/Dev/energy-track/fast-track/dist/pwa/assets/ErrorNotFound-ommFkHpZ.js",
    "all": true,
    "statementMap": {
      "0": { "start": { "line": 1, "column": 0 }, "end": { "line": 1, "column": 515 } }
    },
    "s": { "0": 0 },
    "branchMap": {
      "0": {
        "type": "branch",
        "line": 1,
        "loc": { "start": { "line": 1, "column": 515 }, "end": { "line": 1, "column": 515 } },
        "locations": [
          { "start": { "line": 1, "column": 515 }, "end": { "line": 1, "column": 515 } }
        ]
      }
    },
    "b": { "0": [0] },
    "fnMap": {
      "0": {
        "name": "(empty-report)",
        "decl": { "start": { "line": 1, "column": 515 }, "end": { "line": 1, "column": 515 } },
        "loc": { "start": { "line": 1, "column": 515 }, "end": { "line": 1, "column": 515 } },
        "line": 1
      }
    },
    "f": { "0": 0 }
  },
  "/Users/cronus/Dev/energy-track/fast-track/dist/pwa/assets/FastingPage-pNW2Qh2G.js": {
    "path": "/Users/cronus/Dev/energy-track/fast-track/dist/pwa/assets/FastingPage-pNW2Qh2G.js",
    "all": true,
    "statementMap": {
      "0": { "start": { "line": 1, "column": 0 }, "end": { "line": 1, "column": 2869 } }
    },
    "s": { "0": 0 },
    "branchMap": {
      "0": {
        "type": "branch",
        "line": 1,
        "loc": { "start": { "line": 1, "column": 2869 }, "end": { "line": 1, "column": 2869 } },
        "locations": [
          { "start": { "line": 1, "column": 2869 }, "end": { "line": 1, "column": 2869 } }
        ]
      }
    },
    "b": { "0": [0] },
    "fnMap": {
      "0": {
        "name": "(empty-report)",
        "decl": { "start": { "line": 1, "column": 2869 }, "end": { "line": 1, "column": 2869 } },
        "loc": { "start": { "line": 1, "column": 2869 }, "end": { "line": 1, "column": 2869 } },
        "line": 1
      }
    },
    "f": { "0": 0 }
  },
  "/Users/cronus/Dev/energy-track/fast-track/dist/pwa/assets/LoginPage-CvKhVU3y.js": {
    "path": "/Users/cronus/Dev/energy-track/fast-track/dist/pwa/assets/LoginPage-CvKhVU3y.js",
    "all": true,
    "statementMap": {
      "0": { "start": { "line": 1, "column": 0 }, "end": { "line": 1, "column": 4604 } }
    },
    "s": { "0": 0 },
    "branchMap": {
      "0": {
        "type": "branch",
        "line": 1,
        "loc": { "start": { "line": 1, "column": 4604 }, "end": { "line": 1, "column": 4604 } },
        "locations": [
          { "start": { "line": 1, "column": 4604 }, "end": { "line": 1, "column": 4604 } }
        ]
      }
    },
    "b": { "0": [0] },
    "fnMap": {
      "0": {
        "name": "(empty-report)",
        "decl": { "start": { "line": 1, "column": 4604 }, "end": { "line": 1, "column": 4604 } },
        "loc": { "start": { "line": 1, "column": 4604 }, "end": { "line": 1, "column": 4604 } },
        "line": 1
      }
    },
    "f": { "0": 0 }
  },
  "/Users/cronus/Dev/energy-track/fast-track/dist/pwa/assets/MainLayout-8hZCDovd.js": {
    "path": "/Users/cronus/Dev/energy-track/fast-track/dist/pwa/assets/MainLayout-8hZCDovd.js",
    "all": true,
    "statementMap": {
      "0": { "start": { "line": 1, "column": 0 }, "end": { "line": 1, "column": 23513 } }
    },
    "s": { "0": 0 },
    "branchMap": {
      "0": {
        "type": "branch",
        "line": 1,
        "loc": { "start": { "line": 1, "column": 23513 }, "end": { "line": 1, "column": 23513 } },
        "locations": [
          { "start": { "line": 1, "column": 23513 }, "end": { "line": 1, "column": 23513 } }
        ]
      }
    },
    "b": { "0": [0] },
    "fnMap": {
      "0": {
        "name": "(empty-report)",
        "decl": { "start": { "line": 1, "column": 23513 }, "end": { "line": 1, "column": 23513 } },
        "loc": { "start": { "line": 1, "column": 23513 }, "end": { "line": 1, "column": 23513 } },
        "line": 1
      }
    },
    "f": { "0": 0 }
  },
  "/Users/cronus/Dev/energy-track/fast-track/dist/pwa/assets/QBtnToggle-C3Ohx-Ws.js": {
    "path": "/Users/cronus/Dev/energy-track/fast-track/dist/pwa/assets/QBtnToggle-C3Ohx-Ws.js",
    "all": true,
    "statementMap": {
      "0": { "start": { "line": 1, "column": 0 }, "end": { "line": 1, "column": 2499 } }
    },
    "s": { "0": 0 },
    "branchMap": {
      "0": {
        "type": "branch",
        "line": 1,
        "loc": { "start": { "line": 1, "column": 2499 }, "end": { "line": 1, "column": 2499 } },
        "locations": [
          { "start": { "line": 1, "column": 2499 }, "end": { "line": 1, "column": 2499 } }
        ]
      }
    },
    "b": { "0": [0] },
    "fnMap": {
      "0": {
        "name": "(empty-report)",
        "decl": { "start": { "line": 1, "column": 2499 }, "end": { "line": 1, "column": 2499 } },
        "loc": { "start": { "line": 1, "column": 2499 }, "end": { "line": 1, "column": 2499 } },
        "line": 1
      }
    },
    "f": { "0": 0 }
  },
  "/Users/cronus/Dev/energy-track/fast-track/dist/pwa/assets/QCard-DsBjwnGc.js": {
    "path": "/Users/cronus/Dev/energy-track/fast-track/dist/pwa/assets/QCard-DsBjwnGc.js",
    "all": true,
    "statementMap": {
      "0": { "start": { "line": 1, "column": 0 }, "end": { "line": 1, "column": 1062 } }
    },
    "s": { "0": 0 },
    "branchMap": {
      "0": {
        "type": "branch",
        "line": 1,
        "loc": { "start": { "line": 1, "column": 1062 }, "end": { "line": 1, "column": 1062 } },
        "locations": [
          { "start": { "line": 1, "column": 1062 }, "end": { "line": 1, "column": 1062 } }
        ]
      }
    },
    "b": { "0": [0] },
    "fnMap": {
      "0": {
        "name": "(empty-report)",
        "decl": { "start": { "line": 1, "column": 1062 }, "end": { "line": 1, "column": 1062 } },
        "loc": { "start": { "line": 1, "column": 1062 }, "end": { "line": 1, "column": 1062 } },
        "line": 1
      }
    },
    "f": { "0": 0 }
  },
  "/Users/cronus/Dev/energy-track/fast-track/dist/pwa/assets/QInput-B_QKs5Ci.js": {
    "path": "/Users/cronus/Dev/energy-track/fast-track/dist/pwa/assets/QInput-B_QKs5Ci.js",
    "all": true,
    "statementMap": {
      "0": { "start": { "line": 1, "column": 0 }, "end": { "line": 1, "column": 25530 } }
    },
    "s": { "0": 0 },
    "branchMap": {
      "0": {
        "type": "branch",
        "line": 1,
        "loc": { "start": { "line": 1, "column": 25530 }, "end": { "line": 1, "column": 25530 } },
        "locations": [
          { "start": { "line": 1, "column": 25530 }, "end": { "line": 1, "column": 25530 } }
        ]
      }
    },
    "b": { "0": [0] },
    "fnMap": {
      "0": {
        "name": "(empty-report)",
        "decl": { "start": { "line": 1, "column": 25530 }, "end": { "line": 1, "column": 25530 } },
        "loc": { "start": { "line": 1, "column": 25530 }, "end": { "line": 1, "column": 25530 } },
        "line": 1
      }
    },
    "f": { "0": 0 }
  },
  "/Users/cronus/Dev/energy-track/fast-track/dist/pwa/assets/QLayout-CDJn_wlr.js": {
    "path": "/Users/cronus/Dev/energy-track/fast-track/dist/pwa/assets/QLayout-CDJn_wlr.js",
    "all": true,
    "statementMap": {
      "0": { "start": { "line": 1, "column": 0 }, "end": { "line": 1, "column": 6523 } }
    },
    "s": { "0": 0 },
    "branchMap": {
      "0": {
        "type": "branch",
        "line": 1,
        "loc": { "start": { "line": 1, "column": 6523 }, "end": { "line": 1, "column": 6523 } },
        "locations": [
          { "start": { "line": 1, "column": 6523 }, "end": { "line": 1, "column": 6523 } }
        ]
      }
    },
    "b": { "0": [0] },
    "fnMap": {
      "0": {
        "name": "(empty-report)",
        "decl": { "start": { "line": 1, "column": 6523 }, "end": { "line": 1, "column": 6523 } },
        "loc": { "start": { "line": 1, "column": 6523 }, "end": { "line": 1, "column": 6523 } },
        "line": 1
      }
    },
    "f": { "0": 0 }
  },
  "/Users/cronus/Dev/energy-track/fast-track/dist/pwa/assets/QPage-BgbJ14dN.js": {
    "path": "/Users/cronus/Dev/energy-track/fast-track/dist/pwa/assets/QPage-BgbJ14dN.js",
    "all": true,
    "statementMap": {
      "0": { "start": { "line": 1, "column": 0 }, "end": { "line": 1, "column": 894 } }
    },
    "s": { "0": 0 },
    "branchMap": {
      "0": {
        "type": "branch",
        "line": 1,
        "loc": { "start": { "line": 1, "column": 894 }, "end": { "line": 1, "column": 894 } },
        "locations": [
          { "start": { "line": 1, "column": 894 }, "end": { "line": 1, "column": 894 } }
        ]
      }
    },
    "b": { "0": [0] },
    "fnMap": {
      "0": {
        "name": "(empty-report)",
        "decl": { "start": { "line": 1, "column": 894 }, "end": { "line": 1, "column": 894 } },
        "loc": { "start": { "line": 1, "column": 894 }, "end": { "line": 1, "column": 894 } },
        "line": 1
      }
    },
    "f": { "0": 0 }
  },
  "/Users/cronus/Dev/energy-track/fast-track/dist/pwa/assets/SettingsPage-D-N4D2X2.js": {
    "path": "/Users/cronus/Dev/energy-track/fast-track/dist/pwa/assets/SettingsPage-D-N4D2X2.js",
    "all": true,
    "statementMap": {
      "0": { "start": { "line": 1, "column": 0 }, "end": { "line": 1, "column": 43270 } },
      "1": { "start": { "line": 2, "column": 0 }, "end": { "line": 2, "column": 83 } },
      "2": { "start": { "line": 3, "column": 0 }, "end": { "line": 3, "column": 119 } },
      "3": { "start": { "line": 4, "column": 0 }, "end": { "line": 4, "column": 21104 } }
    },
    "s": { "0": 0, "1": 0, "2": 0, "3": 0 },
    "branchMap": {
      "0": {
        "type": "branch",
        "line": 1,
        "loc": { "start": { "line": 1, "column": 64579 }, "end": { "line": 4, "column": 21104 } },
        "locations": [
          { "start": { "line": 1, "column": 64579 }, "end": { "line": 4, "column": 21104 } }
        ]
      }
    },
    "b": { "0": [0] },
    "fnMap": {
      "0": {
        "name": "(empty-report)",
        "decl": { "start": { "line": 1, "column": 64579 }, "end": { "line": 4, "column": 21104 } },
        "loc": { "start": { "line": 1, "column": 64579 }, "end": { "line": 4, "column": 21104 } },
        "line": 1
      }
    },
    "f": { "0": 0 }
  },
  "/Users/cronus/Dev/energy-track/fast-track/dist/pwa/assets/_plugin-vue_export-helper-DfXOXxoj.js": {
    "path": "/Users/cronus/Dev/energy-track/fast-track/dist/pwa/assets/_plugin-vue_export-helper-DfXOXxoj.js",
    "all": true,
    "statementMap": {
      "0": { "start": { "line": 1, "column": 0 }, "end": { "line": 1, "column": 5291 } },
      "1": { "start": { "line": 2, "column": 0 }, "end": { "line": 2, "column": 562 } },
      "2": { "start": { "line": 3, "column": 0 }, "end": { "line": 3, "column": 100050 } }
    },
    "s": { "0": 0, "1": 0, "2": 0 },
    "branchMap": {
      "0": {
        "type": "branch",
        "line": 1,
        "loc": { "start": { "line": 1, "column": 105905 }, "end": { "line": 3, "column": 100050 } },
        "locations": [
          { "start": { "line": 1, "column": 105905 }, "end": { "line": 3, "column": 100050 } }
        ]
      }
    },
    "b": { "0": [0] },
    "fnMap": {
      "0": {
        "name": "(empty-report)",
        "decl": {
          "start": { "line": 1, "column": 105905 },
          "end": { "line": 3, "column": 100050 }
        },
        "loc": { "start": { "line": 1, "column": 105905 }, "end": { "line": 3, "column": 100050 } },
        "line": 1
      }
    },
    "f": { "0": 0 }
  },
  "/Users/cronus/Dev/energy-track/fast-track/dist/pwa/assets/calories-1_qWFWcb.js": {
    "path": "/Users/cronus/Dev/energy-track/fast-track/dist/pwa/assets/calories-1_qWFWcb.js",
    "all": true,
    "statementMap": {
      "0": { "start": { "line": 1, "column": 0 }, "end": { "line": 1, "column": 3976 } }
    },
    "s": { "0": 0 },
    "branchMap": {
      "0": {
        "type": "branch",
        "line": 1,
        "loc": { "start": { "line": 1, "column": 3976 }, "end": { "line": 1, "column": 3976 } },
        "locations": [
          { "start": { "line": 1, "column": 3976 }, "end": { "line": 1, "column": 3976 } }
        ]
      }
    },
    "b": { "0": [0] },
    "fnMap": {
      "0": {
        "name": "(empty-report)",
        "decl": { "start": { "line": 1, "column": 3976 }, "end": { "line": 1, "column": 3976 } },
        "loc": { "start": { "line": 1, "column": 3976 }, "end": { "line": 1, "column": 3976 } },
        "line": 1
      }
    },
    "f": { "0": 0 }
  },
  "/Users/cronus/Dev/energy-track/fast-track/dist/pwa/assets/fasting-B_Lb0KE3.js": {
    "path": "/Users/cronus/Dev/energy-track/fast-track/dist/pwa/assets/fasting-B_Lb0KE3.js",
    "all": true,
    "statementMap": {
      "0": { "start": { "line": 1, "column": 0 }, "end": { "line": 1, "column": 7817 } }
    },
    "s": { "0": 0 },
    "branchMap": {
      "0": {
        "type": "branch",
        "line": 1,
        "loc": { "start": { "line": 1, "column": 7817 }, "end": { "line": 1, "column": 7817 } },
        "locations": [
          { "start": { "line": 1, "column": 7817 }, "end": { "line": 1, "column": 7817 } }
        ]
      }
    },
    "b": { "0": [0] },
    "fnMap": {
      "0": {
        "name": "(empty-report)",
        "decl": { "start": { "line": 1, "column": 7817 }, "end": { "line": 1, "column": 7817 } },
        "loc": { "start": { "line": 1, "column": 7817 }, "end": { "line": 1, "column": 7817 } },
        "line": 1
      }
    },
    "f": { "0": 0 }
  },
  "/Users/cronus/Dev/energy-track/fast-track/dist/pwa/assets/index-Bfu9UyXH.js": {
    "path": "/Users/cronus/Dev/energy-track/fast-track/dist/pwa/assets/index-Bfu9UyXH.js",
    "all": true,
    "statementMap": {
      "0": { "start": { "line": 1, "column": 0 }, "end": { "line": 1, "column": 915 } },
      "1": { "start": { "line": 2, "column": 0 }, "end": { "line": 2, "column": 3 } },
      "2": { "start": { "line": 3, "column": 0 }, "end": { "line": 3, "column": 21 } },
      "3": { "start": { "line": 4, "column": 0 }, "end": { "line": 4, "column": 55 } },
      "4": { "start": { "line": 5, "column": 0 }, "end": { "line": 5, "column": 14 } },
      "5": { "start": { "line": 6, "column": 0 }, "end": { "line": 6, "column": 2761 } },
      "6": { "start": { "line": 7, "column": 0 }, "end": { "line": 7, "column": 25 } },
      "7": { "start": { "line": 8, "column": 0 }, "end": { "line": 8, "column": 55 } },
      "8": { "start": { "line": 9, "column": 0 }, "end": { "line": 9, "column": 14 } },
      "9": { "start": { "line": 10, "column": 0 }, "end": { "line": 10, "column": 16271 } },
      "10": { "start": { "line": 11, "column": 0 }, "end": { "line": 11, "column": 27 } },
      "11": { "start": { "line": 12, "column": 0 }, "end": { "line": 12, "column": 55 } },
      "12": { "start": { "line": 13, "column": 0 }, "end": { "line": 13, "column": 14 } },
      "13": { "start": { "line": 14, "column": 0 }, "end": { "line": 14, "column": 41701 } },
      "14": { "start": { "line": 15, "column": 0 }, "end": { "line": 15, "column": 26 } },
      "15": { "start": { "line": 16, "column": 0 }, "end": { "line": 16, "column": 55 } },
      "16": { "start": { "line": 17, "column": 0 }, "end": { "line": 17, "column": 14 } },
      "17": { "start": { "line": 18, "column": 0 }, "end": { "line": 18, "column": 31504 } },
      "18": { "start": { "line": 19, "column": 0 }, "end": { "line": 19, "column": 15 } },
      "19": { "start": { "line": 20, "column": 0 }, "end": { "line": 20, "column": 37 } },
      "20": { "start": { "line": 21, "column": 0 }, "end": { "line": 21, "column": 15 } },
      "21": { "start": { "line": 22, "column": 0 }, "end": { "line": 22, "column": 3576 } },
      "22": { "start": { "line": 23, "column": 0 }, "end": { "line": 23, "column": 21 } },
      "23": { "start": { "line": 24, "column": 0 }, "end": { "line": 24, "column": 38 } },
      "24": { "start": { "line": 25, "column": 0 }, "end": { "line": 25, "column": 16 } },
      "25": { "start": { "line": 26, "column": 0 }, "end": { "line": 26, "column": 84795 } }
    },
    "s": {
      "0": 0,
      "1": 0,
      "2": 0,
      "3": 0,
      "4": 0,
      "5": 0,
      "6": 0,
      "7": 0,
      "8": 0,
      "9": 0,
      "10": 0,
      "11": 0,
      "12": 0,
      "13": 0,
      "14": 0,
      "15": 0,
      "16": 0,
      "17": 0,
      "18": 0,
      "19": 0,
      "20": 0,
      "21": 0,
      "22": 0,
      "23": 0,
      "24": 0,
      "25": 0
    },
    "branchMap": {
      "0": {
        "type": "branch",
        "line": 1,
        "loc": { "start": { "line": 1, "column": 182068 }, "end": { "line": 26, "column": 84795 } },
        "locations": [
          { "start": { "line": 1, "column": 182068 }, "end": { "line": 26, "column": 84795 } }
        ]
      }
    },
    "b": { "0": [0] },
    "fnMap": {
      "0": {
        "name": "(empty-report)",
        "decl": {
          "start": { "line": 1, "column": 182068 },
          "end": { "line": 26, "column": 84795 }
        },
        "loc": { "start": { "line": 1, "column": 182068 }, "end": { "line": 26, "column": 84795 } },
        "line": 1
      }
    },
    "f": { "0": 0 }
  },
  "/Users/cronus/Dev/energy-track/fast-track/dist/pwa/assets/rtl-DFPa-2ov.js": {
    "path": "/Users/cronus/Dev/energy-track/fast-track/dist/pwa/assets/rtl-DFPa-2ov.js",
    "all": true,
    "statementMap": {
      "0": { "start": { "line": 1, "column": 0 }, "end": { "line": 1, "column": 341 } }
    },
    "s": { "0": 0 },
    "branchMap": {
      "0": {
        "type": "branch",
        "line": 1,
        "loc": { "start": { "line": 1, "column": 341 }, "end": { "line": 1, "column": 341 } },
        "locations": [
          { "start": { "line": 1, "column": 341 }, "end": { "line": 1, "column": 341 } }
        ]
      }
    },
    "b": { "0": [0] },
    "fnMap": {
      "0": {
        "name": "(empty-report)",
        "decl": { "start": { "line": 1, "column": 341 }, "end": { "line": 1, "column": 341 } },
        "loc": { "start": { "line": 1, "column": 341 }, "end": { "line": 1, "column": 341 } },
        "line": 1
      }
    },
    "f": { "0": 0 }
  },
  "/Users/cronus/Dev/energy-track/fast-track/dist/pwa/assets/scroll-DGYQrll_.js": {
    "path": "/Users/cronus/Dev/energy-track/fast-track/dist/pwa/assets/scroll-DGYQrll_.js",
    "all": true,
    "statementMap": {
      "0": { "start": { "line": 1, "column": 0 }, "end": { "line": 1, "column": 2151 } }
    },
    "s": { "0": 0 },
    "branchMap": {
      "0": {
        "type": "branch",
        "line": 1,
        "loc": { "start": { "line": 1, "column": 2151 }, "end": { "line": 1, "column": 2151 } },
        "locations": [
          { "start": { "line": 1, "column": 2151 }, "end": { "line": 1, "column": 2151 } }
        ]
      }
    },
    "b": { "0": [0] },
    "fnMap": {
      "0": {
        "name": "(empty-report)",
        "decl": { "start": { "line": 1, "column": 2151 }, "end": { "line": 1, "column": 2151 } },
        "loc": { "start": { "line": 1, "column": 2151 }, "end": { "line": 1, "column": 2151 } },
        "line": 1
      }
    },
    "f": { "0": 0 }
  },
  "/Users/cronus/Dev/energy-track/fast-track/dist/pwa/assets/use-dark-Dp6Z-rul.js": {
    "path": "/Users/cronus/Dev/energy-track/fast-track/dist/pwa/assets/use-dark-Dp6Z-rul.js",
    "all": true,
    "statementMap": {
      "0": { "start": { "line": 1, "column": 0 }, "end": { "line": 1, "column": 167 } }
    },
    "s": { "0": 0 },
    "branchMap": {
      "0": {
        "type": "branch",
        "line": 1,
        "loc": { "start": { "line": 1, "column": 167 }, "end": { "line": 1, "column": 167 } },
        "locations": [
          { "start": { "line": 1, "column": 167 }, "end": { "line": 1, "column": 167 } }
        ]
      }
    },
    "b": { "0": [0] },
    "fnMap": {
      "0": {
        "name": "(empty-report)",
        "decl": { "start": { "line": 1, "column": 167 }, "end": { "line": 1, "column": 167 } },
        "loc": { "start": { "line": 1, "column": 167 }, "end": { "line": 1, "column": 167 } },
        "line": 1
      }
    },
    "f": { "0": 0 }
  },
  "/Users/cronus/Dev/energy-track/fast-track/dist/pwa/assets/use-quasar-_690ZdW6.js": {
    "path": "/Users/cronus/Dev/energy-track/fast-track/dist/pwa/assets/use-quasar-_690ZdW6.js",
    "all": true,
    "statementMap": {
      "0": { "start": { "line": 1, "column": 0 }, "end": { "line": 1, "column": 7048 } }
    },
    "s": { "0": 0 },
    "branchMap": {
      "0": {
        "type": "branch",
        "line": 1,
        "loc": { "start": { "line": 1, "column": 7048 }, "end": { "line": 1, "column": 7048 } },
        "locations": [
          { "start": { "line": 1, "column": 7048 }, "end": { "line": 1, "column": 7048 } }
        ]
      }
    },
    "b": { "0": [0] },
    "fnMap": {
      "0": {
        "name": "(empty-report)",
        "decl": { "start": { "line": 1, "column": 7048 }, "end": { "line": 1, "column": 7048 } },
        "loc": { "start": { "line": 1, "column": 7048 }, "end": { "line": 1, "column": 7048 } },
        "line": 1
      }
    },
    "f": { "0": 0 }
  },
  "/Users/cronus/Dev/energy-track/fast-track/dist/pwa/assets/use-timeout-BMi5ausV.js": {
    "path": "/Users/cronus/Dev/energy-track/fast-track/dist/pwa/assets/use-timeout-BMi5ausV.js",
    "all": true,
    "statementMap": {
      "0": { "start": { "line": 1, "column": 0 }, "end": { "line": 1, "column": 424 } }
    },
    "s": { "0": 0 },
    "branchMap": {
      "0": {
        "type": "branch",
        "line": 1,
        "loc": { "start": { "line": 1, "column": 424 }, "end": { "line": 1, "column": 424 } },
        "locations": [
          { "start": { "line": 1, "column": 424 }, "end": { "line": 1, "column": 424 } }
        ]
      }
    },
    "b": { "0": [0] },
    "fnMap": {
      "0": {
        "name": "(empty-report)",
        "decl": { "start": { "line": 1, "column": 424 }, "end": { "line": 1, "column": 424 } },
        "loc": { "start": { "line": 1, "column": 424 }, "end": { "line": 1, "column": 424 } },
        "line": 1
      }
    },
    "f": { "0": 0 }
  },
  "/Users/cronus/Dev/energy-track/fast-track/src/App.vue": {
    "path": "/Users/cronus/Dev/energy-track/fast-track/src/App.vue",
    "all": true,
    "statementMap": {
      "1": { "start": { "line": 2, "column": 0 }, "end": { "line": 2, "column": 17 } },
      "5": { "start": { "line": 6, "column": 0 }, "end": { "line": 6, "column": 2 } }
    },
    "s": { "1": 0, "5": 0 },
    "branchMap": {
      "0": {
        "type": "branch",
        "line": 1,
        "loc": { "start": { "line": 1, "column": 69 }, "end": { "line": 7, "column": 9 } },
        "locations": [{ "start": { "line": 1, "column": 69 }, "end": { "line": 7, "column": 9 } }]
      }
    },
    "b": { "0": [1] },
    "fnMap": {
      "0": {
        "name": "(empty-report)",
        "decl": { "start": { "line": 1, "column": 69 }, "end": { "line": 7, "column": 9 } },
        "loc": { "start": { "line": 1, "column": 69 }, "end": { "line": 7, "column": 9 } },
        "line": 1
      }
    },
    "f": { "0": 1 }
  },
  "/Users/cronus/Dev/energy-track/fast-track/src-pwa/custom-service-worker.js": {
    "path": "/Users/cronus/Dev/energy-track/fast-track/src-pwa/custom-service-worker.js",
    "all": true,
    "statementMap": {
      "0": { "start": { "line": 1, "column": 0 }, "end": { "line": 1, "column": 30 } },
      "2": { "start": { "line": 3, "column": 0 }, "end": { "line": 3, "column": 2 } },
      "3": { "start": { "line": 4, "column": 0 }, "end": { "line": 4, "column": 48 } },
      "4": { "start": { "line": 5, "column": 0 }, "end": { "line": 5, "column": 43 } },
      "5": { "start": { "line": 6, "column": 0 }, "end": { "line": 6, "column": 68 } },
      "6": { "start": { "line": 7, "column": 0 }, "end": { "line": 7, "column": 3 } },
      "8": { "start": { "line": 9, "column": 0 }, "end": { "line": 9, "column": 43 } },
      "9": { "start": { "line": 10, "column": 0 }, "end": { "line": 10, "column": 101 } },
      "10": { "start": { "line": 11, "column": 0 }, "end": { "line": 11, "column": 64 } },
      "12": { "start": { "line": 13, "column": 0 }, "end": { "line": 13, "column": 18 } },
      "13": { "start": { "line": 14, "column": 0 }, "end": { "line": 14, "column": 14 } },
      "15": { "start": { "line": 16, "column": 0 }, "end": { "line": 16, "column": 30 } },
      "16": { "start": { "line": 17, "column": 0 }, "end": { "line": 17, "column": 36 } },
      "18": { "start": { "line": 19, "column": 0 }, "end": { "line": 19, "column": 23 } },
      "20": { "start": { "line": 21, "column": 0 }, "end": { "line": 21, "column": 34 } },
      "21": { "start": { "line": 22, "column": 0 }, "end": { "line": 22, "column": 60 } },
      "22": { "start": { "line": 23, "column": 0 }, "end": { "line": 23, "column": 53 } },
      "23": { "start": { "line": 24, "column": 0 }, "end": { "line": 24, "column": 16 } },
      "24": { "start": { "line": 25, "column": 0 }, "end": { "line": 25, "column": 24 } },
      "25": { "start": { "line": 26, "column": 0 }, "end": { "line": 26, "column": 61 } },
      "26": { "start": { "line": 27, "column": 0 }, "end": { "line": 27, "column": 91 } },
      "27": { "start": { "line": 28, "column": 0 }, "end": { "line": 28, "column": 5 } },
      "28": { "start": { "line": 29, "column": 0 }, "end": { "line": 29, "column": 3 } },
      "29": { "start": { "line": 30, "column": 0 }, "end": { "line": 30, "column": 1 } }
    },
    "s": {
      "0": 0,
      "2": 0,
      "3": 0,
      "4": 0,
      "5": 0,
      "6": 0,
      "8": 0,
      "9": 0,
      "10": 0,
      "12": 0,
      "13": 0,
      "15": 0,
      "16": 0,
      "18": 0,
      "20": 0,
      "21": 0,
      "22": 0,
      "23": 0,
      "24": 0,
      "25": 0,
      "26": 0,
      "27": 0,
      "28": 0,
      "29": 0
    },
    "branchMap": {
      "0": {
        "type": "branch",
        "line": 1,
        "loc": { "start": { "line": 1, "column": 202 }, "end": { "line": 30, "column": -278 } },
        "locations": [
          { "start": { "line": 1, "column": 202 }, "end": { "line": 30, "column": -278 } }
        ]
      }
    },
    "b": { "0": [0] },
    "fnMap": {
      "0": {
        "name": "(empty-report)",
        "decl": { "start": { "line": 1, "column": 202 }, "end": { "line": 30, "column": -278 } },
        "loc": { "start": { "line": 1, "column": 202 }, "end": { "line": 30, "column": -278 } },
        "line": 1
      }
    },
    "f": { "0": 0 }
  },
  "/Users/cronus/Dev/energy-track/fast-track/src-pwa/register-service-worker.js": {
    "path": "/Users/cronus/Dev/energy-track/fast-track/src-pwa/register-service-worker.js",
    "all": true,
    "statementMap": {
      "0": { "start": { "line": 1, "column": 0 }, "end": { "line": 1, "column": 50 } },
      "2": { "start": { "line": 3, "column": 0 }, "end": { "line": 3, "column": 67 } },
      "3": { "start": { "line": 4, "column": 0 }, "end": { "line": 4, "column": 73 } },
      "4": { "start": { "line": 5, "column": 0 }, "end": { "line": 5, "column": 104 } },
      "6": { "start": { "line": 7, "column": 0 }, "end": { "line": 7, "column": 43 } },
      "7": { "start": { "line": 8, "column": 0 }, "end": { "line": 8, "column": 73 } },
      "8": { "start": { "line": 9, "column": 0 }, "end": { "line": 9, "column": 41 } },
      "9": { "start": { "line": 10, "column": 0 }, "end": { "line": 10, "column": 95 } },
      "11": { "start": { "line": 12, "column": 0 }, "end": { "line": 12, "column": 42 } },
      "13": { "start": { "line": 14, "column": 0 }, "end": { "line": 14, "column": 30 } },
      "14": { "start": { "line": 15, "column": 0 }, "end": { "line": 15, "column": 47 } },
      "15": { "start": { "line": 16, "column": 0 }, "end": { "line": 16, "column": 4 } },
      "17": { "start": { "line": 18, "column": 0 }, "end": { "line": 18, "column": 35 } },
      "18": { "start": { "line": 19, "column": 0 }, "end": { "line": 19, "column": 57 } },
      "19": { "start": { "line": 20, "column": 0 }, "end": { "line": 20, "column": 4 } },
      "21": { "start": { "line": 22, "column": 0 }, "end": { "line": 22, "column": 31 } },
      "22": { "start": { "line": 23, "column": 0 }, "end": { "line": 23, "column": 62 } },
      "23": { "start": { "line": 24, "column": 0 }, "end": { "line": 24, "column": 4 } },
      "25": { "start": { "line": 26, "column": 0 }, "end": { "line": 26, "column": 36 } },
      "26": { "start": { "line": 27, "column": 0 }, "end": { "line": 27, "column": 49 } },
      "27": { "start": { "line": 28, "column": 0 }, "end": { "line": 28, "column": 4 } },
      "29": { "start": { "line": 30, "column": 0 }, "end": { "line": 30, "column": 32 } },
      "30": { "start": { "line": 31, "column": 0 }, "end": { "line": 31, "column": 63 } },
      "31": { "start": { "line": 32, "column": 0 }, "end": { "line": 32, "column": 4 } },
      "33": { "start": { "line": 34, "column": 0 }, "end": { "line": 34, "column": 14 } },
      "34": { "start": { "line": 35, "column": 0 }, "end": { "line": 35, "column": 83 } },
      "35": { "start": { "line": 36, "column": 0 }, "end": { "line": 36, "column": 4 } },
      "37": { "start": { "line": 38, "column": 0 }, "end": { "line": 38, "column": 21 } },
      "38": { "start": { "line": 39, "column": 0 }, "end": { "line": 39, "column": 70 } },
      "39": { "start": { "line": 40, "column": 0 }, "end": { "line": 40, "column": 3 } },
      "40": { "start": { "line": 41, "column": 0 }, "end": { "line": 41, "column": 2 } }
    },
    "s": {
      "0": 0,
      "2": 0,
      "3": 0,
      "4": 0,
      "6": 0,
      "7": 0,
      "8": 0,
      "9": 0,
      "11": 0,
      "13": 0,
      "14": 0,
      "15": 0,
      "17": 0,
      "18": 0,
      "19": 0,
      "21": 0,
      "22": 0,
      "23": 0,
      "25": 0,
      "26": 0,
      "27": 0,
      "29": 0,
      "30": 0,
      "31": 0,
      "33": 0,
      "34": 0,
      "35": 0,
      "37": 0,
      "38": 0,
      "39": 0,
      "40": 0
    },
    "branchMap": {
      "0": {
        "type": "branch",
        "line": 1,
        "loc": { "start": { "line": 1, "column": 0 }, "end": { "line": 41, "column": -88 } },
        "locations": [{ "start": { "line": 1, "column": 0 }, "end": { "line": 41, "column": -88 } }]
      }
    },
    "b": { "0": [0] },
    "fnMap": {
      "0": {
        "name": "(empty-report)",
        "decl": { "start": { "line": 1, "column": 0 }, "end": { "line": 41, "column": -88 } },
        "loc": { "start": { "line": 1, "column": 0 }, "end": { "line": 41, "column": -88 } },
        "line": 1
      }
    },
    "f": { "0": 0 }
  },
  "/Users/cronus/Dev/energy-track/fast-track/src/boot/notifications.js": {
    "path": "/Users/cronus/Dev/energy-track/fast-track/src/boot/notifications.js",
    "all": true,
    "statementMap": {
      "0": { "start": { "line": 1, "column": 0 }, "end": { "line": 1, "column": 38 } },
      "1": { "start": { "line": 2, "column": 0 }, "end": { "line": 2, "column": 66 } },
      "3": { "start": { "line": 4, "column": 0 }, "end": { "line": 4, "column": 42 } },
      "4": { "start": { "line": 5, "column": 0 }, "end": { "line": 5, "column": 56 } },
      "5": { "start": { "line": 6, "column": 0 }, "end": { "line": 6, "column": 7 } },
      "6": { "start": { "line": 7, "column": 0 }, "end": { "line": 7, "column": 59 } },
      "7": { "start": { "line": 8, "column": 0 }, "end": { "line": 8, "column": 4 } },
      "8": { "start": { "line": 9, "column": 0 }, "end": { "line": 9, "column": 35 } },
      "9": { "start": { "line": 10, "column": 0 }, "end": { "line": 10, "column": 4 } },
      "10": { "start": { "line": 11, "column": 0 }, "end": { "line": 11, "column": 41 } },
      "11": { "start": { "line": 12, "column": 0 }, "end": { "line": 12, "column": 56 } },
      "12": { "start": { "line": 13, "column": 0 }, "end": { "line": 13, "column": 54 } },
      "13": { "start": { "line": 14, "column": 0 }, "end": { "line": 14, "column": 5 } },
      "14": { "start": { "line": 15, "column": 0 }, "end": { "line": 15, "column": 4 } },
      "15": { "start": { "line": 16, "column": 0 }, "end": { "line": 16, "column": 51 } },
      "16": { "start": { "line": 17, "column": 0 }, "end": { "line": 17, "column": 19 } },
      "17": { "start": { "line": 18, "column": 0 }, "end": { "line": 18, "column": 63 } },
      "18": { "start": { "line": 19, "column": 0 }, "end": { "line": 19, "column": 62 } },
      "19": { "start": { "line": 20, "column": 0 }, "end": { "line": 20, "column": 3 } },
      "20": { "start": { "line": 21, "column": 0 }, "end": { "line": 21, "column": 2 } }
    },
    "s": {
      "0": 0,
      "1": 0,
      "3": 0,
      "4": 0,
      "5": 0,
      "6": 0,
      "7": 0,
      "8": 0,
      "9": 0,
      "10": 0,
      "11": 0,
      "12": 0,
      "13": 0,
      "14": 0,
      "15": 0,
      "16": 0,
      "17": 0,
      "18": 0,
      "19": 0,
      "20": 0
    },
    "branchMap": {
      "0": {
        "type": "branch",
        "line": 1,
        "loc": { "start": { "line": 1, "column": 691 }, "end": { "line": 21, "column": 2 } },
        "locations": [{ "start": { "line": 1, "column": 691 }, "end": { "line": 21, "column": 2 } }]
      }
    },
    "b": { "0": [0] },
    "fnMap": {
      "0": {
        "name": "(empty-report)",
        "decl": { "start": { "line": 1, "column": 691 }, "end": { "line": 21, "column": 2 } },
        "loc": { "start": { "line": 1, "column": 691 }, "end": { "line": 21, "column": 2 } },
        "line": 1
      }
    },
    "f": { "0": 0 }
  },
  "/Users/cronus/Dev/energy-track/fast-track/src/boot/theme.js": {
    "path": "/Users/cronus/Dev/energy-track/fast-track/src/boot/theme.js",
    "all": true,
    "statementMap": {
      "0": { "start": { "line": 1, "column": 0 }, "end": { "line": 1, "column": 38 } },
      "1": { "start": { "line": 2, "column": 0 }, "end": { "line": 2, "column": 50 } },
      "3": { "start": { "line": 4, "column": 0 }, "end": { "line": 4, "column": 36 } },
      "4": { "start": { "line": 5, "column": 0 }, "end": { "line": 5, "column": 34 } },
      "5": { "start": { "line": 6, "column": 0 }, "end": { "line": 6, "column": 7 } },
      "6": { "start": { "line": 7, "column": 0 }, "end": { "line": 7, "column": 43 } },
      "7": { "start": { "line": 8, "column": 0 }, "end": { "line": 8, "column": 21 } },
      "8": { "start": { "line": 9, "column": 0 }, "end": { "line": 9, "column": 56 } },
      "9": { "start": { "line": 10, "column": 0 }, "end": { "line": 10, "column": 19 } },
      "10": { "start": { "line": 11, "column": 0 }, "end": { "line": 11, "column": 62 } },
      "11": { "start": { "line": 12, "column": 0 }, "end": { "line": 12, "column": 55 } },
      "12": { "start": { "line": 13, "column": 0 }, "end": { "line": 13, "column": 3 } },
      "13": { "start": { "line": 14, "column": 0 }, "end": { "line": 14, "column": 2 } }
    },
    "s": {
      "0": 0,
      "1": 0,
      "3": 0,
      "4": 0,
      "5": 0,
      "6": 0,
      "7": 0,
      "8": 0,
      "9": 0,
      "10": 0,
      "11": 0,
      "12": 0,
      "13": 0
    },
    "branchMap": {
      "0": {
        "type": "branch",
        "line": 1,
        "loc": { "start": { "line": 1, "column": 439 }, "end": { "line": 14, "column": 2 } },
        "locations": [{ "start": { "line": 1, "column": 439 }, "end": { "line": 14, "column": 2 } }]
      }
    },
    "b": { "0": [0] },
    "fnMap": {
      "0": {
        "name": "(empty-report)",
        "decl": { "start": { "line": 1, "column": 439 }, "end": { "line": 14, "column": 2 } },
        "loc": { "start": { "line": 1, "column": 439 }, "end": { "line": 14, "column": 2 } },
        "line": 1
      }
    },
    "f": { "0": 0 }
  },
  "/Users/cronus/Dev/energy-track/fast-track/src/components/CaloriesChart.vue": {
    "path": "/Users/cronus/Dev/energy-track/fast-track/src/components/CaloriesChart.vue",
    "all": false,
    "statementMap": {
      "1": { "start": { "line": 2, "column": 0 }, "end": { "line": 2, "column": 30 } },
      "2": { "start": { "line": 3, "column": 0 }, "end": { "line": 3, "column": 8 } },
      "3": { "start": { "line": 4, "column": 0 }, "end": { "line": 4, "column": 25 } },
      "4": { "start": { "line": 5, "column": 0 }, "end": { "line": 5, "column": 27 } },
      "5": { "start": { "line": 6, "column": 0 }, "end": { "line": 6, "column": 27 } },
      "6": { "start": { "line": 7, "column": 0 }, "end": { "line": 7, "column": 23 } },
      "8": { "start": { "line": 9, "column": 0 }, "end": { "line": 9, "column": 25 } },
      "9": { "start": { "line": 10, "column": 0 }, "end": { "line": 10, "column": 28 } },
      "10": { "start": { "line": 11, "column": 0 }, "end": { "line": 11, "column": 13 } },
      "11": { "start": { "line": 12, "column": 0 }, "end": { "line": 12, "column": 24 } },
      "12": { "start": { "line": 13, "column": 0 }, "end": { "line": 13, "column": 18 } },
      "13": { "start": { "line": 14, "column": 0 }, "end": { "line": 14, "column": 17 } },
      "14": { "start": { "line": 15, "column": 0 }, "end": { "line": 15, "column": 24 } },
      "15": { "start": { "line": 16, "column": 0 }, "end": { "line": 16, "column": 19 } },
      "16": { "start": { "line": 17, "column": 0 }, "end": { "line": 17, "column": 24 } },
      "17": { "start": { "line": 18, "column": 0 }, "end": { "line": 18, "column": 26 } },
      "18": { "start": { "line": 19, "column": 0 }, "end": { "line": 19, "column": 26 } },
      "19": { "start": { "line": 20, "column": 0 }, "end": { "line": 20, "column": 10 } },
      "20": { "start": { "line": 21, "column": 0 }, "end": { "line": 21, "column": 10 } },
      "22": { "start": { "line": 23, "column": 0 }, "end": { "line": 23, "column": 34 } },
      "23": { "start": { "line": 24, "column": 0 }, "end": { "line": 24, "column": 12 } },
      "24": { "start": { "line": 25, "column": 0 }, "end": { "line": 25, "column": 77 } },
      "25": { "start": { "line": 26, "column": 0 }, "end": { "line": 26, "column": 74 } },
      "26": { "start": { "line": 27, "column": 0 }, "end": { "line": 27, "column": 76 } },
      "27": { "start": { "line": 28, "column": 0 }, "end": { "line": 28, "column": 25 } },
      "28": { "start": { "line": 29, "column": 0 }, "end": { "line": 29, "column": 13 } },
      "30": { "start": { "line": 31, "column": 0 }, "end": { "line": 31, "column": 30 } },
      "31": { "start": { "line": 32, "column": 0 }, "end": { "line": 32, "column": 11 } },
      "32": { "start": { "line": 33, "column": 0 }, "end": { "line": 33, "column": 21 } },
      "33": { "start": { "line": 34, "column": 0 }, "end": { "line": 34, "column": 34 } },
      "34": { "start": { "line": 35, "column": 0 }, "end": { "line": 35, "column": 21 } },
      "35": { "start": { "line": 36, "column": 0 }, "end": { "line": 36, "column": 8 } },
      "37": { "start": { "line": 38, "column": 0 }, "end": { "line": 38, "column": 25 } },
      "38": { "start": { "line": 39, "column": 0 }, "end": { "line": 39, "column": 11 } },
      "39": { "start": { "line": 40, "column": 0 }, "end": { "line": 40, "column": 21 } },
      "40": { "start": { "line": 41, "column": 0 }, "end": { "line": 41, "column": 19 } },
      "41": { "start": { "line": 42, "column": 0 }, "end": { "line": 42, "column": 24 } },
      "42": { "start": { "line": 43, "column": 0 }, "end": { "line": 43, "column": 24 } },
      "43": { "start": { "line": 44, "column": 0 }, "end": { "line": 44, "column": 30 } },
      "44": { "start": { "line": 45, "column": 0 }, "end": { "line": 45, "column": 31 } },
      "45": { "start": { "line": 46, "column": 0 }, "end": { "line": 46, "column": 8 } },
      "47": { "start": { "line": 48, "column": 0 }, "end": { "line": 48, "column": 26 } },
      "48": { "start": { "line": 49, "column": 0 }, "end": { "line": 49, "column": 13 } },
      "49": { "start": { "line": 50, "column": 0 }, "end": { "line": 50, "column": 45 } },
      "50": { "start": { "line": 51, "column": 0 }, "end": { "line": 51, "column": 20 } },
      "51": { "start": { "line": 52, "column": 0 }, "end": { "line": 52, "column": 21 } },
      "52": { "start": { "line": 53, "column": 0 }, "end": { "line": 53, "column": 21 } },
      "53": { "start": { "line": 54, "column": 0 }, "end": { "line": 54, "column": 13 } },
      "54": { "start": { "line": 55, "column": 0 }, "end": { "line": 55, "column": 22 } },
      "55": { "start": { "line": 56, "column": 0 }, "end": { "line": 56, "column": 22 } },
      "56": { "start": { "line": 57, "column": 0 }, "end": { "line": 57, "column": 24 } },
      "57": { "start": { "line": 58, "column": 0 }, "end": { "line": 58, "column": 8 } },
      "58": { "start": { "line": 59, "column": 0 }, "end": { "line": 59, "column": 10 } },
      "60": { "start": { "line": 61, "column": 0 }, "end": { "line": 61, "column": 23 } },
      "61": { "start": { "line": 62, "column": 0 }, "end": { "line": 62, "column": 28 } },
      "62": { "start": { "line": 63, "column": 0 }, "end": { "line": 63, "column": 10 } },
      "63": { "start": { "line": 64, "column": 0 }, "end": { "line": 64, "column": 41 } },
      "64": { "start": { "line": 65, "column": 0 }, "end": { "line": 65, "column": 20 } },
      "65": { "start": { "line": 66, "column": 0 }, "end": { "line": 66, "column": 25 } },
      "66": { "start": { "line": 67, "column": 0 }, "end": { "line": 67, "column": 49 } },
      "68": { "start": { "line": 69, "column": 0 }, "end": { "line": 69, "column": 17 } },
      "69": { "start": { "line": 70, "column": 0 }, "end": { "line": 70, "column": 12 } },
      "70": { "start": { "line": 71, "column": 0 }, "end": { "line": 71, "column": 10 } },
      "71": { "start": { "line": 72, "column": 0 }, "end": { "line": 72, "column": 8 } },
      "75": { "start": { "line": 76, "column": 0 }, "end": { "line": 76, "column": 41 } },
      "76": { "start": { "line": 77, "column": 0 }, "end": { "line": 77, "column": 56 } },
      "78": { "start": { "line": 79, "column": 0 }, "end": { "line": 79, "column": 27 } },
      "86": { "start": { "line": 87, "column": 0 }, "end": { "line": 87, "column": 40 } },
      "88": { "start": { "line": 89, "column": 0 }, "end": { "line": 89, "column": 22 } },
      "89": { "start": { "line": 90, "column": 0 }, "end": { "line": 90, "column": 23 } },
      "90": { "start": { "line": 91, "column": 0 }, "end": { "line": 91, "column": 23 } },
      "92": { "start": { "line": 93, "column": 0 }, "end": { "line": 93, "column": 37 } },
      "93": { "start": { "line": 94, "column": 0 }, "end": { "line": 94, "column": 34 } },
      "94": { "start": { "line": 95, "column": 0 }, "end": { "line": 95, "column": 35 } },
      "95": { "start": { "line": 96, "column": 0 }, "end": { "line": 96, "column": 68 } },
      "96": { "start": { "line": 97, "column": 0 }, "end": { "line": 97, "column": 55 } },
      "97": { "start": { "line": 98, "column": 0 }, "end": { "line": 98, "column": 10 } },
      "98": { "start": { "line": 99, "column": 0 }, "end": { "line": 99, "column": 37 } },
      "99": { "start": { "line": 100, "column": 0 }, "end": { "line": 100, "column": 52 } },
      "100": { "start": { "line": 101, "column": 0 }, "end": { "line": 101, "column": 15 } },
      "101": { "start": { "line": 102, "column": 0 }, "end": { "line": 102, "column": 3 } },
      "102": { "start": { "line": 103, "column": 0 }, "end": { "line": 103, "column": 2 } },
      "104": { "start": { "line": 105, "column": 0 }, "end": { "line": 105, "column": 35 } },
      "105": { "start": { "line": 106, "column": 0 }, "end": { "line": 106, "column": 35 } },
      "106": { "start": { "line": 107, "column": 0 }, "end": { "line": 107, "column": 52 } },
      "107": { "start": { "line": 108, "column": 0 }, "end": { "line": 108, "column": 26 } },
      "108": { "start": { "line": 109, "column": 0 }, "end": { "line": 109, "column": 32 } },
      "109": { "start": { "line": 110, "column": 0 }, "end": { "line": 110, "column": 62 } },
      "110": { "start": { "line": 111, "column": 0 }, "end": { "line": 111, "column": 10 } },
      "111": { "start": { "line": 112, "column": 0 }, "end": { "line": 112, "column": 18 } },
      "112": { "start": { "line": 113, "column": 0 }, "end": { "line": 113, "column": 37 } },
      "113": { "start": { "line": 114, "column": 0 }, "end": { "line": 114, "column": 81 } },
      "114": { "start": { "line": 115, "column": 0 }, "end": { "line": 115, "column": 3 } },
      "115": { "start": { "line": 116, "column": 0 }, "end": { "line": 116, "column": 2 } },
      "117": { "start": { "line": 118, "column": 0 }, "end": { "line": 118, "column": 34 } },
      "118": { "start": { "line": 119, "column": 0 }, "end": { "line": 119, "column": 35 } },
      "119": { "start": { "line": 120, "column": 0 }, "end": { "line": 120, "column": 26 } },
      "120": { "start": { "line": 121, "column": 0 }, "end": { "line": 121, "column": 10 } },
      "121": { "start": { "line": 122, "column": 0 }, "end": { "line": 122, "column": 27 } },
      "122": { "start": { "line": 123, "column": 0 }, "end": { "line": 123, "column": 3 } },
      "123": { "start": { "line": 124, "column": 0 }, "end": { "line": 124, "column": 2 } },
      "125": { "start": { "line": 126, "column": 0 }, "end": { "line": 126, "column": 34 } },
      "126": { "start": { "line": 127, "column": 0 }, "end": { "line": 127, "column": 17 } },
      "127": { "start": { "line": 128, "column": 0 }, "end": { "line": 128, "column": 26 } },
      "128": { "start": { "line": 129, "column": 0 }, "end": { "line": 129, "column": 53 } },
      "129": { "start": { "line": 130, "column": 0 }, "end": { "line": 130, "column": 2 } },
      "130": { "start": { "line": 131, "column": 0 }, "end": { "line": 131, "column": 34 } },
      "131": { "start": { "line": 132, "column": 0 }, "end": { "line": 132, "column": 31 } },
      "132": { "start": { "line": 133, "column": 0 }, "end": { "line": 133, "column": 27 } },
      "133": { "start": { "line": 134, "column": 0 }, "end": { "line": 134, "column": 31 } },
      "134": { "start": { "line": 135, "column": 0 }, "end": { "line": 135, "column": 4 } },
      "135": { "start": { "line": 136, "column": 0 }, "end": { "line": 136, "column": 37 } },
      "136": { "start": { "line": 137, "column": 0 }, "end": { "line": 137, "column": 23 } },
      "137": { "start": { "line": 138, "column": 0 }, "end": { "line": 138, "column": 60 } },
      "138": { "start": { "line": 139, "column": 0 }, "end": { "line": 139, "column": 58 } },
      "139": { "start": { "line": 140, "column": 0 }, "end": { "line": 140, "column": 8 } },
      "140": { "start": { "line": 141, "column": 0 }, "end": { "line": 141, "column": 56 } },
      "141": { "start": { "line": 142, "column": 0 }, "end": { "line": 142, "column": 4 } },
      "142": { "start": { "line": 143, "column": 0 }, "end": { "line": 143, "column": 29 } },
      "143": { "start": { "line": 144, "column": 0 }, "end": { "line": 144, "column": 3 } },
      "144": { "start": { "line": 145, "column": 0 }, "end": { "line": 145, "column": 2 } },
      "145": { "start": { "line": 146, "column": 0 }, "end": { "line": 146, "column": 13 } },
      "146": { "start": { "line": 147, "column": 0 }, "end": { "line": 147, "column": 2 } },
      "148": { "start": { "line": 149, "column": 0 }, "end": { "line": 149, "column": 35 } },
      "149": { "start": { "line": 150, "column": 0 }, "end": { "line": 150, "column": 17 } },
      "150": { "start": { "line": 151, "column": 0 }, "end": { "line": 151, "column": 26 } },
      "151": { "start": { "line": 152, "column": 0 }, "end": { "line": 152, "column": 2 } },
      "152": { "start": { "line": 153, "column": 0 }, "end": { "line": 153, "column": 32 } },
      "153": { "start": { "line": 154, "column": 0 }, "end": { "line": 154, "column": 32 } },
      "154": { "start": { "line": 155, "column": 0 }, "end": { "line": 155, "column": 37 } },
      "155": { "start": { "line": 156, "column": 0 }, "end": { "line": 156, "column": 55 } },
      "156": { "start": { "line": 157, "column": 0 }, "end": { "line": 157, "column": 23 } },
      "157": { "start": { "line": 158, "column": 0 }, "end": { "line": 158, "column": 3 } },
      "158": { "start": { "line": 159, "column": 0 }, "end": { "line": 159, "column": 2 } },
      "159": { "start": { "line": 160, "column": 0 }, "end": { "line": 160, "column": 13 } },
      "160": { "start": { "line": 161, "column": 0 }, "end": { "line": 161, "column": 2 } },
      "162": { "start": { "line": 163, "column": 0 }, "end": { "line": 163, "column": 36 } },
      "163": { "start": { "line": 164, "column": 0 }, "end": { "line": 164, "column": 36 } },
      "164": { "start": { "line": 165, "column": 0 }, "end": { "line": 165, "column": 107 } },
      "165": { "start": { "line": 166, "column": 0 }, "end": { "line": 166, "column": 23 } },
      "166": { "start": { "line": 167, "column": 0 }, "end": { "line": 167, "column": 41 } },
      "167": { "start": { "line": 168, "column": 0 }, "end": { "line": 168, "column": 38 } },
      "168": { "start": { "line": 169, "column": 0 }, "end": { "line": 169, "column": 2 } },
      "169": { "start": { "line": 170, "column": 0 }, "end": { "line": 170, "column": 46 } },
      "170": { "start": { "line": 171, "column": 0 }, "end": { "line": 171, "column": 89 } },
      "171": { "start": { "line": 172, "column": 0 }, "end": { "line": 172, "column": 112 } },
      "172": { "start": { "line": 173, "column": 0 }, "end": { "line": 173, "column": 29 } },
      "173": { "start": { "line": 174, "column": 0 }, "end": { "line": 174, "column": 4 } },
      "174": { "start": { "line": 175, "column": 0 }, "end": { "line": 175, "column": 2 } },
      "176": { "start": { "line": 177, "column": 0 }, "end": { "line": 177, "column": 33 } },
      "177": { "start": { "line": 178, "column": 0 }, "end": { "line": 178, "column": 47 } },
      "178": { "start": { "line": 179, "column": 0 }, "end": { "line": 179, "column": 2 } },
      "179": { "start": { "line": 180, "column": 0 }, "end": { "line": 180, "column": 68 } },
      "180": { "start": { "line": 181, "column": 0 }, "end": { "line": 181, "column": 2 } },
      "181": { "start": { "line": 182, "column": 0 }, "end": { "line": 182, "column": 54 } },
      "182": { "start": { "line": 183, "column": 0 }, "end": { "line": 183, "column": 46 } },
      "183": { "start": { "line": 184, "column": 0 }, "end": { "line": 184, "column": 45 } },
      "184": { "start": { "line": 185, "column": 0 }, "end": { "line": 185, "column": 4 } },
      "185": { "start": { "line": 186, "column": 0 }, "end": { "line": 186, "column": 57 } },
      "186": { "start": { "line": 187, "column": 0 }, "end": { "line": 187, "column": 55 } },
      "187": { "start": { "line": 188, "column": 0 }, "end": { "line": 188, "column": 93 } },
      "188": { "start": { "line": 189, "column": 0 }, "end": { "line": 189, "column": 82 } },
      "189": { "start": { "line": 190, "column": 0 }, "end": { "line": 190, "column": 3 } },
      "190": { "start": { "line": 191, "column": 0 }, "end": { "line": 191, "column": 2 } },
      "191": { "start": { "line": 192, "column": 0 }, "end": { "line": 192, "column": 13 } },
      "192": { "start": { "line": 193, "column": 0 }, "end": { "line": 193, "column": 2 } },
      "194": { "start": { "line": 195, "column": 0 }, "end": { "line": 195, "column": 33 } },
      "195": { "start": { "line": 196, "column": 0 }, "end": { "line": 196, "column": 47 } },
      "196": { "start": { "line": 197, "column": 0 }, "end": { "line": 197, "column": 2 } },
      "197": { "start": { "line": 198, "column": 0 }, "end": { "line": 198, "column": 27 } },
      "198": { "start": { "line": 199, "column": 0 }, "end": { "line": 199, "column": 33 } },
      "199": { "start": { "line": 200, "column": 0 }, "end": { "line": 200, "column": 67 } },
      "200": { "start": { "line": 201, "column": 0 }, "end": { "line": 201, "column": 41 } },
      "201": { "start": { "line": 202, "column": 0 }, "end": { "line": 202, "column": 59 } },
      "202": { "start": { "line": 203, "column": 0 }, "end": { "line": 203, "column": 60 } },
      "203": { "start": { "line": 204, "column": 0 }, "end": { "line": 204, "column": 14 } },
      "204": { "start": { "line": 205, "column": 0 }, "end": { "line": 205, "column": 2 } },
      "205": { "start": { "line": 206, "column": 0 }, "end": { "line": 206, "column": 13 } },
      "206": { "start": { "line": 207, "column": 0 }, "end": { "line": 207, "column": 2 } },
      "208": { "start": { "line": 209, "column": 0 }, "end": { "line": 209, "column": 17 } },
      "209": { "start": { "line": 210, "column": 0 }, "end": { "line": 210, "column": 27 } },
      "210": { "start": { "line": 211, "column": 0 }, "end": { "line": 211, "column": 2 } }
    },
    "s": {
      "1": 1,
      "2": 1,
      "3": 1,
      "4": 1,
      "5": 1,
      "6": 1,
      "8": 1,
      "9": 1,
      "10": 1,
      "11": 1,
      "12": 1,
      "13": 1,
      "14": 1,
      "15": 1,
      "16": 1,
      "17": 1,
      "18": 1,
      "19": 1,
      "20": 1,
      "22": 1,
      "23": 1,
      "24": 1,
      "25": 1,
      "26": 1,
      "27": 1,
      "28": 1,
      "30": 1,
      "31": 1,
      "32": 1,
      "33": 1,
      "34": 1,
      "35": 1,
      "37": 1,
      "38": 1,
      "39": 1,
      "40": 1,
      "41": 1,
      "42": 1,
      "43": 1,
      "44": 1,
      "45": 1,
      "47": 1,
      "48": 1,
      "49": 1,
      "50": 1,
      "51": 1,
      "52": 1,
      "53": 1,
      "54": 1,
      "55": 1,
      "56": 1,
      "57": 1,
      "58": 1,
      "60": 1,
      "61": 1,
      "62": 1,
      "63": 1,
      "64": 1,
      "65": 1,
      "66": 1,
      "68": 1,
      "69": 1,
      "70": 1,
      "71": 1,
      "75": 1,
      "76": 1,
      "78": 1,
      "86": 1,
      "88": 1,
      "89": 1,
      "90": 1,
      "92": 1,
      "93": 1,
      "94": 19,
      "95": 3,
      "96": 3,
      "97": 19,
      "98": 16,
      "99": 16,
      "100": 16,
      "101": 16,
      "102": 19,
      "104": 1,
      "105": 19,
      "106": 3,
      "107": 3,
      "108": 3,
      "109": 3,
      "110": 19,
      "111": 16,
      "112": 16,
      "113": 16,
      "114": 16,
      "115": 19,
      "117": 1,
      "118": 39,
      "119": 3,
      "120": 39,
      "121": 36,
      "122": 36,
      "123": 39,
      "125": 1,
      "126": 3,
      "127": 3,
      "128": 3,
      "129": 3,
      "130": 3,
      "131": 3,
      "132": 18,
      "133": 18,
      "134": 18,
      "135": 18,
      "136": 18,
      "137": 36,
      "138": 36,
      "139": 18,
      "140": 18,
      "141": 18,
      "142": 18,
      "143": 18,
      "144": 18,
      "145": 18,
      "146": 18,
      "148": 1,
      "149": 36,
      "150": 36,
      "151": 36,
      "152": 36,
      "153": 252,
      "154": 252,
      "155": 252,
      "156": 252,
      "157": 252,
      "158": 36,
      "159": 36,
      "160": 36,
      "162": 1,
      "163": 39,
      "164": 39,
      "165": 39,
      "166": 39,
      "167": 39,
      "168": 39,
      "169": 39,
      "170": 270,
      "171": 270,
      "172": 270,
      "173": 39,
      "174": 39,
      "176": 1,
      "177": 39,
      "178": 39,
      "179": 39,
      "180": 39,
      "181": 39,
      "182": 231,
      "183": 231,
      "184": 231,
      "185": 231,
      "186": 231,
      "187": 231,
      "188": 231,
      "189": 231,
      "190": 39,
      "191": 39,
      "192": 39,
      "194": 1,
      "195": 39,
      "196": 39,
      "197": 39,
      "198": 39,
      "199": 39,
      "200": 39,
      "201": 39,
      "202": 39,
      "203": 39,
      "204": 39,
      "205": 39,
      "206": 39,
      "208": 1,
      "209": 16,
      "210": 16
    },
    "branchMap": {
      "0": {
        "type": "branch",
        "line": 94,
        "loc": { "start": { "line": 94, "column": 27 }, "end": { "line": 103, "column": 2 } },
        "locations": [
          { "start": { "line": 94, "column": 27 }, "end": { "line": 103, "column": 2 } }
        ]
      },
      "1": {
        "type": "branch",
        "line": 95,
        "loc": { "start": { "line": 95, "column": 34 }, "end": { "line": 98, "column": 3 } },
        "locations": [{ "start": { "line": 95, "column": 34 }, "end": { "line": 98, "column": 3 } }]
      },
      "2": {
        "type": "branch",
        "line": 98,
        "loc": { "start": { "line": 98, "column": 3 }, "end": { "line": 102, "column": 3 } },
        "locations": [{ "start": { "line": 98, "column": 3 }, "end": { "line": 102, "column": 3 } }]
      },
      "3": {
        "type": "branch",
        "line": 105,
        "loc": { "start": { "line": 105, "column": 28 }, "end": { "line": 116, "column": 2 } },
        "locations": [
          { "start": { "line": 105, "column": 28 }, "end": { "line": 116, "column": 2 } }
        ]
      },
      "4": {
        "type": "branch",
        "line": 106,
        "loc": { "start": { "line": 106, "column": 34 }, "end": { "line": 111, "column": 3 } },
        "locations": [
          { "start": { "line": 106, "column": 34 }, "end": { "line": 111, "column": 3 } }
        ]
      },
      "5": {
        "type": "branch",
        "line": 111,
        "loc": { "start": { "line": 111, "column": 3 }, "end": { "line": 115, "column": 3 } },
        "locations": [
          { "start": { "line": 111, "column": 3 }, "end": { "line": 115, "column": 3 } }
        ]
      },
      "6": {
        "type": "branch",
        "line": 114,
        "loc": { "start": { "line": 114, "column": 23 }, "end": { "line": 114, "column": 26 } },
        "locations": [
          { "start": { "line": 114, "column": 23 }, "end": { "line": 114, "column": 26 } }
        ]
      },
      "7": {
        "type": "branch",
        "line": 118,
        "loc": { "start": { "line": 118, "column": 27 }, "end": { "line": 124, "column": 2 } },
        "locations": [
          { "start": { "line": 118, "column": 27 }, "end": { "line": 124, "column": 2 } }
        ]
      },
      "8": {
        "type": "branch",
        "line": 119,
        "loc": { "start": { "line": 119, "column": 34 }, "end": { "line": 121, "column": 3 } },
        "locations": [
          { "start": { "line": 119, "column": 34 }, "end": { "line": 121, "column": 3 } }
        ]
      },
      "9": {
        "type": "branch",
        "line": 121,
        "loc": { "start": { "line": 121, "column": 3 }, "end": { "line": 123, "column": 3 } },
        "locations": [
          { "start": { "line": 121, "column": 3 }, "end": { "line": 123, "column": 3 } }
        ]
      },
      "10": {
        "type": "branch",
        "line": 126,
        "loc": { "start": { "line": 126, "column": 27 }, "end": { "line": 147, "column": 2 } },
        "locations": [
          { "start": { "line": 126, "column": 27 }, "end": { "line": 147, "column": 2 } }
        ]
      },
      "11": {
        "type": "branch",
        "line": 132,
        "loc": { "start": { "line": 132, "column": 30 }, "end": { "line": 147, "column": 2 } },
        "locations": [
          { "start": { "line": 132, "column": 30 }, "end": { "line": 147, "column": 2 } }
        ]
      },
      "12": {
        "type": "branch",
        "line": 137,
        "loc": { "start": { "line": 137, "column": 14 }, "end": { "line": 140, "column": 7 } },
        "locations": [
          { "start": { "line": 137, "column": 14 }, "end": { "line": 140, "column": 7 } }
        ]
      },
      "13": {
        "type": "branch",
        "line": 139,
        "loc": { "start": { "line": 139, "column": 37 }, "end": { "line": 139, "column": 58 } },
        "locations": [
          { "start": { "line": 139, "column": 37 }, "end": { "line": 139, "column": 58 } }
        ]
      },
      "14": {
        "type": "branch",
        "line": 141,
        "loc": { "start": { "line": 141, "column": 14 }, "end": { "line": 141, "column": 52 } },
        "locations": [
          { "start": { "line": 141, "column": 14 }, "end": { "line": 141, "column": 52 } }
        ]
      },
      "15": {
        "type": "branch",
        "line": 149,
        "loc": { "start": { "line": 149, "column": 28 }, "end": { "line": 161, "column": 2 } },
        "locations": [
          { "start": { "line": 149, "column": 28 }, "end": { "line": 161, "column": 2 } }
        ]
      },
      "16": {
        "type": "branch",
        "line": 153,
        "loc": { "start": { "line": 153, "column": 31 }, "end": { "line": 158, "column": 3 } },
        "locations": [
          { "start": { "line": 153, "column": 31 }, "end": { "line": 158, "column": 3 } }
        ]
      },
      "17": {
        "type": "branch",
        "line": 163,
        "loc": { "start": { "line": 163, "column": 29 }, "end": { "line": 175, "column": 2 } },
        "locations": [
          { "start": { "line": 163, "column": 29 }, "end": { "line": 175, "column": 2 } }
        ]
      },
      "18": {
        "type": "branch",
        "line": 165,
        "loc": { "start": { "line": 165, "column": 73 }, "end": { "line": 165, "column": 79 } },
        "locations": [
          { "start": { "line": 165, "column": 73 }, "end": { "line": 165, "column": 79 } }
        ]
      },
      "19": {
        "type": "branch",
        "line": 165,
        "loc": { "start": { "line": 165, "column": 80 }, "end": { "line": 165, "column": 86 } },
        "locations": [
          { "start": { "line": 165, "column": 80 }, "end": { "line": 165, "column": 86 } }
        ]
      },
      "20": {
        "type": "branch",
        "line": 170,
        "loc": { "start": { "line": 170, "column": 24 }, "end": { "line": 174, "column": 3 } },
        "locations": [
          { "start": { "line": 170, "column": 24 }, "end": { "line": 174, "column": 3 } }
        ]
      },
      "21": {
        "type": "branch",
        "line": 177,
        "loc": { "start": { "line": 177, "column": 26 }, "end": { "line": 193, "column": 2 } },
        "locations": [
          { "start": { "line": 177, "column": 26 }, "end": { "line": 193, "column": 2 } }
        ]
      },
      "22": {
        "type": "branch",
        "line": 178,
        "loc": { "start": { "line": 178, "column": 38 }, "end": { "line": 178, "column": 47 } },
        "locations": [
          { "start": { "line": 178, "column": 38 }, "end": { "line": 178, "column": 47 } }
        ]
      },
      "23": {
        "type": "branch",
        "line": 182,
        "loc": { "start": { "line": 182, "column": 53 }, "end": { "line": 190, "column": 3 } },
        "locations": [
          { "start": { "line": 182, "column": 53 }, "end": { "line": 190, "column": 3 } }
        ]
      },
      "24": {
        "type": "branch",
        "line": 195,
        "loc": { "start": { "line": 195, "column": 26 }, "end": { "line": 207, "column": 2 } },
        "locations": [
          { "start": { "line": 195, "column": 26 }, "end": { "line": 207, "column": 2 } }
        ]
      },
      "25": {
        "type": "branch",
        "line": 196,
        "loc": { "start": { "line": 196, "column": 38 }, "end": { "line": 196, "column": 47 } },
        "locations": [
          { "start": { "line": 196, "column": 38 }, "end": { "line": 196, "column": 47 } }
        ]
      },
      "26": {
        "type": "branch",
        "line": 209,
        "loc": { "start": { "line": 209, "column": 10 }, "end": { "line": 211, "column": 2 } },
        "locations": [
          { "start": { "line": 209, "column": 10 }, "end": { "line": 211, "column": 2 } }
        ]
      }
    },
    "b": {
      "0": [19],
      "1": [3],
      "2": [16],
      "3": [19],
      "4": [3],
      "5": [16],
      "6": [0],
      "7": [39],
      "8": [3],
      "9": [36],
      "10": [3],
      "11": [18],
      "12": [36],
      "13": [9],
      "14": [6],
      "15": [36],
      "16": [252],
      "17": [39],
      "18": [3],
      "19": [36],
      "20": [270],
      "21": [39],
      "22": [0],
      "23": [231],
      "24": [39],
      "25": [0],
      "26": [16]
    },
    "fnMap": {},
    "f": {}
  },
  "/Users/cronus/Dev/energy-track/fast-track/src/components/CaloriesTrendsChart.vue": {
    "path": "/Users/cronus/Dev/energy-track/fast-track/src/components/CaloriesTrendsChart.vue",
    "all": true,
    "statementMap": {
      "1": { "start": { "line": 2, "column": 0 }, "end": { "line": 2, "column": 37 } },
      "2": { "start": { "line": 3, "column": 0 }, "end": { "line": 3, "column": 45 } },
      "3": { "start": { "line": 4, "column": 0 }, "end": { "line": 4, "column": 38 } },
      "4": { "start": { "line": 5, "column": 0 }, "end": { "line": 5, "column": 55 } },
      "5": { "start": { "line": 6, "column": 0 }, "end": { "line": 6, "column": 19 } },
      "6": { "start": { "line": 7, "column": 0 }, "end": { "line": 7, "column": 32 } },
      "7": { "start": { "line": 8, "column": 0 }, "end": { "line": 8, "column": 15 } },
      "8": { "start": { "line": 9, "column": 0 }, "end": { "line": 9, "column": 15 } },
      "9": { "start": { "line": 10, "column": 0 }, "end": { "line": 10, "column": 18 } },
      "10": { "start": { "line": 11, "column": 0 }, "end": { "line": 11, "column": 30 } },
      "11": { "start": { "line": 12, "column": 0 }, "end": { "line": 12, "column": 22 } },
      "12": { "start": { "line": 13, "column": 0 }, "end": { "line": 13, "column": 27 } },
      "13": { "start": { "line": 14, "column": 0 }, "end": { "line": 14, "column": 32 } },
      "14": { "start": { "line": 15, "column": 0 }, "end": { "line": 15, "column": 31 } },
      "15": { "start": { "line": 16, "column": 0 }, "end": { "line": 16, "column": 45 } },
      "16": { "start": { "line": 17, "column": 0 }, "end": { "line": 17, "column": 8 } },
      "17": { "start": { "line": 18, "column": 0 }, "end": { "line": 18, "column": 10 } },
      "19": { "start": { "line": 20, "column": 0 }, "end": { "line": 20, "column": 28 } },
      "20": { "start": { "line": 21, "column": 0 }, "end": { "line": 21, "column": 67 } },
      "21": { "start": { "line": 22, "column": 0 }, "end": { "line": 22, "column": 50 } },
      "22": { "start": { "line": 23, "column": 0 }, "end": { "line": 23, "column": 54 } },
      "23": { "start": { "line": 24, "column": 0 }, "end": { "line": 24, "column": 79 } },
      "24": { "start": { "line": 25, "column": 0 }, "end": { "line": 25, "column": 12 } },
      "26": { "start": { "line": 27, "column": 0 }, "end": { "line": 27, "column": 54 } },
      "27": { "start": { "line": 28, "column": 0 }, "end": { "line": 28, "column": 61 } },
      "28": { "start": { "line": 29, "column": 0 }, "end": { "line": 29, "column": 91 } },
      "29": { "start": { "line": 30, "column": 0 }, "end": { "line": 30, "column": 85 } },
      "30": { "start": { "line": 31, "column": 0 }, "end": { "line": 31, "column": 12 } },
      "32": { "start": { "line": 33, "column": 0 }, "end": { "line": 33, "column": 40 } },
      "33": { "start": { "line": 34, "column": 0 }, "end": { "line": 34, "column": 13 } },
      "34": { "start": { "line": 35, "column": 0 }, "end": { "line": 35, "column": 27 } },
      "35": { "start": { "line": 36, "column": 0 }, "end": { "line": 36, "column": 33 } },
      "36": { "start": { "line": 37, "column": 0 }, "end": { "line": 37, "column": 31 } },
      "37": { "start": { "line": 38, "column": 0 }, "end": { "line": 38, "column": 10 } },
      "38": { "start": { "line": 39, "column": 0 }, "end": { "line": 39, "column": 12 } },
      "39": { "start": { "line": 40, "column": 0 }, "end": { "line": 40, "column": 10 } },
      "41": { "start": { "line": 42, "column": 0 }, "end": { "line": 42, "column": 26 } },
      "42": { "start": { "line": 43, "column": 0 }, "end": { "line": 43, "column": 66 } },
      "43": { "start": { "line": 44, "column": 0 }, "end": { "line": 44, "column": 35 } },
      "44": { "start": { "line": 45, "column": 0 }, "end": { "line": 45, "column": 25 } },
      "45": { "start": { "line": 46, "column": 0 }, "end": { "line": 46, "column": 50 } },
      "46": { "start": { "line": 47, "column": 0 }, "end": { "line": 47, "column": 48 } },
      "47": { "start": { "line": 48, "column": 0 }, "end": { "line": 48, "column": 75 } },
      "48": { "start": { "line": 49, "column": 0 }, "end": { "line": 49, "column": 67 } },
      "49": { "start": { "line": 50, "column": 0 }, "end": { "line": 50, "column": 29 } },
      "50": { "start": { "line": 51, "column": 0 }, "end": { "line": 51, "column": 19 } },
      "51": { "start": { "line": 52, "column": 0 }, "end": { "line": 52, "column": 14 } },
      "53": { "start": { "line": 54, "column": 0 }, "end": { "line": 54, "column": 25 } },
      "54": { "start": { "line": 55, "column": 0 }, "end": { "line": 55, "column": 50 } },
      "55": { "start": { "line": 56, "column": 0 }, "end": { "line": 56, "column": 48 } },
      "56": { "start": { "line": 57, "column": 0 }, "end": { "line": 57, "column": 72 } },
      "57": { "start": { "line": 58, "column": 0 }, "end": { "line": 58, "column": 65 } },
      "58": { "start": { "line": 59, "column": 0 }, "end": { "line": 59, "column": 29 } },
      "59": { "start": { "line": 60, "column": 0 }, "end": { "line": 60, "column": 19 } },
      "60": { "start": { "line": 61, "column": 0 }, "end": { "line": 61, "column": 14 } },
      "62": { "start": { "line": 63, "column": 0 }, "end": { "line": 63, "column": 25 } },
      "63": { "start": { "line": 64, "column": 0 }, "end": { "line": 64, "column": 50 } },
      "64": { "start": { "line": 65, "column": 0 }, "end": { "line": 65, "column": 48 } },
      "65": { "start": { "line": 66, "column": 0 }, "end": { "line": 66, "column": 70 } },
      "66": { "start": { "line": 67, "column": 0 }, "end": { "line": 67, "column": 64 } },
      "67": { "start": { "line": 68, "column": 0 }, "end": { "line": 68, "column": 29 } },
      "68": { "start": { "line": 69, "column": 0 }, "end": { "line": 69, "column": 19 } },
      "69": { "start": { "line": 70, "column": 0 }, "end": { "line": 70, "column": 14 } },
      "70": { "start": { "line": 71, "column": 0 }, "end": { "line": 71, "column": 12 } },
      "71": { "start": { "line": 72, "column": 0 }, "end": { "line": 72, "column": 10 } },
      "72": { "start": { "line": 73, "column": 0 }, "end": { "line": 73, "column": 8 } },
      "76": { "start": { "line": 77, "column": 0 }, "end": { "line": 77, "column": 53 } },
      "77": { "start": { "line": 78, "column": 0 }, "end": { "line": 78, "column": 34 } },
      "78": { "start": { "line": 79, "column": 0 }, "end": { "line": 79, "column": 8 } },
      "89": { "start": { "line": 90, "column": 0 }, "end": { "line": 90, "column": 56 } },
      "90": { "start": { "line": 91, "column": 0 }, "end": { "line": 91, "column": 50 } },
      "92": { "start": { "line": 93, "column": 0 }, "end": { "line": 93, "column": 31 } },
      "93": { "start": { "line": 94, "column": 0 }, "end": { "line": 94, "column": 17 } },
      "94": { "start": { "line": 95, "column": 0 }, "end": { "line": 95, "column": 16 } },
      "95": { "start": { "line": 96, "column": 0 }, "end": { "line": 96, "column": 14 } },
      "96": { "start": { "line": 97, "column": 0 }, "end": { "line": 97, "column": 15 } },
      "97": { "start": { "line": 98, "column": 0 }, "end": { "line": 98, "column": 14 } },
      "98": { "start": { "line": 99, "column": 0 }, "end": { "line": 99, "column": 8 } },
      "99": { "start": { "line": 100, "column": 0 }, "end": { "line": 100, "column": 10 } },
      "100": { "start": { "line": 101, "column": 0 }, "end": { "line": 101, "column": 9 } },
      "101": { "start": { "line": 102, "column": 0 }, "end": { "line": 102, "column": 8 } },
      "102": { "start": { "line": 103, "column": 0 }, "end": { "line": 103, "column": 1 } },
      "104": { "start": { "line": 105, "column": 0 }, "end": { "line": 105, "column": 8 } },
      "105": { "start": { "line": 106, "column": 0 }, "end": { "line": 106, "column": 27 } },
      "116": { "start": { "line": 117, "column": 0 }, "end": { "line": 117, "column": 9 } },
      "117": { "start": { "line": 118, "column": 0 }, "end": { "line": 118, "column": 40 } },
      "118": { "start": { "line": 119, "column": 0 }, "end": { "line": 119, "column": 34 } },
      "120": { "start": { "line": 121, "column": 0 }, "end": { "line": 121, "column": 16 } },
      "121": { "start": { "line": 122, "column": 0 }, "end": { "line": 122, "column": 34 } },
      "122": { "start": { "line": 123, "column": 0 }, "end": { "line": 123, "column": 28 } },
      "124": { "start": { "line": 125, "column": 0 }, "end": { "line": 125, "column": 23 } },
      "125": { "start": { "line": 126, "column": 0 }, "end": { "line": 126, "column": 33 } },
      "126": { "start": { "line": 127, "column": 0 }, "end": { "line": 127, "column": 34 } },
      "127": { "start": { "line": 128, "column": 0 }, "end": { "line": 128, "column": 37 } },
[...]
        "locations": [{ "start": { "line": 19, "column": 18 }, "end": { "line": 27, "column": 5 } }]
      },
      "5": {
        "type": "branch",
        "line": 20,
        "loc": { "start": { "line": 20, "column": 13 }, "end": { "line": 26, "column": 7 } },
        "locations": [{ "start": { "line": 20, "column": 13 }, "end": { "line": 26, "column": 7 } }]
      },
      "6": {
        "type": "branch",
        "line": 25,
        "loc": { "start": { "line": 25, "column": 21 }, "end": { "line": 25, "column": 35 } },
        "locations": [
          { "start": { "line": 25, "column": 21 }, "end": { "line": 25, "column": 35 } }
        ]
      },
      "7": {
        "type": "branch",
        "line": 25,
        "loc": { "start": { "line": 25, "column": 36 }, "end": { "line": 25, "column": 42 } },
        "locations": [
          { "start": { "line": 25, "column": 36 }, "end": { "line": 25, "column": 42 } }
        ]
      },
      "8": {
        "type": "branch",
        "line": 22,
        "loc": { "start": { "line": 22, "column": 41 }, "end": { "line": 23, "column": 60 } },
        "locations": [
          { "start": { "line": 22, "column": 41 }, "end": { "line": 23, "column": 60 } }
        ]
      },
      "9": {
        "type": "branch",
        "line": 30,
        "loc": { "start": { "line": 30, "column": 22 }, "end": { "line": 58, "column": 5 } },
        "locations": [{ "start": { "line": 30, "column": 22 }, "end": { "line": 58, "column": 5 } }]
      },
      "10": {
        "type": "branch",
        "line": 31,
        "loc": { "start": { "line": 31, "column": 13 }, "end": { "line": 57, "column": 7 } },
        "locations": [{ "start": { "line": 31, "column": 13 }, "end": { "line": 57, "column": 7 } }]
      },
      "11": {
        "type": "branch",
        "line": 35,
        "loc": { "start": { "line": 35, "column": 45 }, "end": { "line": 57, "column": 6 } },
        "locations": [{ "start": { "line": 35, "column": 45 }, "end": { "line": 57, "column": 6 } }]
      },
      "12": {
        "type": "branch",
        "line": 46,
        "loc": { "start": { "line": 46, "column": 48 }, "end": { "line": 46, "column": 71 } },
        "locations": [
          { "start": { "line": 46, "column": 48 }, "end": { "line": 46, "column": 71 } }
        ]
      },
      "13": {
        "type": "branch",
        "line": 46,
        "loc": { "start": { "line": 46, "column": 72 }, "end": { "line": 46, "column": 78 } },
        "locations": [
          { "start": { "line": 46, "column": 72 }, "end": { "line": 46, "column": 78 } }
        ]
      },
      "14": {
        "type": "branch",
        "line": 40,
        "loc": { "start": { "line": 40, "column": 51 }, "end": { "line": 43, "column": 11 } },
        "locations": [
          { "start": { "line": 40, "column": 51 }, "end": { "line": 43, "column": 11 } }
        ]
      },
      "15": {
        "type": "branch",
        "line": 42,
        "loc": { "start": { "line": 42, "column": 42 }, "end": { "line": 42, "column": 65 } },
        "locations": [
          { "start": { "line": 42, "column": 42 }, "end": { "line": 42, "column": 65 } }
        ]
      },
      "16": {
        "type": "branch",
        "line": 43,
        "loc": { "start": { "line": 43, "column": 18 }, "end": { "line": 43, "column": 63 } },
        "locations": [
          { "start": { "line": 43, "column": 18 }, "end": { "line": 43, "column": 63 } }
        ]
      },
      "17": {
        "type": "branch",
        "line": 56,
        "loc": { "start": { "line": 56, "column": 27 }, "end": { "line": 56, "column": 55 } },
        "locations": [
          { "start": { "line": 56, "column": 27 }, "end": { "line": 56, "column": 55 } }
        ]
      },
      "18": {
        "type": "branch",
        "line": 91,
        "loc": { "start": { "line": 91, "column": 21 }, "end": { "line": 115, "column": 5 } },
        "locations": [
          { "start": { "line": 91, "column": 21 }, "end": { "line": 115, "column": 5 } }
        ]
      },
      "19": {
        "type": "branch",
        "line": 92,
        "loc": { "start": { "line": 92, "column": 13 }, "end": { "line": 114, "column": 7 } },
        "locations": [
          { "start": { "line": 92, "column": 13 }, "end": { "line": 114, "column": 7 } }
        ]
      },
      "20": {
        "type": "branch",
        "line": 96,
        "loc": { "start": { "line": 96, "column": 44 }, "end": { "line": 114, "column": 6 } },
        "locations": [
          { "start": { "line": 96, "column": 44 }, "end": { "line": 114, "column": 6 } }
        ]
      },
      "21": {
        "type": "branch",
        "line": 104,
        "loc": { "start": { "line": 104, "column": 21 }, "end": { "line": 110, "column": 11 } },
        "locations": [
          { "start": { "line": 104, "column": 21 }, "end": { "line": 110, "column": 11 } }
        ]
      },
      "22": {
        "type": "branch",
        "line": 100,
        "loc": { "start": { "line": 100, "column": 43 }, "end": { "line": 101, "column": 62 } },
        "locations": [
          { "start": { "line": 100, "column": 43 }, "end": { "line": 101, "column": 62 } }
        ]
      },
      "23": {
        "type": "branch",
        "line": 118,
        "loc": { "start": { "line": 118, "column": 17 }, "end": { "line": 129, "column": 5 } },
        "locations": [
          { "start": { "line": 118, "column": 17 }, "end": { "line": 129, "column": 5 } }
        ]
      },
      "24": {
        "type": "branch",
        "line": 119,
        "loc": { "start": { "line": 119, "column": 36 }, "end": { "line": 119, "column": 77 } },
        "locations": [
          { "start": { "line": 119, "column": 36 }, "end": { "line": 119, "column": 77 } }
        ]
      },
      "25": {
        "type": "branch",
        "line": 126,
        "loc": { "start": { "line": 126, "column": 35 }, "end": { "line": 126, "column": 41 } },
        "locations": [
          { "start": { "line": 126, "column": 35 }, "end": { "line": 126, "column": 41 } }
        ]
      },
      "26": {
        "type": "branch",
        "line": 126,
        "loc": { "start": { "line": 126, "column": 64 }, "end": { "line": 126, "column": 74 } },
        "locations": [
          { "start": { "line": 126, "column": 64 }, "end": { "line": 126, "column": 74 } }
        ]
      },
      "27": {
        "type": "branch",
        "line": 121,
        "loc": { "start": { "line": 121, "column": 45 }, "end": { "line": 121, "column": 90 } },
        "locations": [
          { "start": { "line": 121, "column": 45 }, "end": { "line": 121, "column": 90 } }
        ]
      },
      "28": {
        "type": "branch",
        "line": 176,
        "loc": { "start": { "line": 176, "column": 4 }, "end": { "line": 187, "column": 5 } },
        "locations": [
          { "start": { "line": 176, "column": 4 }, "end": { "line": 187, "column": 5 } }
        ]
      },
      "29": {
        "type": "branch",
        "line": 179,
        "loc": { "start": { "line": 179, "column": 55 }, "end": { "line": 184, "column": 7 } },
        "locations": [
          { "start": { "line": 179, "column": 55 }, "end": { "line": 184, "column": 7 } }
        ]
      },
      "30": {
        "type": "branch",
        "line": 189,
        "loc": { "start": { "line": 189, "column": 4 }, "end": { "line": 211, "column": 5 } },
        "locations": [
          { "start": { "line": 189, "column": 4 }, "end": { "line": 211, "column": 5 } }
        ]
      },
      "31": {
        "type": "branch",
        "line": 191,
        "loc": { "start": { "line": 191, "column": 29 }, "end": { "line": 191, "column": 59 } },
        "locations": [
          { "start": { "line": 191, "column": 29 }, "end": { "line": 191, "column": 59 } }
        ]
      },
      "32": {
        "type": "branch",
        "line": 191,
        "loc": { "start": { "line": 191, "column": 60 }, "end": { "line": 191, "column": 86 } },
        "locations": [
          { "start": { "line": 191, "column": 60 }, "end": { "line": 191, "column": 86 } }
        ]
      },
      "33": {
        "type": "branch",
        "line": 200,
        "loc": { "start": { "line": 200, "column": 84 }, "end": { "line": 206, "column": 8 } },
        "locations": [
          { "start": { "line": 200, "column": 84 }, "end": { "line": 206, "column": 8 } }
        ]
      },
      "34": {
        "type": "branch",
        "line": 206,
        "loc": { "start": { "line": 206, "column": 8 }, "end": { "line": 210, "column": 7 } },
        "locations": [
          { "start": { "line": 206, "column": 8 }, "end": { "line": 210, "column": 7 } }
        ]
      },
      "35": {
        "type": "branch",
        "line": 213,
        "loc": { "start": { "line": 213, "column": 4 }, "end": { "line": 246, "column": 5 } },
        "locations": [
          { "start": { "line": 213, "column": 4 }, "end": { "line": 246, "column": 5 } }
        ]
      },
      "36": {
        "type": "branch",
        "line": 217,
        "loc": { "start": { "line": 217, "column": 31 }, "end": { "line": 219, "column": 9 } },
        "locations": [
          { "start": { "line": 217, "column": 31 }, "end": { "line": 219, "column": 9 } }
        ]
      },
      "37": {
        "type": "branch",
        "line": 219,
        "loc": { "start": { "line": 219, "column": 8 }, "end": { "line": 226, "column": 29 } },
        "locations": [
          { "start": { "line": 219, "column": 8 }, "end": { "line": 226, "column": 29 } }
        ]
      },
      "38": {
        "type": "branch",
        "line": 226,
        "loc": { "start": { "line": 226, "column": 29 }, "end": { "line": 228, "column": 9 } },
        "locations": [
          { "start": { "line": 226, "column": 29 }, "end": { "line": 228, "column": 9 } }
        ]
      },
      "39": {
        "type": "branch",
        "line": 228,
        "loc": { "start": { "line": 228, "column": 8 }, "end": { "line": 230, "column": 79 } },
        "locations": [
          { "start": { "line": 228, "column": 8 }, "end": { "line": 230, "column": 79 } }
        ]
      },
      "40": {
        "type": "branch",
        "line": 230,
        "loc": { "start": { "line": 230, "column": 78 }, "end": { "line": 241, "column": 8 } },
        "locations": [
          { "start": { "line": 230, "column": 78 }, "end": { "line": 241, "column": 8 } }
        ]
      },
      "41": {
        "type": "branch",
        "line": 241,
        "loc": { "start": { "line": 241, "column": 8 }, "end": { "line": 245, "column": 7 } },
        "locations": [
          { "start": { "line": 241, "column": 8 }, "end": { "line": 245, "column": 7 } }
        ]
      },
      "42": {
        "type": "branch",
        "line": 216,
        "loc": { "start": { "line": 216, "column": 50 }, "end": { "line": 216, "column": 74 } },
        "locations": [
          { "start": { "line": 216, "column": 50 }, "end": { "line": 216, "column": 74 } }
        ]
      },
      "43": {
        "type": "branch",
        "line": 248,
        "loc": { "start": { "line": 248, "column": 4 }, "end": { "line": 264, "column": 5 } },
        "locations": [
          { "start": { "line": 248, "column": 4 }, "end": { "line": 264, "column": 5 } }
        ]
      },
      "44": {
        "type": "branch",
        "line": 252,
        "loc": { "start": { "line": 252, "column": 31 }, "end": { "line": 254, "column": 9 } },
        "locations": [
          { "start": { "line": 252, "column": 31 }, "end": { "line": 254, "column": 9 } }
        ]
      },
      "45": {
        "type": "branch",
        "line": 254,
        "loc": { "start": { "line": 254, "column": 8 }, "end": { "line": 256, "column": 67 } },
        "locations": [
          { "start": { "line": 254, "column": 8 }, "end": { "line": 256, "column": 67 } }
        ]
      },
      "46": {
        "type": "branch",
        "line": 256,
        "loc": { "start": { "line": 256, "column": 66 }, "end": { "line": 259, "column": 8 } },
        "locations": [
          { "start": { "line": 256, "column": 66 }, "end": { "line": 259, "column": 8 } }
        ]
      },
      "47": {
        "type": "branch",
        "line": 259,
        "loc": { "start": { "line": 259, "column": 8 }, "end": { "line": 263, "column": 7 } },
        "locations": [
          { "start": { "line": 259, "column": 8 }, "end": { "line": 263, "column": 7 } }
        ]
      },
      "48": {
        "type": "branch",
        "line": 251,
        "loc": { "start": { "line": 251, "column": 50 }, "end": { "line": 251, "column": 74 } },
        "locations": [
          { "start": { "line": 251, "column": 50 }, "end": { "line": 251, "column": 74 } }
        ]
      },
      "49": {
        "type": "branch",
        "line": 258,
        "loc": { "start": { "line": 258, "column": 43 }, "end": { "line": 258, "column": 67 } },
        "locations": [
          { "start": { "line": 258, "column": 43 }, "end": { "line": 258, "column": 67 } }
        ]
      },
      "50": {
        "type": "branch",
        "line": 266,
        "loc": { "start": { "line": 266, "column": 4 }, "end": { "line": 268, "column": 5 } },
        "locations": [
          { "start": { "line": 266, "column": 4 }, "end": { "line": 268, "column": 5 } }
        ]
      },
      "51": {
        "type": "branch",
        "line": 270,
        "loc": { "start": { "line": 270, "column": 4 }, "end": { "line": 283, "column": 5 } },
        "locations": [
          { "start": { "line": 270, "column": 4 }, "end": { "line": 283, "column": 5 } }
        ]
      },
      "52": {
        "type": "branch",
        "line": 271,
        "loc": { "start": { "line": 271, "column": 28 }, "end": { "line": 282, "column": 7 } },
        "locations": [
          { "start": { "line": 271, "column": 28 }, "end": { "line": 282, "column": 7 } }
        ]
      },
      "53": {
        "type": "branch",
        "line": 274,
        "loc": { "start": { "line": 274, "column": 16 }, "end": { "line": 274, "column": 61 } },
        "locations": [
          { "start": { "line": 274, "column": 16 }, "end": { "line": 274, "column": 61 } }
        ]
      },
      "54": {
        "type": "branch",
        "line": 275,
        "loc": { "start": { "line": 275, "column": 15 }, "end": { "line": 278, "column": 11 } },
        "locations": [
          { "start": { "line": 275, "column": 15 }, "end": { "line": 278, "column": 11 } }
        ]
      },
      "55": {
        "type": "branch",
        "line": 281,
        "loc": { "start": { "line": 281, "column": 48 }, "end": { "line": 281, "column": 93 } },
        "locations": [
          { "start": { "line": 281, "column": 48 }, "end": { "line": 281, "column": 93 } }
        ]
      }
    },
    "b": {
      "0": [20],
      "1": [2],
      "2": [1],
      "3": [2],
      "4": [1],
      "5": [3],
      "6": [2],
      "7": [1],
      "8": [6],
      "9": [1],
      "10": [1],
      "11": [4],
      "12": [2],
      "13": [2],
      "14": [12],
      "15": [11],
      "16": [1],
      "17": [4],
      "18": [1],
      "19": [1],
      "20": [30],
      "21": [3],
      "22": [87],
      "23": [1],
      "24": [0],
      "25": [0],
      "26": [0],
      "27": [2],
      "28": [2],
      "29": [1],
      "30": [3],
      "31": [1],
      "32": [2],
      "33": [2],
      "34": [1],
      "35": [3],
      "36": [1],
      "37": [2],
      "38": [0],
      "39": [2],
      "40": [1],
      "41": [2],
      "42": [3],
      "43": [3],
      "44": [1],
      "45": [2],
      "46": [1],
      "47": [2],
      "48": [4],
      "49": [2],
      "50": [1],
      "51": [2],
      "52": [1],
      "53": [1],
      "54": [2],
      "55": [1]
    },
    "fnMap": {
      "0": {
        "name": "state",
        "decl": { "start": { "line": 6, "column": 9 }, "end": { "line": 10, "column": 4 } },
        "loc": { "start": { "line": 6, "column": 9 }, "end": { "line": 10, "column": 4 } },
        "line": 6
      },
      "1": {
        "name": "latestWeight",
        "decl": { "start": { "line": 13, "column": 18 }, "end": { "line": 17, "column": 5 } },
        "loc": { "start": { "line": 13, "column": 18 }, "end": { "line": 17, "column": 5 } },
        "line": 13
      },
      "2": {
        "name": "weightByDate",
        "decl": { "start": { "line": 19, "column": 18 }, "end": { "line": 27, "column": 5 } },
        "loc": { "start": { "line": 19, "column": 18 }, "end": { "line": 27, "column": 5 } },
        "line": 19
      },
      "3": {
        "name": "weeklyWeightData",
        "decl": { "start": { "line": 30, "column": 22 }, "end": { "line": 58, "column": 5 } },
        "loc": { "start": { "line": 30, "column": 22 }, "end": { "line": 58, "column": 5 } },
        "line": 30
      },
      "4": {
        "name": "monthlyWeightData",
        "decl": { "start": { "line": 60, "column": 23 }, "end": { "line": 89, "column": 5 } },
        "loc": { "start": { "line": 60, "column": 23 }, "end": { "line": 89, "column": 5 } },
        "line": 60
      },
      "5": {
        "name": "dailyWeightData",
        "decl": { "start": { "line": 91, "column": 21 }, "end": { "line": 115, "column": 5 } },
        "loc": { "start": { "line": 91, "column": 21 }, "end": { "line": 115, "column": 5 } },
        "line": 91
      },
      "6": {
        "name": "weightTrend",
        "decl": { "start": { "line": 118, "column": 17 }, "end": { "line": 129, "column": 5 } },
        "loc": { "start": { "line": 118, "column": 17 }, "end": { "line": 129, "column": 5 } },
        "line": 118
      },
      "7": {
        "name": "weightChange",
        "decl": { "start": { "line": 131, "column": 18 }, "end": { "line": 154, "column": 5 } },
        "loc": { "start": { "line": 131, "column": 18 }, "end": { "line": 154, "column": 5 } },
        "line": 131
      },
      "8": {
        "name": "averageWeight",
        "decl": { "start": { "line": 156, "column": 19 }, "end": { "line": 172, "column": 5 } },
        "loc": { "start": { "line": 156, "column": 19 }, "end": { "line": 172, "column": 5 } },
        "line": 156
      },
      "9": {
        "name": "loadWeightEntries",
        "decl": { "start": { "line": 176, "column": 4 }, "end": { "line": 187, "column": 5 } },
        "loc": { "start": { "line": 176, "column": 4 }, "end": { "line": 187, "column": 5 } },
        "line": 176
      },
      "10": {
        "name": "addWeightEntry",
        "decl": { "start": { "line": 189, "column": 4 }, "end": { "line": 211, "column": 5 } },
        "loc": { "start": { "line": 189, "column": 4 }, "end": { "line": 211, "column": 5 } },
        "line": 189
      },
      "11": {
        "name": "updateWeightEntry",
        "decl": { "start": { "line": 213, "column": 4 }, "end": { "line": 246, "column": 5 } },
        "loc": { "start": { "line": 213, "column": 4 }, "end": { "line": 246, "column": 5 } },
        "line": 213
      },
      "12": {
        "name": "deleteWeightEntry",
        "decl": { "start": { "line": 248, "column": 4 }, "end": { "line": 264, "column": 5 } },
        "loc": { "start": { "line": 248, "column": 4 }, "end": { "line": 264, "column": 5 } },
        "line": 248
      },
      "13": {
        "name": "clearError",
        "decl": { "start": { "line": 266, "column": 4 }, "end": { "line": 268, "column": 5 } },
        "loc": { "start": { "line": 266, "column": 4 }, "end": { "line": 268, "column": 5 } },
        "line": 266
      },
      "14": {
        "name": "exportData",
        "decl": { "start": { "line": 270, "column": 4 }, "end": { "line": 283, "column": 5 } },
        "loc": { "start": { "line": 270, "column": 4 }, "end": { "line": 283, "column": 5 } },
        "line": 270
      }
    },
    "f": {
      "0": 20,
      "1": 2,
      "2": 1,
      "3": 1,
      "4": 0,
      "5": 1,
      "6": 1,
      "7": 0,
      "8": 0,
      "9": 2,
      "10": 3,
      "11": 3,
      "12": 3,
      "13": 1,
      "14": 2
    }
  }
}
